[2022-02-04 15:50:54,533] {processor.py:163} INFO - Started process (PID=121) to work on /home/airflow/.local/lib/python3.6/site-packages/airflow/example_dags/example_external_task_marker_dag.py
[2022-02-04 15:50:54,534] {processor.py:642} INFO - Processing file /home/airflow/.local/lib/python3.6/site-packages/airflow/example_dags/example_external_task_marker_dag.py for tasks to queue
[2022-02-04 15:50:54,535] {logging_mixin.py:109} INFO - [2022-02-04 15:50:54,535] {dagbag.py:500} INFO - Filling up the DagBag from /home/airflow/.local/lib/python3.6/site-packages/airflow/example_dags/example_external_task_marker_dag.py
[2022-02-04 15:50:54,568] {processor.py:654} INFO - DAG(s) dict_keys(['example_external_task_marker_parent', 'example_external_task_marker_child']) retrieved from /home/airflow/.local/lib/python3.6/site-packages/airflow/example_dags/example_external_task_marker_dag.py
[2022-02-04 15:50:56,953] {logging_mixin.py:109} INFO - [2022-02-04 15:50:56,953] {manager.py:496} INFO - Created Permission View: can edit on DAG:example_external_task_marker_parent
[2022-02-04 15:50:56,963] {logging_mixin.py:109} INFO - [2022-02-04 15:50:56,962] {manager.py:496} INFO - Created Permission View: can read on DAG:example_external_task_marker_parent
[2022-02-04 15:50:56,982] {logging_mixin.py:109} INFO - [2022-02-04 15:50:56,982] {manager.py:496} INFO - Created Permission View: can edit on DAG:example_external_task_marker_child
[2022-02-04 15:50:56,990] {logging_mixin.py:109} INFO - [2022-02-04 15:50:56,990] {manager.py:496} INFO - Created Permission View: can read on DAG:example_external_task_marker_child
[2022-02-04 15:50:56,992] {logging_mixin.py:109} INFO - [2022-02-04 15:50:56,991] {dag.py:2396} INFO - Sync 2 DAGs
[2022-02-04 15:50:57,006] {logging_mixin.py:109} INFO - [2022-02-04 15:50:57,004] {dag.py:2415} INFO - Creating ORM DAG for example_external_task_marker_child
[2022-02-04 15:50:57,007] {logging_mixin.py:109} INFO - [2022-02-04 15:50:57,007] {dag.py:2415} INFO - Creating ORM DAG for example_external_task_marker_parent
[2022-02-04 15:50:57,016] {logging_mixin.py:109} INFO - [2022-02-04 15:50:57,016] {dag.py:2935} INFO - Setting next_dagrun for example_external_task_marker_child to None
[2022-02-04 15:50:57,016] {logging_mixin.py:109} INFO - [2022-02-04 15:50:57,016] {dag.py:2935} INFO - Setting next_dagrun for example_external_task_marker_parent to None
[2022-02-04 15:50:57,027] {processor.py:171} INFO - Processing /home/airflow/.local/lib/python3.6/site-packages/airflow/example_dags/example_external_task_marker_dag.py took 2.498 seconds
[2022-02-04 15:51:27,063] {processor.py:163} INFO - Started process (PID=471) to work on /home/airflow/.local/lib/python3.6/site-packages/airflow/example_dags/example_external_task_marker_dag.py
[2022-02-04 15:51:27,067] {processor.py:642} INFO - Processing file /home/airflow/.local/lib/python3.6/site-packages/airflow/example_dags/example_external_task_marker_dag.py for tasks to queue
[2022-02-04 15:51:27,067] {logging_mixin.py:109} INFO - [2022-02-04 15:51:27,067] {dagbag.py:500} INFO - Filling up the DagBag from /home/airflow/.local/lib/python3.6/site-packages/airflow/example_dags/example_external_task_marker_dag.py
[2022-02-04 15:51:27,087] {processor.py:654} INFO - DAG(s) dict_keys(['example_external_task_marker_parent', 'example_external_task_marker_child']) retrieved from /home/airflow/.local/lib/python3.6/site-packages/airflow/example_dags/example_external_task_marker_dag.py
[2022-02-04 15:51:27,097] {logging_mixin.py:109} INFO - [2022-02-04 15:51:27,097] {dag.py:2396} INFO - Sync 2 DAGs
[2022-02-04 15:51:27,109] {logging_mixin.py:109} INFO - [2022-02-04 15:51:27,109] {dag.py:2935} INFO - Setting next_dagrun for example_external_task_marker_child to None
[2022-02-04 15:51:27,109] {logging_mixin.py:109} INFO - [2022-02-04 15:51:27,109] {dag.py:2935} INFO - Setting next_dagrun for example_external_task_marker_parent to None
[2022-02-04 15:51:27,115] {processor.py:171} INFO - Processing /home/airflow/.local/lib/python3.6/site-packages/airflow/example_dags/example_external_task_marker_dag.py took 0.055 seconds
[2022-02-04 15:51:57,330] {processor.py:163} INFO - Started process (PID=523) to work on /home/airflow/.local/lib/python3.6/site-packages/airflow/example_dags/example_external_task_marker_dag.py
[2022-02-04 15:51:57,331] {processor.py:642} INFO - Processing file /home/airflow/.local/lib/python3.6/site-packages/airflow/example_dags/example_external_task_marker_dag.py for tasks to queue
[2022-02-04 15:51:57,331] {logging_mixin.py:109} INFO - [2022-02-04 15:51:57,331] {dagbag.py:500} INFO - Filling up the DagBag from /home/airflow/.local/lib/python3.6/site-packages/airflow/example_dags/example_external_task_marker_dag.py
[2022-02-04 15:51:57,355] {processor.py:654} INFO - DAG(s) dict_keys(['example_external_task_marker_parent', 'example_external_task_marker_child']) retrieved from /home/airflow/.local/lib/python3.6/site-packages/airflow/example_dags/example_external_task_marker_dag.py
[2022-02-04 15:51:57,366] {logging_mixin.py:109} INFO - [2022-02-04 15:51:57,366] {dag.py:2396} INFO - Sync 2 DAGs
[2022-02-04 15:51:57,380] {logging_mixin.py:109} INFO - [2022-02-04 15:51:57,380] {dag.py:2935} INFO - Setting next_dagrun for example_external_task_marker_child to None
[2022-02-04 15:51:57,380] {logging_mixin.py:109} INFO - [2022-02-04 15:51:57,380] {dag.py:2935} INFO - Setting next_dagrun for example_external_task_marker_parent to None
[2022-02-04 15:51:57,388] {processor.py:171} INFO - Processing /home/airflow/.local/lib/python3.6/site-packages/airflow/example_dags/example_external_task_marker_dag.py took 0.060 seconds
[2022-02-04 15:52:27,640] {processor.py:163} INFO - Started process (PID=586) to work on /home/airflow/.local/lib/python3.6/site-packages/airflow/example_dags/example_external_task_marker_dag.py
[2022-02-04 15:52:27,641] {processor.py:642} INFO - Processing file /home/airflow/.local/lib/python3.6/site-packages/airflow/example_dags/example_external_task_marker_dag.py for tasks to queue
[2022-02-04 15:52:27,641] {logging_mixin.py:109} INFO - [2022-02-04 15:52:27,641] {dagbag.py:500} INFO - Filling up the DagBag from /home/airflow/.local/lib/python3.6/site-packages/airflow/example_dags/example_external_task_marker_dag.py
[2022-02-04 15:52:27,664] {processor.py:654} INFO - DAG(s) dict_keys(['example_external_task_marker_parent', 'example_external_task_marker_child']) retrieved from /home/airflow/.local/lib/python3.6/site-packages/airflow/example_dags/example_external_task_marker_dag.py
[2022-02-04 15:52:27,681] {logging_mixin.py:109} INFO - [2022-02-04 15:52:27,681] {dag.py:2396} INFO - Sync 2 DAGs
[2022-02-04 15:52:27,702] {logging_mixin.py:109} INFO - [2022-02-04 15:52:27,702] {dag.py:2935} INFO - Setting next_dagrun for example_external_task_marker_child to None
[2022-02-04 15:52:27,702] {logging_mixin.py:109} INFO - [2022-02-04 15:52:27,702] {dag.py:2935} INFO - Setting next_dagrun for example_external_task_marker_parent to None
[2022-02-04 15:52:27,712] {processor.py:171} INFO - Processing /home/airflow/.local/lib/python3.6/site-packages/airflow/example_dags/example_external_task_marker_dag.py took 0.075 seconds
