[2022-02-04 15:50:59,626] {processor.py:163} INFO - Started process (PID=183) to work on /home/airflow/.local/lib/python3.6/site-packages/airflow/example_dags/example_latest_only.py
[2022-02-04 15:50:59,627] {processor.py:642} INFO - Processing file /home/airflow/.local/lib/python3.6/site-packages/airflow/example_dags/example_latest_only.py for tasks to queue
[2022-02-04 15:50:59,627] {logging_mixin.py:109} INFO - [2022-02-04 15:50:59,627] {dagbag.py:500} INFO - Filling up the DagBag from /home/airflow/.local/lib/python3.6/site-packages/airflow/example_dags/example_latest_only.py
[2022-02-04 15:50:59,664] {processor.py:654} INFO - DAG(s) dict_keys(['latest_only']) retrieved from /home/airflow/.local/lib/python3.6/site-packages/airflow/example_dags/example_latest_only.py
[2022-02-04 15:51:01,527] {logging_mixin.py:109} INFO - [2022-02-04 15:51:01,527] {manager.py:496} INFO - Created Permission View: can edit on DAG:latest_only
[2022-02-04 15:51:01,534] {logging_mixin.py:109} INFO - [2022-02-04 15:51:01,534] {manager.py:496} INFO - Created Permission View: can read on DAG:latest_only
[2022-02-04 15:51:01,536] {logging_mixin.py:109} INFO - [2022-02-04 15:51:01,535] {dag.py:2396} INFO - Sync 1 DAGs
[2022-02-04 15:51:01,547] {logging_mixin.py:109} INFO - [2022-02-04 15:51:01,545] {dag.py:2415} INFO - Creating ORM DAG for latest_only
[2022-02-04 15:51:01,554] {logging_mixin.py:109} INFO - [2022-02-04 15:51:01,553] {dag.py:2935} INFO - Setting next_dagrun for latest_only to 2022-02-04T11:51:01.553808+00:00
[2022-02-04 15:51:01,564] {processor.py:171} INFO - Processing /home/airflow/.local/lib/python3.6/site-packages/airflow/example_dags/example_latest_only.py took 1.941 seconds
[2022-02-04 15:51:32,199] {processor.py:163} INFO - Started process (PID=475) to work on /home/airflow/.local/lib/python3.6/site-packages/airflow/example_dags/example_latest_only.py
[2022-02-04 15:51:32,200] {processor.py:642} INFO - Processing file /home/airflow/.local/lib/python3.6/site-packages/airflow/example_dags/example_latest_only.py for tasks to queue
[2022-02-04 15:51:32,200] {logging_mixin.py:109} INFO - [2022-02-04 15:51:32,200] {dagbag.py:500} INFO - Filling up the DagBag from /home/airflow/.local/lib/python3.6/site-packages/airflow/example_dags/example_latest_only.py
[2022-02-04 15:51:32,220] {processor.py:654} INFO - DAG(s) dict_keys(['latest_only']) retrieved from /home/airflow/.local/lib/python3.6/site-packages/airflow/example_dags/example_latest_only.py
[2022-02-04 15:51:32,228] {logging_mixin.py:109} INFO - [2022-02-04 15:51:32,228] {dag.py:2396} INFO - Sync 1 DAGs
[2022-02-04 15:51:32,247] {logging_mixin.py:109} INFO - [2022-02-04 15:51:32,246] {dag.py:2935} INFO - Setting next_dagrun for latest_only to 2022-02-04T11:51:32.246738+00:00
[2022-02-04 15:51:32,253] {processor.py:171} INFO - Processing /home/airflow/.local/lib/python3.6/site-packages/airflow/example_dags/example_latest_only.py took 0.057 seconds
[2022-02-04 15:52:02,502] {processor.py:163} INFO - Started process (PID=537) to work on /home/airflow/.local/lib/python3.6/site-packages/airflow/example_dags/example_latest_only.py
[2022-02-04 15:52:02,503] {processor.py:642} INFO - Processing file /home/airflow/.local/lib/python3.6/site-packages/airflow/example_dags/example_latest_only.py for tasks to queue
[2022-02-04 15:52:02,503] {logging_mixin.py:109} INFO - [2022-02-04 15:52:02,503] {dagbag.py:500} INFO - Filling up the DagBag from /home/airflow/.local/lib/python3.6/site-packages/airflow/example_dags/example_latest_only.py
[2022-02-04 15:52:02,522] {processor.py:654} INFO - DAG(s) dict_keys(['latest_only']) retrieved from /home/airflow/.local/lib/python3.6/site-packages/airflow/example_dags/example_latest_only.py
[2022-02-04 15:52:02,531] {logging_mixin.py:109} INFO - [2022-02-04 15:52:02,531] {dag.py:2396} INFO - Sync 1 DAGs
[2022-02-04 15:52:02,547] {logging_mixin.py:109} INFO - [2022-02-04 15:52:02,547] {dag.py:2935} INFO - Setting next_dagrun for latest_only to 2022-02-04T11:52:02.547323+00:00
[2022-02-04 15:52:02,554] {processor.py:171} INFO - Processing /home/airflow/.local/lib/python3.6/site-packages/airflow/example_dags/example_latest_only.py took 0.055 seconds
