[2022-02-04 15:50:52,743] {processor.py:163} INFO - Started process (PID=107) to work on /home/airflow/.local/lib/python3.6/site-packages/airflow/example_dags/example_sla_dag.py
[2022-02-04 15:50:52,744] {processor.py:642} INFO - Processing file /home/airflow/.local/lib/python3.6/site-packages/airflow/example_dags/example_sla_dag.py for tasks to queue
[2022-02-04 15:50:52,744] {logging_mixin.py:109} INFO - [2022-02-04 15:50:52,744] {dagbag.py:500} INFO - Filling up the DagBag from /home/airflow/.local/lib/python3.6/site-packages/airflow/example_dags/example_sla_dag.py
[2022-02-04 15:50:52,780] {processor.py:654} INFO - DAG(s) dict_keys(['example_sla_dag']) retrieved from /home/airflow/.local/lib/python3.6/site-packages/airflow/example_dags/example_sla_dag.py
[2022-02-04 15:50:55,104] {logging_mixin.py:109} INFO - [2022-02-04 15:50:55,104] {manager.py:496} INFO - Created Permission View: can edit on DAG:example_sla_dag
[2022-02-04 15:50:55,113] {logging_mixin.py:109} INFO - [2022-02-04 15:50:55,113] {manager.py:496} INFO - Created Permission View: can read on DAG:example_sla_dag
[2022-02-04 15:50:55,115] {logging_mixin.py:109} INFO - [2022-02-04 15:50:55,113] {dag.py:2396} INFO - Sync 1 DAGs
[2022-02-04 15:50:55,129] {logging_mixin.py:109} INFO - [2022-02-04 15:50:55,128] {dag.py:2415} INFO - Creating ORM DAG for example_sla_dag
[2022-02-04 15:50:55,143] {logging_mixin.py:109} INFO - [2022-02-04 15:50:55,143] {dag.py:2935} INFO - Setting next_dagrun for example_sla_dag to 2022-02-04T15:48:00+00:00
[2022-02-04 15:50:55,154] {processor.py:171} INFO - Processing /home/airflow/.local/lib/python3.6/site-packages/airflow/example_dags/example_sla_dag.py took 2.415 seconds
[2022-02-04 15:51:26,009] {processor.py:163} INFO - Started process (PID=470) to work on /home/airflow/.local/lib/python3.6/site-packages/airflow/example_dags/example_sla_dag.py
[2022-02-04 15:51:26,010] {processor.py:642} INFO - Processing file /home/airflow/.local/lib/python3.6/site-packages/airflow/example_dags/example_sla_dag.py for tasks to queue
[2022-02-04 15:51:26,010] {logging_mixin.py:109} INFO - [2022-02-04 15:51:26,010] {dagbag.py:500} INFO - Filling up the DagBag from /home/airflow/.local/lib/python3.6/site-packages/airflow/example_dags/example_sla_dag.py
[2022-02-04 15:51:26,040] {processor.py:654} INFO - DAG(s) dict_keys(['example_sla_dag']) retrieved from /home/airflow/.local/lib/python3.6/site-packages/airflow/example_dags/example_sla_dag.py
[2022-02-04 15:51:26,050] {logging_mixin.py:109} INFO - [2022-02-04 15:51:26,050] {dag.py:2396} INFO - Sync 1 DAGs
[2022-02-04 15:51:26,071] {logging_mixin.py:109} INFO - [2022-02-04 15:51:26,071] {dag.py:2935} INFO - Setting next_dagrun for example_sla_dag to 2022-02-04T15:48:00+00:00
[2022-02-04 15:51:26,080] {processor.py:171} INFO - Processing /home/airflow/.local/lib/python3.6/site-packages/airflow/example_dags/example_sla_dag.py took 0.073 seconds
[2022-02-04 15:51:56,228] {processor.py:163} INFO - Started process (PID=522) to work on /home/airflow/.local/lib/python3.6/site-packages/airflow/example_dags/example_sla_dag.py
[2022-02-04 15:51:56,232] {processor.py:642} INFO - Processing file /home/airflow/.local/lib/python3.6/site-packages/airflow/example_dags/example_sla_dag.py for tasks to queue
[2022-02-04 15:51:56,232] {logging_mixin.py:109} INFO - [2022-02-04 15:51:56,232] {dagbag.py:500} INFO - Filling up the DagBag from /home/airflow/.local/lib/python3.6/site-packages/airflow/example_dags/example_sla_dag.py
[2022-02-04 15:51:56,255] {processor.py:654} INFO - DAG(s) dict_keys(['example_sla_dag']) retrieved from /home/airflow/.local/lib/python3.6/site-packages/airflow/example_dags/example_sla_dag.py
[2022-02-04 15:51:56,263] {logging_mixin.py:109} INFO - [2022-02-04 15:51:56,263] {dag.py:2396} INFO - Sync 1 DAGs
[2022-02-04 15:51:56,279] {logging_mixin.py:109} INFO - [2022-02-04 15:51:56,279] {dag.py:2935} INFO - Setting next_dagrun for example_sla_dag to 2022-02-04T15:48:00+00:00
[2022-02-04 15:51:56,286] {processor.py:171} INFO - Processing /home/airflow/.local/lib/python3.6/site-packages/airflow/example_dags/example_sla_dag.py took 0.059 seconds
[2022-02-04 15:52:26,573] {processor.py:163} INFO - Started process (PID=584) to work on /home/airflow/.local/lib/python3.6/site-packages/airflow/example_dags/example_sla_dag.py
[2022-02-04 15:52:26,574] {processor.py:642} INFO - Processing file /home/airflow/.local/lib/python3.6/site-packages/airflow/example_dags/example_sla_dag.py for tasks to queue
[2022-02-04 15:52:26,575] {logging_mixin.py:109} INFO - [2022-02-04 15:52:26,574] {dagbag.py:500} INFO - Filling up the DagBag from /home/airflow/.local/lib/python3.6/site-packages/airflow/example_dags/example_sla_dag.py
[2022-02-04 15:52:26,598] {processor.py:654} INFO - DAG(s) dict_keys(['example_sla_dag']) retrieved from /home/airflow/.local/lib/python3.6/site-packages/airflow/example_dags/example_sla_dag.py
[2022-02-04 15:52:26,606] {logging_mixin.py:109} INFO - [2022-02-04 15:52:26,606] {dag.py:2396} INFO - Sync 1 DAGs
[2022-02-04 15:52:26,626] {logging_mixin.py:109} INFO - [2022-02-04 15:52:26,626] {dag.py:2935} INFO - Setting next_dagrun for example_sla_dag to 2022-02-04T15:50:00+00:00
[2022-02-04 15:52:26,634] {processor.py:171} INFO - Processing /home/airflow/.local/lib/python3.6/site-packages/airflow/example_dags/example_sla_dag.py took 0.063 seconds
