[2022-02-04 15:51:13,368] {processor.py:163} INFO - Started process (PID=387) to work on /home/airflow/.local/lib/python3.6/site-packages/airflow/example_dags/example_subdag_operator.py
[2022-02-04 15:51:13,369] {processor.py:642} INFO - Processing file /home/airflow/.local/lib/python3.6/site-packages/airflow/example_dags/example_subdag_operator.py for tasks to queue
[2022-02-04 15:51:13,370] {logging_mixin.py:109} INFO - [2022-02-04 15:51:13,370] {dagbag.py:500} INFO - Filling up the DagBag from /home/airflow/.local/lib/python3.6/site-packages/airflow/example_dags/example_subdag_operator.py
[2022-02-04 15:51:13,402] {processor.py:654} INFO - DAG(s) dict_keys(['example_subdag_operator.section-1', 'example_subdag_operator.section-2', 'example_subdag_operator']) retrieved from /home/airflow/.local/lib/python3.6/site-packages/airflow/example_dags/example_subdag_operator.py
[2022-02-04 15:51:15,210] {logging_mixin.py:109} INFO - [2022-02-04 15:51:15,210] {manager.py:496} INFO - Created Permission View: can edit on DAG:example_subdag_operator
[2022-02-04 15:51:15,216] {logging_mixin.py:109} INFO - [2022-02-04 15:51:15,216] {manager.py:496} INFO - Created Permission View: can read on DAG:example_subdag_operator
[2022-02-04 15:51:15,217] {logging_mixin.py:109} INFO - [2022-02-04 15:51:15,216] {dag.py:2396} INFO - Sync 3 DAGs
[2022-02-04 15:51:15,227] {logging_mixin.py:109} INFO - [2022-02-04 15:51:15,226] {dag.py:2415} INFO - Creating ORM DAG for example_subdag_operator.section-2
[2022-02-04 15:51:15,227] {logging_mixin.py:109} INFO - [2022-02-04 15:51:15,227] {dag.py:2415} INFO - Creating ORM DAG for example_subdag_operator.section-1
[2022-02-04 15:51:15,228] {logging_mixin.py:109} INFO - [2022-02-04 15:51:15,228] {dag.py:2415} INFO - Creating ORM DAG for example_subdag_operator
[2022-02-04 15:51:15,233] {logging_mixin.py:109} INFO - [2022-02-04 15:51:15,233] {dag.py:2935} INFO - Setting next_dagrun for example_subdag_operator to 2022-02-02T00:00:00+00:00
[2022-02-04 15:51:15,234] {logging_mixin.py:109} INFO - [2022-02-04 15:51:15,234] {dag.py:2935} INFO - Setting next_dagrun for example_subdag_operator.section-1 to None
[2022-02-04 15:51:15,234] {logging_mixin.py:109} INFO - [2022-02-04 15:51:15,234] {dag.py:2935} INFO - Setting next_dagrun for example_subdag_operator.section-2 to None
[2022-02-04 15:51:15,240] {logging_mixin.py:109} INFO - [2022-02-04 15:51:15,240] {dag.py:2396} INFO - Sync 2 DAGs
[2022-02-04 15:51:15,246] {logging_mixin.py:109} INFO - [2022-02-04 15:51:15,246] {dag.py:2935} INFO - Setting next_dagrun for example_subdag_operator.section-1 to None
[2022-02-04 15:51:15,247] {logging_mixin.py:109} INFO - [2022-02-04 15:51:15,247] {dag.py:2935} INFO - Setting next_dagrun for example_subdag_operator.section-2 to None
[2022-02-04 15:51:15,252] {processor.py:171} INFO - Processing /home/airflow/.local/lib/python3.6/site-packages/airflow/example_dags/example_subdag_operator.py took 1.886 seconds
[2022-02-04 15:51:45,862] {processor.py:163} INFO - Started process (PID=500) to work on /home/airflow/.local/lib/python3.6/site-packages/airflow/example_dags/example_subdag_operator.py
[2022-02-04 15:51:45,863] {processor.py:642} INFO - Processing file /home/airflow/.local/lib/python3.6/site-packages/airflow/example_dags/example_subdag_operator.py for tasks to queue
[2022-02-04 15:51:45,864] {logging_mixin.py:109} INFO - [2022-02-04 15:51:45,863] {dagbag.py:500} INFO - Filling up the DagBag from /home/airflow/.local/lib/python3.6/site-packages/airflow/example_dags/example_subdag_operator.py
[2022-02-04 15:51:45,889] {processor.py:654} INFO - DAG(s) dict_keys(['example_subdag_operator.section-1', 'example_subdag_operator.section-2', 'example_subdag_operator']) retrieved from /home/airflow/.local/lib/python3.6/site-packages/airflow/example_dags/example_subdag_operator.py
[2022-02-04 15:51:45,899] {logging_mixin.py:109} INFO - [2022-02-04 15:51:45,899] {dag.py:2396} INFO - Sync 3 DAGs
[2022-02-04 15:51:45,912] {logging_mixin.py:109} INFO - [2022-02-04 15:51:45,912] {dag.py:2935} INFO - Setting next_dagrun for example_subdag_operator to 2022-02-02T00:00:00+00:00
[2022-02-04 15:51:45,912] {logging_mixin.py:109} INFO - [2022-02-04 15:51:45,912] {dag.py:2935} INFO - Setting next_dagrun for example_subdag_operator.section-1 to None
[2022-02-04 15:51:45,912] {logging_mixin.py:109} INFO - [2022-02-04 15:51:45,912] {dag.py:2935} INFO - Setting next_dagrun for example_subdag_operator.section-2 to None
[2022-02-04 15:51:45,916] {logging_mixin.py:109} INFO - [2022-02-04 15:51:45,916] {dag.py:2396} INFO - Sync 2 DAGs
[2022-02-04 15:51:45,922] {logging_mixin.py:109} INFO - [2022-02-04 15:51:45,922] {dag.py:2935} INFO - Setting next_dagrun for example_subdag_operator.section-1 to None
[2022-02-04 15:51:45,922] {logging_mixin.py:109} INFO - [2022-02-04 15:51:45,922] {dag.py:2935} INFO - Setting next_dagrun for example_subdag_operator.section-2 to None
[2022-02-04 15:51:45,927] {processor.py:171} INFO - Processing /home/airflow/.local/lib/python3.6/site-packages/airflow/example_dags/example_subdag_operator.py took 0.068 seconds
[2022-02-04 15:52:16,198] {processor.py:163} INFO - Started process (PID=563) to work on /home/airflow/.local/lib/python3.6/site-packages/airflow/example_dags/example_subdag_operator.py
[2022-02-04 15:52:16,198] {processor.py:642} INFO - Processing file /home/airflow/.local/lib/python3.6/site-packages/airflow/example_dags/example_subdag_operator.py for tasks to queue
[2022-02-04 15:52:16,199] {logging_mixin.py:109} INFO - [2022-02-04 15:52:16,199] {dagbag.py:500} INFO - Filling up the DagBag from /home/airflow/.local/lib/python3.6/site-packages/airflow/example_dags/example_subdag_operator.py
[2022-02-04 15:52:16,225] {processor.py:654} INFO - DAG(s) dict_keys(['example_subdag_operator.section-1', 'example_subdag_operator.section-2', 'example_subdag_operator']) retrieved from /home/airflow/.local/lib/python3.6/site-packages/airflow/example_dags/example_subdag_operator.py
[2022-02-04 15:52:16,237] {logging_mixin.py:109} INFO - [2022-02-04 15:52:16,237] {dag.py:2396} INFO - Sync 3 DAGs
[2022-02-04 15:52:16,255] {logging_mixin.py:109} INFO - [2022-02-04 15:52:16,255] {dag.py:2935} INFO - Setting next_dagrun for example_subdag_operator to 2022-02-02T00:00:00+00:00
[2022-02-04 15:52:16,255] {logging_mixin.py:109} INFO - [2022-02-04 15:52:16,255] {dag.py:2935} INFO - Setting next_dagrun for example_subdag_operator.section-1 to None
[2022-02-04 15:52:16,255] {logging_mixin.py:109} INFO - [2022-02-04 15:52:16,255] {dag.py:2935} INFO - Setting next_dagrun for example_subdag_operator.section-2 to None
[2022-02-04 15:52:16,261] {logging_mixin.py:109} INFO - [2022-02-04 15:52:16,261] {dag.py:2396} INFO - Sync 2 DAGs
[2022-02-04 15:52:16,269] {logging_mixin.py:109} INFO - [2022-02-04 15:52:16,268] {dag.py:2935} INFO - Setting next_dagrun for example_subdag_operator.section-1 to None
[2022-02-04 15:52:16,269] {logging_mixin.py:109} INFO - [2022-02-04 15:52:16,269] {dag.py:2935} INFO - Setting next_dagrun for example_subdag_operator.section-2 to None
[2022-02-04 15:52:16,276] {processor.py:171} INFO - Processing /home/airflow/.local/lib/python3.6/site-packages/airflow/example_dags/example_subdag_operator.py took 0.081 seconds
