[2022-02-04 15:51:02,064] {processor.py:163} INFO - Started process (PID=221) to work on /home/airflow/.local/lib/python3.6/site-packages/airflow/example_dags/example_complex.py
[2022-02-04 15:51:02,065] {processor.py:642} INFO - Processing file /home/airflow/.local/lib/python3.6/site-packages/airflow/example_dags/example_complex.py for tasks to queue
[2022-02-04 15:51:02,066] {logging_mixin.py:109} INFO - [2022-02-04 15:51:02,066] {dagbag.py:500} INFO - Filling up the DagBag from /home/airflow/.local/lib/python3.6/site-packages/airflow/example_dags/example_complex.py
[2022-02-04 15:51:02,097] {processor.py:654} INFO - DAG(s) dict_keys(['example_complex']) retrieved from /home/airflow/.local/lib/python3.6/site-packages/airflow/example_dags/example_complex.py
[2022-02-04 15:51:03,887] {logging_mixin.py:109} INFO - [2022-02-04 15:51:03,887] {manager.py:496} INFO - Created Permission View: can edit on DAG:example_complex
[2022-02-04 15:51:03,917] {logging_mixin.py:109} INFO - [2022-02-04 15:51:03,917] {manager.py:496} INFO - Created Permission View: can read on DAG:example_complex
[2022-02-04 15:51:03,919] {logging_mixin.py:109} INFO - [2022-02-04 15:51:03,917] {dag.py:2396} INFO - Sync 1 DAGs
[2022-02-04 15:51:03,934] {logging_mixin.py:109} INFO - [2022-02-04 15:51:03,932] {dag.py:2415} INFO - Creating ORM DAG for example_complex
[2022-02-04 15:51:03,940] {logging_mixin.py:109} INFO - [2022-02-04 15:51:03,940] {dag.py:2935} INFO - Setting next_dagrun for example_complex to None
[2022-02-04 15:51:03,952] {processor.py:171} INFO - Processing /home/airflow/.local/lib/python3.6/site-packages/airflow/example_dags/example_complex.py took 1.890 seconds
[2022-02-04 15:51:34,275] {processor.py:163} INFO - Started process (PID=478) to work on /home/airflow/.local/lib/python3.6/site-packages/airflow/example_dags/example_complex.py
[2022-02-04 15:51:34,275] {processor.py:642} INFO - Processing file /home/airflow/.local/lib/python3.6/site-packages/airflow/example_dags/example_complex.py for tasks to queue
[2022-02-04 15:51:34,276] {logging_mixin.py:109} INFO - [2022-02-04 15:51:34,275] {dagbag.py:500} INFO - Filling up the DagBag from /home/airflow/.local/lib/python3.6/site-packages/airflow/example_dags/example_complex.py
[2022-02-04 15:51:34,302] {processor.py:654} INFO - DAG(s) dict_keys(['example_complex']) retrieved from /home/airflow/.local/lib/python3.6/site-packages/airflow/example_dags/example_complex.py
[2022-02-04 15:51:34,317] {logging_mixin.py:109} INFO - [2022-02-04 15:51:34,317] {dag.py:2396} INFO - Sync 1 DAGs
[2022-02-04 15:51:34,337] {logging_mixin.py:109} INFO - [2022-02-04 15:51:34,337] {dag.py:2935} INFO - Setting next_dagrun for example_complex to None
[2022-02-04 15:51:34,345] {processor.py:171} INFO - Processing /home/airflow/.local/lib/python3.6/site-packages/airflow/example_dags/example_complex.py took 0.072 seconds
[2022-02-04 15:52:04,573] {processor.py:163} INFO - Started process (PID=540) to work on /home/airflow/.local/lib/python3.6/site-packages/airflow/example_dags/example_complex.py
[2022-02-04 15:52:04,576] {processor.py:642} INFO - Processing file /home/airflow/.local/lib/python3.6/site-packages/airflow/example_dags/example_complex.py for tasks to queue
[2022-02-04 15:52:04,577] {logging_mixin.py:109} INFO - [2022-02-04 15:52:04,577] {dagbag.py:500} INFO - Filling up the DagBag from /home/airflow/.local/lib/python3.6/site-packages/airflow/example_dags/example_complex.py
[2022-02-04 15:52:04,601] {processor.py:654} INFO - DAG(s) dict_keys(['example_complex']) retrieved from /home/airflow/.local/lib/python3.6/site-packages/airflow/example_dags/example_complex.py
[2022-02-04 15:52:04,615] {logging_mixin.py:109} INFO - [2022-02-04 15:52:04,614] {dag.py:2396} INFO - Sync 1 DAGs
[2022-02-04 15:52:04,627] {logging_mixin.py:109} INFO - [2022-02-04 15:52:04,627] {dag.py:2935} INFO - Setting next_dagrun for example_complex to None
[2022-02-04 15:52:04,633] {processor.py:171} INFO - Processing /home/airflow/.local/lib/python3.6/site-packages/airflow/example_dags/example_complex.py took 0.061 seconds
