[2022-02-04 15:51:09,055] {processor.py:163} INFO - Started process (PID=313) to work on /home/airflow/.local/lib/python3.6/site-packages/airflow/example_dags/example_short_circuit_operator.py
[2022-02-04 15:51:09,056] {processor.py:642} INFO - Processing file /home/airflow/.local/lib/python3.6/site-packages/airflow/example_dags/example_short_circuit_operator.py for tasks to queue
[2022-02-04 15:51:09,056] {logging_mixin.py:109} INFO - [2022-02-04 15:51:09,056] {dagbag.py:500} INFO - Filling up the DagBag from /home/airflow/.local/lib/python3.6/site-packages/airflow/example_dags/example_short_circuit_operator.py
[2022-02-04 15:51:09,079] {processor.py:654} INFO - DAG(s) dict_keys(['example_short_circuit_operator']) retrieved from /home/airflow/.local/lib/python3.6/site-packages/airflow/example_dags/example_short_circuit_operator.py
[2022-02-04 15:51:10,875] {logging_mixin.py:109} INFO - [2022-02-04 15:51:10,875] {manager.py:496} INFO - Created Permission View: can edit on DAG:example_short_circuit_operator
[2022-02-04 15:51:10,882] {logging_mixin.py:109} INFO - [2022-02-04 15:51:10,882] {manager.py:496} INFO - Created Permission View: can read on DAG:example_short_circuit_operator
[2022-02-04 15:51:10,884] {logging_mixin.py:109} INFO - [2022-02-04 15:51:10,882] {dag.py:2396} INFO - Sync 1 DAGs
[2022-02-04 15:51:10,897] {logging_mixin.py:109} INFO - [2022-02-04 15:51:10,895] {dag.py:2415} INFO - Creating ORM DAG for example_short_circuit_operator
[2022-02-04 15:51:10,905] {logging_mixin.py:109} INFO - [2022-02-04 15:51:10,905] {dag.py:2935} INFO - Setting next_dagrun for example_short_circuit_operator to 2022-02-03T15:51:10.905325+00:00
[2022-02-04 15:51:10,917] {processor.py:171} INFO - Processing /home/airflow/.local/lib/python3.6/site-packages/airflow/example_dags/example_short_circuit_operator.py took 1.865 seconds
[2022-02-04 15:51:41,571] {processor.py:163} INFO - Started process (PID=495) to work on /home/airflow/.local/lib/python3.6/site-packages/airflow/example_dags/example_short_circuit_operator.py
[2022-02-04 15:51:41,575] {processor.py:642} INFO - Processing file /home/airflow/.local/lib/python3.6/site-packages/airflow/example_dags/example_short_circuit_operator.py for tasks to queue
[2022-02-04 15:51:41,575] {logging_mixin.py:109} INFO - [2022-02-04 15:51:41,575] {dagbag.py:500} INFO - Filling up the DagBag from /home/airflow/.local/lib/python3.6/site-packages/airflow/example_dags/example_short_circuit_operator.py
[2022-02-04 15:51:41,595] {processor.py:654} INFO - DAG(s) dict_keys(['example_short_circuit_operator']) retrieved from /home/airflow/.local/lib/python3.6/site-packages/airflow/example_dags/example_short_circuit_operator.py
[2022-02-04 15:51:41,606] {logging_mixin.py:109} INFO - [2022-02-04 15:51:41,606] {dag.py:2396} INFO - Sync 1 DAGs
[2022-02-04 15:51:41,622] {logging_mixin.py:109} INFO - [2022-02-04 15:51:41,622] {dag.py:2935} INFO - Setting next_dagrun for example_short_circuit_operator to 2022-02-03T15:51:41.622237+00:00
[2022-02-04 15:51:41,630] {processor.py:171} INFO - Processing /home/airflow/.local/lib/python3.6/site-packages/airflow/example_dags/example_short_circuit_operator.py took 0.061 seconds
[2022-02-04 15:52:11,868] {processor.py:163} INFO - Started process (PID=547) to work on /home/airflow/.local/lib/python3.6/site-packages/airflow/example_dags/example_short_circuit_operator.py
[2022-02-04 15:52:11,869] {processor.py:642} INFO - Processing file /home/airflow/.local/lib/python3.6/site-packages/airflow/example_dags/example_short_circuit_operator.py for tasks to queue
[2022-02-04 15:52:11,870] {logging_mixin.py:109} INFO - [2022-02-04 15:52:11,870] {dagbag.py:500} INFO - Filling up the DagBag from /home/airflow/.local/lib/python3.6/site-packages/airflow/example_dags/example_short_circuit_operator.py
[2022-02-04 15:52:11,890] {processor.py:654} INFO - DAG(s) dict_keys(['example_short_circuit_operator']) retrieved from /home/airflow/.local/lib/python3.6/site-packages/airflow/example_dags/example_short_circuit_operator.py
[2022-02-04 15:52:11,901] {logging_mixin.py:109} INFO - [2022-02-04 15:52:11,901] {dag.py:2396} INFO - Sync 1 DAGs
[2022-02-04 15:52:11,918] {logging_mixin.py:109} INFO - [2022-02-04 15:52:11,918] {dag.py:2935} INFO - Setting next_dagrun for example_short_circuit_operator to 2022-02-03T15:52:11.918047+00:00
[2022-02-04 15:52:11,925] {processor.py:171} INFO - Processing /home/airflow/.local/lib/python3.6/site-packages/airflow/example_dags/example_short_circuit_operator.py took 0.059 seconds
