[2022-02-04 15:51:14,784] {processor.py:163} INFO - Started process (PID=401) to work on /home/airflow/.local/lib/python3.6/site-packages/airflow/example_dags/example_trigger_controller_dag.py
[2022-02-04 15:51:14,784] {processor.py:642} INFO - Processing file /home/airflow/.local/lib/python3.6/site-packages/airflow/example_dags/example_trigger_controller_dag.py for tasks to queue
[2022-02-04 15:51:14,785] {logging_mixin.py:109} INFO - [2022-02-04 15:51:14,785] {dagbag.py:500} INFO - Filling up the DagBag from /home/airflow/.local/lib/python3.6/site-packages/airflow/example_dags/example_trigger_controller_dag.py
[2022-02-04 15:51:14,806] {processor.py:654} INFO - DAG(s) dict_keys(['example_trigger_controller_dag']) retrieved from /home/airflow/.local/lib/python3.6/site-packages/airflow/example_dags/example_trigger_controller_dag.py
[2022-02-04 15:51:16,593] {logging_mixin.py:109} INFO - [2022-02-04 15:51:16,593] {manager.py:496} INFO - Created Permission View: can edit on DAG:example_trigger_controller_dag
[2022-02-04 15:51:16,602] {logging_mixin.py:109} INFO - [2022-02-04 15:51:16,602] {manager.py:496} INFO - Created Permission View: can read on DAG:example_trigger_controller_dag
[2022-02-04 15:51:16,604] {logging_mixin.py:109} INFO - [2022-02-04 15:51:16,602] {dag.py:2396} INFO - Sync 1 DAGs
[2022-02-04 15:51:16,615] {logging_mixin.py:109} INFO - [2022-02-04 15:51:16,613] {dag.py:2415} INFO - Creating ORM DAG for example_trigger_controller_dag
[2022-02-04 15:51:16,621] {logging_mixin.py:109} INFO - [2022-02-04 15:51:16,621] {dag.py:2935} INFO - Setting next_dagrun for example_trigger_controller_dag to 2021-01-01T00:00:00+00:00
[2022-02-04 15:51:16,631] {processor.py:171} INFO - Processing /home/airflow/.local/lib/python3.6/site-packages/airflow/example_dags/example_trigger_controller_dag.py took 1.849 seconds
[2022-02-04 15:51:46,873] {processor.py:163} INFO - Started process (PID=501) to work on /home/airflow/.local/lib/python3.6/site-packages/airflow/example_dags/example_trigger_controller_dag.py
[2022-02-04 15:51:46,877] {processor.py:642} INFO - Processing file /home/airflow/.local/lib/python3.6/site-packages/airflow/example_dags/example_trigger_controller_dag.py for tasks to queue
[2022-02-04 15:51:46,877] {logging_mixin.py:109} INFO - [2022-02-04 15:51:46,877] {dagbag.py:500} INFO - Filling up the DagBag from /home/airflow/.local/lib/python3.6/site-packages/airflow/example_dags/example_trigger_controller_dag.py
[2022-02-04 15:51:46,894] {processor.py:654} INFO - DAG(s) dict_keys(['example_trigger_controller_dag']) retrieved from /home/airflow/.local/lib/python3.6/site-packages/airflow/example_dags/example_trigger_controller_dag.py
[2022-02-04 15:51:46,901] {logging_mixin.py:109} INFO - [2022-02-04 15:51:46,901] {dag.py:2396} INFO - Sync 1 DAGs
[2022-02-04 15:51:46,913] {logging_mixin.py:109} INFO - [2022-02-04 15:51:46,912] {dag.py:2935} INFO - Setting next_dagrun for example_trigger_controller_dag to 2021-01-01T00:00:00+00:00
[2022-02-04 15:51:46,919] {processor.py:171} INFO - Processing /home/airflow/.local/lib/python3.6/site-packages/airflow/example_dags/example_trigger_controller_dag.py took 0.047 seconds
[2022-02-04 15:52:17,203] {processor.py:163} INFO - Started process (PID=564) to work on /home/airflow/.local/lib/python3.6/site-packages/airflow/example_dags/example_trigger_controller_dag.py
[2022-02-04 15:52:17,203] {processor.py:642} INFO - Processing file /home/airflow/.local/lib/python3.6/site-packages/airflow/example_dags/example_trigger_controller_dag.py for tasks to queue
[2022-02-04 15:52:17,204] {logging_mixin.py:109} INFO - [2022-02-04 15:52:17,204] {dagbag.py:500} INFO - Filling up the DagBag from /home/airflow/.local/lib/python3.6/site-packages/airflow/example_dags/example_trigger_controller_dag.py
[2022-02-04 15:52:17,221] {processor.py:654} INFO - DAG(s) dict_keys(['example_trigger_controller_dag']) retrieved from /home/airflow/.local/lib/python3.6/site-packages/airflow/example_dags/example_trigger_controller_dag.py
[2022-02-04 15:52:17,229] {logging_mixin.py:109} INFO - [2022-02-04 15:52:17,229] {dag.py:2396} INFO - Sync 1 DAGs
[2022-02-04 15:52:17,242] {logging_mixin.py:109} INFO - [2022-02-04 15:52:17,242] {dag.py:2935} INFO - Setting next_dagrun for example_trigger_controller_dag to 2021-01-01T00:00:00+00:00
[2022-02-04 15:52:17,248] {processor.py:171} INFO - Processing /home/airflow/.local/lib/python3.6/site-packages/airflow/example_dags/example_trigger_controller_dag.py took 0.047 seconds
