[2022-02-04 15:51:00,182] {processor.py:163} INFO - Started process (PID=195) to work on /home/airflow/.local/lib/python3.6/site-packages/airflow/example_dags/example_skip_dag.py
[2022-02-04 15:51:00,183] {processor.py:642} INFO - Processing file /home/airflow/.local/lib/python3.6/site-packages/airflow/example_dags/example_skip_dag.py for tasks to queue
[2022-02-04 15:51:00,183] {logging_mixin.py:109} INFO - [2022-02-04 15:51:00,183] {dagbag.py:500} INFO - Filling up the DagBag from /home/airflow/.local/lib/python3.6/site-packages/airflow/example_dags/example_skip_dag.py
[2022-02-04 15:51:00,204] {processor.py:654} INFO - DAG(s) dict_keys(['example_skip_dag']) retrieved from /home/airflow/.local/lib/python3.6/site-packages/airflow/example_dags/example_skip_dag.py
[2022-02-04 15:51:02,006] {logging_mixin.py:109} INFO - [2022-02-04 15:51:02,006] {manager.py:496} INFO - Created Permission View: can edit on DAG:example_skip_dag
[2022-02-04 15:51:02,014] {logging_mixin.py:109} INFO - [2022-02-04 15:51:02,014] {manager.py:496} INFO - Created Permission View: can read on DAG:example_skip_dag
[2022-02-04 15:51:02,015] {logging_mixin.py:109} INFO - [2022-02-04 15:51:02,014] {dag.py:2396} INFO - Sync 1 DAGs
[2022-02-04 15:51:02,026] {logging_mixin.py:109} INFO - [2022-02-04 15:51:02,024] {dag.py:2415} INFO - Creating ORM DAG for example_skip_dag
[2022-02-04 15:51:02,032] {logging_mixin.py:109} INFO - [2022-02-04 15:51:02,032] {dag.py:2935} INFO - Setting next_dagrun for example_skip_dag to 2022-02-03T15:51:02.032293+00:00
[2022-02-04 15:51:02,041] {processor.py:171} INFO - Processing /home/airflow/.local/lib/python3.6/site-packages/airflow/example_dags/example_skip_dag.py took 1.861 seconds
[2022-02-04 15:51:32,203] {processor.py:163} INFO - Started process (PID=476) to work on /home/airflow/.local/lib/python3.6/site-packages/airflow/example_dags/example_skip_dag.py
[2022-02-04 15:51:32,204] {processor.py:642} INFO - Processing file /home/airflow/.local/lib/python3.6/site-packages/airflow/example_dags/example_skip_dag.py for tasks to queue
[2022-02-04 15:51:32,204] {logging_mixin.py:109} INFO - [2022-02-04 15:51:32,204] {dagbag.py:500} INFO - Filling up the DagBag from /home/airflow/.local/lib/python3.6/site-packages/airflow/example_dags/example_skip_dag.py
[2022-02-04 15:51:32,224] {processor.py:654} INFO - DAG(s) dict_keys(['example_skip_dag']) retrieved from /home/airflow/.local/lib/python3.6/site-packages/airflow/example_dags/example_skip_dag.py
[2022-02-04 15:51:32,233] {logging_mixin.py:109} INFO - [2022-02-04 15:51:32,233] {dag.py:2396} INFO - Sync 1 DAGs
[2022-02-04 15:51:32,250] {logging_mixin.py:109} INFO - [2022-02-04 15:51:32,250] {dag.py:2935} INFO - Setting next_dagrun for example_skip_dag to 2022-02-03T15:51:32.250360+00:00
[2022-02-04 15:51:32,257] {processor.py:171} INFO - Processing /home/airflow/.local/lib/python3.6/site-packages/airflow/example_dags/example_skip_dag.py took 0.056 seconds
[2022-02-04 15:52:02,504] {processor.py:163} INFO - Started process (PID=538) to work on /home/airflow/.local/lib/python3.6/site-packages/airflow/example_dags/example_skip_dag.py
[2022-02-04 15:52:02,505] {processor.py:642} INFO - Processing file /home/airflow/.local/lib/python3.6/site-packages/airflow/example_dags/example_skip_dag.py for tasks to queue
[2022-02-04 15:52:02,505] {logging_mixin.py:109} INFO - [2022-02-04 15:52:02,505] {dagbag.py:500} INFO - Filling up the DagBag from /home/airflow/.local/lib/python3.6/site-packages/airflow/example_dags/example_skip_dag.py
[2022-02-04 15:52:02,523] {processor.py:654} INFO - DAG(s) dict_keys(['example_skip_dag']) retrieved from /home/airflow/.local/lib/python3.6/site-packages/airflow/example_dags/example_skip_dag.py
[2022-02-04 15:52:02,533] {logging_mixin.py:109} INFO - [2022-02-04 15:52:02,533] {dag.py:2396} INFO - Sync 1 DAGs
[2022-02-04 15:52:02,549] {logging_mixin.py:109} INFO - [2022-02-04 15:52:02,549] {dag.py:2935} INFO - Setting next_dagrun for example_skip_dag to 2022-02-03T15:52:02.549400+00:00
[2022-02-04 15:52:02,556] {processor.py:171} INFO - Processing /home/airflow/.local/lib/python3.6/site-packages/airflow/example_dags/example_skip_dag.py took 0.054 seconds
