[2022-02-04 15:51:07,541] {processor.py:163} INFO - Started process (PID=299) to work on /home/airflow/.local/lib/python3.6/site-packages/airflow/example_dags/example_xcom.py
[2022-02-04 15:51:07,542] {processor.py:642} INFO - Processing file /home/airflow/.local/lib/python3.6/site-packages/airflow/example_dags/example_xcom.py for tasks to queue
[2022-02-04 15:51:07,543] {logging_mixin.py:109} INFO - [2022-02-04 15:51:07,543] {dagbag.py:500} INFO - Filling up the DagBag from /home/airflow/.local/lib/python3.6/site-packages/airflow/example_dags/example_xcom.py
[2022-02-04 15:51:07,578] {processor.py:654} INFO - DAG(s) dict_keys(['example_xcom']) retrieved from /home/airflow/.local/lib/python3.6/site-packages/airflow/example_dags/example_xcom.py
[2022-02-04 15:51:09,495] {logging_mixin.py:109} INFO - [2022-02-04 15:51:09,495] {manager.py:496} INFO - Created Permission View: can edit on DAG:example_xcom
[2022-02-04 15:51:09,502] {logging_mixin.py:109} INFO - [2022-02-04 15:51:09,502] {manager.py:496} INFO - Created Permission View: can read on DAG:example_xcom
[2022-02-04 15:51:09,504] {logging_mixin.py:109} INFO - [2022-02-04 15:51:09,502] {dag.py:2396} INFO - Sync 1 DAGs
[2022-02-04 15:51:09,513] {logging_mixin.py:109} INFO - [2022-02-04 15:51:09,512] {dag.py:2415} INFO - Creating ORM DAG for example_xcom
[2022-02-04 15:51:09,520] {logging_mixin.py:109} INFO - [2022-02-04 15:51:09,520] {dag.py:2935} INFO - Setting next_dagrun for example_xcom to 2021-01-01T00:00:00+00:00
[2022-02-04 15:51:09,530] {processor.py:171} INFO - Processing /home/airflow/.local/lib/python3.6/site-packages/airflow/example_dags/example_xcom.py took 1.992 seconds
[2022-02-04 15:51:39,562] {processor.py:163} INFO - Started process (PID=494) to work on /home/airflow/.local/lib/python3.6/site-packages/airflow/example_dags/example_xcom.py
[2022-02-04 15:51:39,562] {processor.py:642} INFO - Processing file /home/airflow/.local/lib/python3.6/site-packages/airflow/example_dags/example_xcom.py for tasks to queue
[2022-02-04 15:51:39,563] {logging_mixin.py:109} INFO - [2022-02-04 15:51:39,563] {dagbag.py:500} INFO - Filling up the DagBag from /home/airflow/.local/lib/python3.6/site-packages/airflow/example_dags/example_xcom.py
[2022-02-04 15:51:39,587] {processor.py:654} INFO - DAG(s) dict_keys(['example_xcom']) retrieved from /home/airflow/.local/lib/python3.6/site-packages/airflow/example_dags/example_xcom.py
[2022-02-04 15:51:39,745] {logging_mixin.py:109} INFO - [2022-02-04 15:51:39,745] {dag.py:2396} INFO - Sync 1 DAGs
[2022-02-04 15:51:39,756] {logging_mixin.py:109} INFO - [2022-02-04 15:51:39,756] {dag.py:2935} INFO - Setting next_dagrun for example_xcom to 2021-01-01T00:00:00+00:00
[2022-02-04 15:51:39,763] {processor.py:171} INFO - Processing /home/airflow/.local/lib/python3.6/site-packages/airflow/example_dags/example_xcom.py took 0.203 seconds
[2022-02-04 15:52:09,795] {processor.py:163} INFO - Started process (PID=546) to work on /home/airflow/.local/lib/python3.6/site-packages/airflow/example_dags/example_xcom.py
[2022-02-04 15:52:09,796] {processor.py:642} INFO - Processing file /home/airflow/.local/lib/python3.6/site-packages/airflow/example_dags/example_xcom.py for tasks to queue
[2022-02-04 15:52:09,796] {logging_mixin.py:109} INFO - [2022-02-04 15:52:09,796] {dagbag.py:500} INFO - Filling up the DagBag from /home/airflow/.local/lib/python3.6/site-packages/airflow/example_dags/example_xcom.py
[2022-02-04 15:52:09,822] {processor.py:654} INFO - DAG(s) dict_keys(['example_xcom']) retrieved from /home/airflow/.local/lib/python3.6/site-packages/airflow/example_dags/example_xcom.py
[2022-02-04 15:52:10,007] {logging_mixin.py:109} INFO - [2022-02-04 15:52:10,007] {dag.py:2396} INFO - Sync 1 DAGs
[2022-02-04 15:52:10,020] {logging_mixin.py:109} INFO - [2022-02-04 15:52:10,020] {dag.py:2935} INFO - Setting next_dagrun for example_xcom to 2021-01-01T00:00:00+00:00
[2022-02-04 15:52:10,027] {processor.py:171} INFO - Processing /home/airflow/.local/lib/python3.6/site-packages/airflow/example_dags/example_xcom.py took 0.234 seconds
