[2022-02-04 15:51:10,942] {processor.py:163} INFO - Started process (PID=349) to work on /home/airflow/.local/lib/python3.6/site-packages/airflow/example_dags/example_branch_operator.py
[2022-02-04 15:51:10,943] {processor.py:642} INFO - Processing file /home/airflow/.local/lib/python3.6/site-packages/airflow/example_dags/example_branch_operator.py for tasks to queue
[2022-02-04 15:51:10,943] {logging_mixin.py:109} INFO - [2022-02-04 15:51:10,943] {dagbag.py:500} INFO - Filling up the DagBag from /home/airflow/.local/lib/python3.6/site-packages/airflow/example_dags/example_branch_operator.py
[2022-02-04 15:51:10,971] {processor.py:654} INFO - DAG(s) dict_keys(['example_branch_operator']) retrieved from /home/airflow/.local/lib/python3.6/site-packages/airflow/example_dags/example_branch_operator.py
[2022-02-04 15:51:12,834] {logging_mixin.py:109} INFO - [2022-02-04 15:51:12,834] {manager.py:496} INFO - Created Permission View: can edit on DAG:example_branch_operator
[2022-02-04 15:51:12,840] {logging_mixin.py:109} INFO - [2022-02-04 15:51:12,840] {manager.py:496} INFO - Created Permission View: can read on DAG:example_branch_operator
[2022-02-04 15:51:12,841] {logging_mixin.py:109} INFO - [2022-02-04 15:51:12,840] {dag.py:2396} INFO - Sync 1 DAGs
[2022-02-04 15:51:12,851] {logging_mixin.py:109} INFO - [2022-02-04 15:51:12,850] {dag.py:2415} INFO - Creating ORM DAG for example_branch_operator
[2022-02-04 15:51:12,858] {logging_mixin.py:109} INFO - [2022-02-04 15:51:12,858] {dag.py:2935} INFO - Setting next_dagrun for example_branch_operator to 2022-02-03 00:00:00+00:00
[2022-02-04 15:51:12,868] {processor.py:171} INFO - Processing /home/airflow/.local/lib/python3.6/site-packages/airflow/example_dags/example_branch_operator.py took 1.929 seconds
[2022-02-04 15:51:43,605] {processor.py:163} INFO - Started process (PID=497) to work on /home/airflow/.local/lib/python3.6/site-packages/airflow/example_dags/example_branch_operator.py
[2022-02-04 15:51:43,608] {processor.py:642} INFO - Processing file /home/airflow/.local/lib/python3.6/site-packages/airflow/example_dags/example_branch_operator.py for tasks to queue
[2022-02-04 15:51:43,609] {logging_mixin.py:109} INFO - [2022-02-04 15:51:43,609] {dagbag.py:500} INFO - Filling up the DagBag from /home/airflow/.local/lib/python3.6/site-packages/airflow/example_dags/example_branch_operator.py
[2022-02-04 15:51:43,645] {processor.py:654} INFO - DAG(s) dict_keys(['example_branch_operator']) retrieved from /home/airflow/.local/lib/python3.6/site-packages/airflow/example_dags/example_branch_operator.py
[2022-02-04 15:51:43,654] {logging_mixin.py:109} INFO - [2022-02-04 15:51:43,653] {dag.py:2396} INFO - Sync 1 DAGs
[2022-02-04 15:51:43,667] {logging_mixin.py:109} INFO - [2022-02-04 15:51:43,667] {dag.py:2935} INFO - Setting next_dagrun for example_branch_operator to 2022-02-03 00:00:00+00:00
[2022-02-04 15:51:43,673] {processor.py:171} INFO - Processing /home/airflow/.local/lib/python3.6/site-packages/airflow/example_dags/example_branch_operator.py took 0.079 seconds
[2022-02-04 15:52:13,879] {processor.py:163} INFO - Started process (PID=560) to work on /home/airflow/.local/lib/python3.6/site-packages/airflow/example_dags/example_branch_operator.py
[2022-02-04 15:52:13,880] {processor.py:642} INFO - Processing file /home/airflow/.local/lib/python3.6/site-packages/airflow/example_dags/example_branch_operator.py for tasks to queue
[2022-02-04 15:52:13,881] {logging_mixin.py:109} INFO - [2022-02-04 15:52:13,881] {dagbag.py:500} INFO - Filling up the DagBag from /home/airflow/.local/lib/python3.6/site-packages/airflow/example_dags/example_branch_operator.py
[2022-02-04 15:52:13,907] {processor.py:654} INFO - DAG(s) dict_keys(['example_branch_operator']) retrieved from /home/airflow/.local/lib/python3.6/site-packages/airflow/example_dags/example_branch_operator.py
[2022-02-04 15:52:13,921] {logging_mixin.py:109} INFO - [2022-02-04 15:52:13,921] {dag.py:2396} INFO - Sync 1 DAGs
[2022-02-04 15:52:13,943] {logging_mixin.py:109} INFO - [2022-02-04 15:52:13,942] {dag.py:2935} INFO - Setting next_dagrun for example_branch_operator to 2022-02-03 00:00:00+00:00
[2022-02-04 15:52:13,950] {processor.py:171} INFO - Processing /home/airflow/.local/lib/python3.6/site-packages/airflow/example_dags/example_branch_operator.py took 0.074 seconds
