[2022-02-04 15:51:17,190] {processor.py:163} INFO - Started process (PID=439) to work on /home/airflow/.local/lib/python3.6/site-packages/airflow/example_dags/example_trigger_target_dag.py
[2022-02-04 15:51:17,191] {processor.py:642} INFO - Processing file /home/airflow/.local/lib/python3.6/site-packages/airflow/example_dags/example_trigger_target_dag.py for tasks to queue
[2022-02-04 15:51:17,191] {logging_mixin.py:109} INFO - [2022-02-04 15:51:17,191] {dagbag.py:500} INFO - Filling up the DagBag from /home/airflow/.local/lib/python3.6/site-packages/airflow/example_dags/example_trigger_target_dag.py
[2022-02-04 15:51:17,219] {processor.py:654} INFO - DAG(s) dict_keys(['example_trigger_target_dag']) retrieved from /home/airflow/.local/lib/python3.6/site-packages/airflow/example_dags/example_trigger_target_dag.py
[2022-02-04 15:51:18,818] {logging_mixin.py:109} INFO - [2022-02-04 15:51:18,818] {manager.py:496} INFO - Created Permission View: can edit on DAG:example_trigger_target_dag
[2022-02-04 15:51:18,823] {logging_mixin.py:109} INFO - [2022-02-04 15:51:18,823] {manager.py:496} INFO - Created Permission View: can read on DAG:example_trigger_target_dag
[2022-02-04 15:51:18,825] {logging_mixin.py:109} INFO - [2022-02-04 15:51:18,823] {dag.py:2396} INFO - Sync 1 DAGs
[2022-02-04 15:51:18,832] {logging_mixin.py:109} INFO - [2022-02-04 15:51:18,831] {dag.py:2415} INFO - Creating ORM DAG for example_trigger_target_dag
[2022-02-04 15:51:18,838] {logging_mixin.py:109} INFO - [2022-02-04 15:51:18,838] {dag.py:2935} INFO - Setting next_dagrun for example_trigger_target_dag to None
[2022-02-04 15:51:18,845] {processor.py:171} INFO - Processing /home/airflow/.local/lib/python3.6/site-packages/airflow/example_dags/example_trigger_target_dag.py took 1.658 seconds
[2022-02-04 15:51:48,937] {processor.py:163} INFO - Started process (PID=514) to work on /home/airflow/.local/lib/python3.6/site-packages/airflow/example_dags/example_trigger_target_dag.py
[2022-02-04 15:51:48,938] {processor.py:642} INFO - Processing file /home/airflow/.local/lib/python3.6/site-packages/airflow/example_dags/example_trigger_target_dag.py for tasks to queue
[2022-02-04 15:51:48,938] {logging_mixin.py:109} INFO - [2022-02-04 15:51:48,938] {dagbag.py:500} INFO - Filling up the DagBag from /home/airflow/.local/lib/python3.6/site-packages/airflow/example_dags/example_trigger_target_dag.py
[2022-02-04 15:51:48,960] {processor.py:654} INFO - DAG(s) dict_keys(['example_trigger_target_dag']) retrieved from /home/airflow/.local/lib/python3.6/site-packages/airflow/example_dags/example_trigger_target_dag.py
[2022-02-04 15:51:48,967] {logging_mixin.py:109} INFO - [2022-02-04 15:51:48,967] {dag.py:2396} INFO - Sync 1 DAGs
[2022-02-04 15:51:48,982] {logging_mixin.py:109} INFO - [2022-02-04 15:51:48,982] {dag.py:2935} INFO - Setting next_dagrun for example_trigger_target_dag to None
[2022-02-04 15:51:48,988] {processor.py:171} INFO - Processing /home/airflow/.local/lib/python3.6/site-packages/airflow/example_dags/example_trigger_target_dag.py took 0.053 seconds
[2022-02-04 15:52:19,286] {processor.py:163} INFO - Started process (PID=567) to work on /home/airflow/.local/lib/python3.6/site-packages/airflow/example_dags/example_trigger_target_dag.py
[2022-02-04 15:52:19,287] {processor.py:642} INFO - Processing file /home/airflow/.local/lib/python3.6/site-packages/airflow/example_dags/example_trigger_target_dag.py for tasks to queue
[2022-02-04 15:52:19,287] {logging_mixin.py:109} INFO - [2022-02-04 15:52:19,287] {dagbag.py:500} INFO - Filling up the DagBag from /home/airflow/.local/lib/python3.6/site-packages/airflow/example_dags/example_trigger_target_dag.py
[2022-02-04 15:52:19,318] {processor.py:654} INFO - DAG(s) dict_keys(['example_trigger_target_dag']) retrieved from /home/airflow/.local/lib/python3.6/site-packages/airflow/example_dags/example_trigger_target_dag.py
[2022-02-04 15:52:19,327] {logging_mixin.py:109} INFO - [2022-02-04 15:52:19,327] {dag.py:2396} INFO - Sync 1 DAGs
[2022-02-04 15:52:19,346] {logging_mixin.py:109} INFO - [2022-02-04 15:52:19,346] {dag.py:2935} INFO - Setting next_dagrun for example_trigger_target_dag to None
[2022-02-04 15:52:19,357] {processor.py:171} INFO - Processing /home/airflow/.local/lib/python3.6/site-packages/airflow/example_dags/example_trigger_target_dag.py took 0.075 seconds
