[2022-02-04 15:51:05,818] {processor.py:163} INFO - Started process (PID=273) to work on /home/airflow/.local/lib/python3.6/site-packages/airflow/example_dags/example_nested_branch_dag.py
[2022-02-04 15:51:05,818] {processor.py:642} INFO - Processing file /home/airflow/.local/lib/python3.6/site-packages/airflow/example_dags/example_nested_branch_dag.py for tasks to queue
[2022-02-04 15:51:05,819] {logging_mixin.py:109} INFO - [2022-02-04 15:51:05,819] {dagbag.py:500} INFO - Filling up the DagBag from /home/airflow/.local/lib/python3.6/site-packages/airflow/example_dags/example_nested_branch_dag.py
[2022-02-04 15:51:05,844] {processor.py:654} INFO - DAG(s) dict_keys(['example_nested_branch_dag']) retrieved from /home/airflow/.local/lib/python3.6/site-packages/airflow/example_dags/example_nested_branch_dag.py
[2022-02-04 15:51:07,463] {logging_mixin.py:109} INFO - [2022-02-04 15:51:07,463] {manager.py:496} INFO - Created Permission View: can edit on DAG:example_nested_branch_dag
[2022-02-04 15:51:07,471] {logging_mixin.py:109} INFO - [2022-02-04 15:51:07,471] {manager.py:496} INFO - Created Permission View: can read on DAG:example_nested_branch_dag
[2022-02-04 15:51:07,473] {logging_mixin.py:109} INFO - [2022-02-04 15:51:07,472] {dag.py:2396} INFO - Sync 1 DAGs
[2022-02-04 15:51:07,488] {logging_mixin.py:109} INFO - [2022-02-04 15:51:07,486] {dag.py:2415} INFO - Creating ORM DAG for example_nested_branch_dag
[2022-02-04 15:51:07,501] {logging_mixin.py:109} INFO - [2022-02-04 15:51:07,501] {dag.py:2935} INFO - Setting next_dagrun for example_nested_branch_dag to 2022-02-03 00:00:00+00:00
[2022-02-04 15:51:07,512] {processor.py:171} INFO - Processing /home/airflow/.local/lib/python3.6/site-packages/airflow/example_dags/example_nested_branch_dag.py took 1.697 seconds
[2022-02-04 15:51:38,442] {processor.py:163} INFO - Started process (PID=492) to work on /home/airflow/.local/lib/python3.6/site-packages/airflow/example_dags/example_nested_branch_dag.py
[2022-02-04 15:51:38,443] {processor.py:642} INFO - Processing file /home/airflow/.local/lib/python3.6/site-packages/airflow/example_dags/example_nested_branch_dag.py for tasks to queue
[2022-02-04 15:51:38,443] {logging_mixin.py:109} INFO - [2022-02-04 15:51:38,443] {dagbag.py:500} INFO - Filling up the DagBag from /home/airflow/.local/lib/python3.6/site-packages/airflow/example_dags/example_nested_branch_dag.py
[2022-02-04 15:51:38,469] {processor.py:654} INFO - DAG(s) dict_keys(['example_nested_branch_dag']) retrieved from /home/airflow/.local/lib/python3.6/site-packages/airflow/example_dags/example_nested_branch_dag.py
[2022-02-04 15:51:38,478] {logging_mixin.py:109} INFO - [2022-02-04 15:51:38,478] {dag.py:2396} INFO - Sync 1 DAGs
[2022-02-04 15:51:38,494] {logging_mixin.py:109} INFO - [2022-02-04 15:51:38,493] {dag.py:2935} INFO - Setting next_dagrun for example_nested_branch_dag to 2022-02-03 00:00:00+00:00
[2022-02-04 15:51:38,500] {processor.py:171} INFO - Processing /home/airflow/.local/lib/python3.6/site-packages/airflow/example_dags/example_nested_branch_dag.py took 0.061 seconds
[2022-02-04 15:52:08,727] {processor.py:163} INFO - Started process (PID=544) to work on /home/airflow/.local/lib/python3.6/site-packages/airflow/example_dags/example_nested_branch_dag.py
[2022-02-04 15:52:08,728] {processor.py:642} INFO - Processing file /home/airflow/.local/lib/python3.6/site-packages/airflow/example_dags/example_nested_branch_dag.py for tasks to queue
[2022-02-04 15:52:08,729] {logging_mixin.py:109} INFO - [2022-02-04 15:52:08,729] {dagbag.py:500} INFO - Filling up the DagBag from /home/airflow/.local/lib/python3.6/site-packages/airflow/example_dags/example_nested_branch_dag.py
[2022-02-04 15:52:08,750] {processor.py:654} INFO - DAG(s) dict_keys(['example_nested_branch_dag']) retrieved from /home/airflow/.local/lib/python3.6/site-packages/airflow/example_dags/example_nested_branch_dag.py
[2022-02-04 15:52:08,759] {logging_mixin.py:109} INFO - [2022-02-04 15:52:08,759] {dag.py:2396} INFO - Sync 1 DAGs
[2022-02-04 15:52:08,774] {logging_mixin.py:109} INFO - [2022-02-04 15:52:08,773] {dag.py:2935} INFO - Setting next_dagrun for example_nested_branch_dag to 2022-02-03 00:00:00+00:00
[2022-02-04 15:52:08,781] {processor.py:171} INFO - Processing /home/airflow/.local/lib/python3.6/site-packages/airflow/example_dags/example_nested_branch_dag.py took 0.055 seconds
