[2022-02-04 15:50:52,139] {processor.py:163} INFO - Started process (PID=95) to work on /home/airflow/.local/lib/python3.6/site-packages/airflow/example_dags/example_branch_python_dop_operator_3.py
[2022-02-04 15:50:52,141] {processor.py:642} INFO - Processing file /home/airflow/.local/lib/python3.6/site-packages/airflow/example_dags/example_branch_python_dop_operator_3.py for tasks to queue
[2022-02-04 15:50:52,141] {logging_mixin.py:109} INFO - [2022-02-04 15:50:52,141] {dagbag.py:500} INFO - Filling up the DagBag from /home/airflow/.local/lib/python3.6/site-packages/airflow/example_dags/example_branch_python_dop_operator_3.py
[2022-02-04 15:50:52,176] {processor.py:654} INFO - DAG(s) dict_keys(['example_branch_dop_operator_v3']) retrieved from /home/airflow/.local/lib/python3.6/site-packages/airflow/example_dags/example_branch_python_dop_operator_3.py
[2022-02-04 15:50:54,446] {logging_mixin.py:109} INFO - [2022-02-04 15:50:54,445] {manager.py:496} INFO - Created Permission View: can edit on DAG:example_branch_dop_operator_v3
[2022-02-04 15:50:54,455] {logging_mixin.py:109} INFO - [2022-02-04 15:50:54,455] {manager.py:496} INFO - Created Permission View: can read on DAG:example_branch_dop_operator_v3
[2022-02-04 15:50:54,458] {logging_mixin.py:109} INFO - [2022-02-04 15:50:54,456] {dag.py:2396} INFO - Sync 1 DAGs
[2022-02-04 15:50:54,473] {logging_mixin.py:109} INFO - [2022-02-04 15:50:54,471] {dag.py:2415} INFO - Creating ORM DAG for example_branch_dop_operator_v3
[2022-02-04 15:50:54,492] {logging_mixin.py:109} INFO - [2022-02-04 15:50:54,492] {dag.py:2935} INFO - Setting next_dagrun for example_branch_dop_operator_v3 to 2022-02-04T15:49:00+00:00
[2022-02-04 15:50:54,505] {processor.py:171} INFO - Processing /home/airflow/.local/lib/python3.6/site-packages/airflow/example_dags/example_branch_python_dop_operator_3.py took 2.368 seconds
[2022-02-04 15:51:24,992] {processor.py:163} INFO - Started process (PID=469) to work on /home/airflow/.local/lib/python3.6/site-packages/airflow/example_dags/example_branch_python_dop_operator_3.py
[2022-02-04 15:51:24,994] {processor.py:642} INFO - Processing file /home/airflow/.local/lib/python3.6/site-packages/airflow/example_dags/example_branch_python_dop_operator_3.py for tasks to queue
[2022-02-04 15:51:24,994] {logging_mixin.py:109} INFO - [2022-02-04 15:51:24,994] {dagbag.py:500} INFO - Filling up the DagBag from /home/airflow/.local/lib/python3.6/site-packages/airflow/example_dags/example_branch_python_dop_operator_3.py
[2022-02-04 15:51:25,014] {processor.py:654} INFO - DAG(s) dict_keys(['example_branch_dop_operator_v3']) retrieved from /home/airflow/.local/lib/python3.6/site-packages/airflow/example_dags/example_branch_python_dop_operator_3.py
[2022-02-04 15:51:25,021] {logging_mixin.py:109} INFO - [2022-02-04 15:51:25,021] {dag.py:2396} INFO - Sync 1 DAGs
[2022-02-04 15:51:25,038] {logging_mixin.py:109} INFO - [2022-02-04 15:51:25,038] {dag.py:2935} INFO - Setting next_dagrun for example_branch_dop_operator_v3 to 2022-02-04T15:50:00+00:00
[2022-02-04 15:51:25,044] {processor.py:171} INFO - Processing /home/airflow/.local/lib/python3.6/site-packages/airflow/example_dags/example_branch_python_dop_operator_3.py took 0.054 seconds
[2022-02-04 15:51:55,222] {processor.py:163} INFO - Started process (PID=521) to work on /home/airflow/.local/lib/python3.6/site-packages/airflow/example_dags/example_branch_python_dop_operator_3.py
[2022-02-04 15:51:55,225] {processor.py:642} INFO - Processing file /home/airflow/.local/lib/python3.6/site-packages/airflow/example_dags/example_branch_python_dop_operator_3.py for tasks to queue
[2022-02-04 15:51:55,226] {logging_mixin.py:109} INFO - [2022-02-04 15:51:55,226] {dagbag.py:500} INFO - Filling up the DagBag from /home/airflow/.local/lib/python3.6/site-packages/airflow/example_dags/example_branch_python_dop_operator_3.py
[2022-02-04 15:51:55,246] {processor.py:654} INFO - DAG(s) dict_keys(['example_branch_dop_operator_v3']) retrieved from /home/airflow/.local/lib/python3.6/site-packages/airflow/example_dags/example_branch_python_dop_operator_3.py
[2022-02-04 15:51:55,254] {logging_mixin.py:109} INFO - [2022-02-04 15:51:55,254] {dag.py:2396} INFO - Sync 1 DAGs
[2022-02-04 15:51:55,272] {logging_mixin.py:109} INFO - [2022-02-04 15:51:55,272] {dag.py:2935} INFO - Setting next_dagrun for example_branch_dop_operator_v3 to 2022-02-04T15:50:00+00:00
[2022-02-04 15:51:55,280] {processor.py:171} INFO - Processing /home/airflow/.local/lib/python3.6/site-packages/airflow/example_dags/example_branch_python_dop_operator_3.py took 0.060 seconds
[2022-02-04 15:52:25,568] {processor.py:163} INFO - Started process (PID=574) to work on /home/airflow/.local/lib/python3.6/site-packages/airflow/example_dags/example_branch_python_dop_operator_3.py
[2022-02-04 15:52:25,569] {processor.py:642} INFO - Processing file /home/airflow/.local/lib/python3.6/site-packages/airflow/example_dags/example_branch_python_dop_operator_3.py for tasks to queue
[2022-02-04 15:52:25,569] {logging_mixin.py:109} INFO - [2022-02-04 15:52:25,569] {dagbag.py:500} INFO - Filling up the DagBag from /home/airflow/.local/lib/python3.6/site-packages/airflow/example_dags/example_branch_python_dop_operator_3.py
[2022-02-04 15:52:25,589] {processor.py:654} INFO - DAG(s) dict_keys(['example_branch_dop_operator_v3']) retrieved from /home/airflow/.local/lib/python3.6/site-packages/airflow/example_dags/example_branch_python_dop_operator_3.py
[2022-02-04 15:52:25,597] {logging_mixin.py:109} INFO - [2022-02-04 15:52:25,597] {dag.py:2396} INFO - Sync 1 DAGs
[2022-02-04 15:52:25,615] {logging_mixin.py:109} INFO - [2022-02-04 15:52:25,615] {dag.py:2935} INFO - Setting next_dagrun for example_branch_dop_operator_v3 to 2022-02-04T15:51:00+00:00
[2022-02-04 15:52:25,622] {processor.py:171} INFO - Processing /home/airflow/.local/lib/python3.6/site-packages/airflow/example_dags/example_branch_python_dop_operator_3.py took 0.056 seconds
