[2022-02-04 15:51:12,888] {processor.py:163} INFO - Started process (PID=375) to work on /home/airflow/.local/lib/python3.6/site-packages/airflow/example_dags/example_dag_decorator.py
[2022-02-04 15:51:12,889] {processor.py:642} INFO - Processing file /home/airflow/.local/lib/python3.6/site-packages/airflow/example_dags/example_dag_decorator.py for tasks to queue
[2022-02-04 15:51:12,889] {logging_mixin.py:109} INFO - [2022-02-04 15:51:12,889] {dagbag.py:500} INFO - Filling up the DagBag from /home/airflow/.local/lib/python3.6/site-packages/airflow/example_dags/example_dag_decorator.py
[2022-02-04 15:51:12,924] {processor.py:654} INFO - DAG(s) dict_keys(['example_dag_decorator']) retrieved from /home/airflow/.local/lib/python3.6/site-packages/airflow/example_dags/example_dag_decorator.py
[2022-02-04 15:51:14,734] {logging_mixin.py:109} INFO - [2022-02-04 15:51:14,734] {manager.py:496} INFO - Created Permission View: can edit on DAG:example_dag_decorator
[2022-02-04 15:51:14,740] {logging_mixin.py:109} INFO - [2022-02-04 15:51:14,739] {manager.py:496} INFO - Created Permission View: can read on DAG:example_dag_decorator
[2022-02-04 15:51:14,741] {logging_mixin.py:109} INFO - [2022-02-04 15:51:14,740] {dag.py:2396} INFO - Sync 1 DAGs
[2022-02-04 15:51:14,750] {logging_mixin.py:109} INFO - [2022-02-04 15:51:14,749] {dag.py:2415} INFO - Creating ORM DAG for example_dag_decorator
[2022-02-04 15:51:14,755] {logging_mixin.py:109} INFO - [2022-02-04 15:51:14,755] {dag.py:2935} INFO - Setting next_dagrun for example_dag_decorator to None
[2022-02-04 15:51:14,763] {processor.py:171} INFO - Processing /home/airflow/.local/lib/python3.6/site-packages/airflow/example_dags/example_dag_decorator.py took 1.878 seconds
[2022-02-04 15:51:44,846] {processor.py:163} INFO - Started process (PID=499) to work on /home/airflow/.local/lib/python3.6/site-packages/airflow/example_dags/example_dag_decorator.py
[2022-02-04 15:51:44,850] {processor.py:642} INFO - Processing file /home/airflow/.local/lib/python3.6/site-packages/airflow/example_dags/example_dag_decorator.py for tasks to queue
[2022-02-04 15:51:44,851] {logging_mixin.py:109} INFO - [2022-02-04 15:51:44,851] {dagbag.py:500} INFO - Filling up the DagBag from /home/airflow/.local/lib/python3.6/site-packages/airflow/example_dags/example_dag_decorator.py
[2022-02-04 15:51:44,891] {processor.py:654} INFO - DAG(s) dict_keys(['example_dag_decorator']) retrieved from /home/airflow/.local/lib/python3.6/site-packages/airflow/example_dags/example_dag_decorator.py
[2022-02-04 15:51:45,047] {logging_mixin.py:109} INFO - [2022-02-04 15:51:45,046] {dag.py:2396} INFO - Sync 1 DAGs
[2022-02-04 15:51:45,057] {logging_mixin.py:109} INFO - [2022-02-04 15:51:45,057] {dag.py:2935} INFO - Setting next_dagrun for example_dag_decorator to None
[2022-02-04 15:51:45,072] {processor.py:171} INFO - Processing /home/airflow/.local/lib/python3.6/site-packages/airflow/example_dags/example_dag_decorator.py took 0.229 seconds
[2022-02-04 15:52:15,193] {processor.py:163} INFO - Started process (PID=562) to work on /home/airflow/.local/lib/python3.6/site-packages/airflow/example_dags/example_dag_decorator.py
[2022-02-04 15:52:15,194] {processor.py:642} INFO - Processing file /home/airflow/.local/lib/python3.6/site-packages/airflow/example_dags/example_dag_decorator.py for tasks to queue
[2022-02-04 15:52:15,195] {logging_mixin.py:109} INFO - [2022-02-04 15:52:15,195] {dagbag.py:500} INFO - Filling up the DagBag from /home/airflow/.local/lib/python3.6/site-packages/airflow/example_dags/example_dag_decorator.py
[2022-02-04 15:52:15,230] {processor.py:654} INFO - DAG(s) dict_keys(['example_dag_decorator']) retrieved from /home/airflow/.local/lib/python3.6/site-packages/airflow/example_dags/example_dag_decorator.py
[2022-02-04 15:52:15,471] {logging_mixin.py:109} INFO - [2022-02-04 15:52:15,470] {dag.py:2396} INFO - Sync 1 DAGs
[2022-02-04 15:52:15,489] {logging_mixin.py:109} INFO - [2022-02-04 15:52:15,489] {dag.py:2935} INFO - Setting next_dagrun for example_dag_decorator to None
[2022-02-04 15:52:15,500] {processor.py:171} INFO - Processing /home/airflow/.local/lib/python3.6/site-packages/airflow/example_dags/example_dag_decorator.py took 0.310 seconds
