[2022-02-04 15:50:57,056] {processor.py:163} INFO - Started process (PID=157) to work on /home/airflow/.local/lib/python3.6/site-packages/airflow/example_dags/example_time_delta_sensor_async.py
[2022-02-04 15:50:57,057] {processor.py:642} INFO - Processing file /home/airflow/.local/lib/python3.6/site-packages/airflow/example_dags/example_time_delta_sensor_async.py for tasks to queue
[2022-02-04 15:50:57,058] {logging_mixin.py:109} INFO - [2022-02-04 15:50:57,057] {dagbag.py:500} INFO - Filling up the DagBag from /home/airflow/.local/lib/python3.6/site-packages/airflow/example_dags/example_time_delta_sensor_async.py
[2022-02-04 15:50:57,092] {processor.py:654} INFO - DAG(s) dict_keys(['example_time_delta_sensor_async']) retrieved from /home/airflow/.local/lib/python3.6/site-packages/airflow/example_dags/example_time_delta_sensor_async.py
[2022-02-04 15:50:59,538] {logging_mixin.py:109} INFO - [2022-02-04 15:50:59,538] {manager.py:496} INFO - Created Permission View: can edit on DAG:example_time_delta_sensor_async
[2022-02-04 15:50:59,552] {logging_mixin.py:109} INFO - [2022-02-04 15:50:59,552] {manager.py:496} INFO - Created Permission View: can read on DAG:example_time_delta_sensor_async
[2022-02-04 15:50:59,554] {logging_mixin.py:109} INFO - [2022-02-04 15:50:59,552] {dag.py:2396} INFO - Sync 1 DAGs
[2022-02-04 15:50:59,571] {logging_mixin.py:109} INFO - [2022-02-04 15:50:59,569] {dag.py:2415} INFO - Creating ORM DAG for example_time_delta_sensor_async
[2022-02-04 15:50:59,582] {logging_mixin.py:109} INFO - [2022-02-04 15:50:59,582] {dag.py:2935} INFO - Setting next_dagrun for example_time_delta_sensor_async to None
[2022-02-04 15:50:59,597] {processor.py:171} INFO - Processing /home/airflow/.local/lib/python3.6/site-packages/airflow/example_dags/example_time_delta_sensor_async.py took 2.545 seconds
[2022-02-04 15:51:30,131] {processor.py:163} INFO - Started process (PID=473) to work on /home/airflow/.local/lib/python3.6/site-packages/airflow/example_dags/example_time_delta_sensor_async.py
[2022-02-04 15:51:30,135] {processor.py:642} INFO - Processing file /home/airflow/.local/lib/python3.6/site-packages/airflow/example_dags/example_time_delta_sensor_async.py for tasks to queue
[2022-02-04 15:51:30,135] {logging_mixin.py:109} INFO - [2022-02-04 15:51:30,135] {dagbag.py:500} INFO - Filling up the DagBag from /home/airflow/.local/lib/python3.6/site-packages/airflow/example_dags/example_time_delta_sensor_async.py
[2022-02-04 15:51:30,154] {processor.py:654} INFO - DAG(s) dict_keys(['example_time_delta_sensor_async']) retrieved from /home/airflow/.local/lib/python3.6/site-packages/airflow/example_dags/example_time_delta_sensor_async.py
[2022-02-04 15:51:30,162] {logging_mixin.py:109} INFO - [2022-02-04 15:51:30,162] {dag.py:2396} INFO - Sync 1 DAGs
[2022-02-04 15:51:30,175] {logging_mixin.py:109} INFO - [2022-02-04 15:51:30,174] {dag.py:2935} INFO - Setting next_dagrun for example_time_delta_sensor_async to None
[2022-02-04 15:51:30,181] {processor.py:171} INFO - Processing /home/airflow/.local/lib/python3.6/site-packages/airflow/example_dags/example_time_delta_sensor_async.py took 0.052 seconds
[2022-02-04 15:52:00,422] {processor.py:163} INFO - Started process (PID=525) to work on /home/airflow/.local/lib/python3.6/site-packages/airflow/example_dags/example_time_delta_sensor_async.py
[2022-02-04 15:52:00,424] {processor.py:642} INFO - Processing file /home/airflow/.local/lib/python3.6/site-packages/airflow/example_dags/example_time_delta_sensor_async.py for tasks to queue
[2022-02-04 15:52:00,424] {logging_mixin.py:109} INFO - [2022-02-04 15:52:00,424] {dagbag.py:500} INFO - Filling up the DagBag from /home/airflow/.local/lib/python3.6/site-packages/airflow/example_dags/example_time_delta_sensor_async.py
[2022-02-04 15:52:00,451] {processor.py:654} INFO - DAG(s) dict_keys(['example_time_delta_sensor_async']) retrieved from /home/airflow/.local/lib/python3.6/site-packages/airflow/example_dags/example_time_delta_sensor_async.py
[2022-02-04 15:52:00,463] {logging_mixin.py:109} INFO - [2022-02-04 15:52:00,463] {dag.py:2396} INFO - Sync 1 DAGs
[2022-02-04 15:52:00,477] {logging_mixin.py:109} INFO - [2022-02-04 15:52:00,477] {dag.py:2935} INFO - Setting next_dagrun for example_time_delta_sensor_async to None
[2022-02-04 15:52:00,485] {processor.py:171} INFO - Processing /home/airflow/.local/lib/python3.6/site-packages/airflow/example_dags/example_time_delta_sensor_async.py took 0.065 seconds
