[2022-02-04 15:51:16,651] {processor.py:163} INFO - Started process (PID=427) to work on /home/airflow/.local/lib/python3.6/site-packages/airflow/example_dags/example_branch_datetime_operator.py
[2022-02-04 15:51:16,652] {processor.py:642} INFO - Processing file /home/airflow/.local/lib/python3.6/site-packages/airflow/example_dags/example_branch_datetime_operator.py for tasks to queue
[2022-02-04 15:51:16,652] {logging_mixin.py:109} INFO - [2022-02-04 15:51:16,652] {dagbag.py:500} INFO - Filling up the DagBag from /home/airflow/.local/lib/python3.6/site-packages/airflow/example_dags/example_branch_datetime_operator.py
[2022-02-04 15:51:16,679] {processor.py:654} INFO - DAG(s) dict_keys(['example_branch_datetime_operator_2']) retrieved from /home/airflow/.local/lib/python3.6/site-packages/airflow/example_dags/example_branch_datetime_operator.py
[2022-02-04 15:51:18,469] {logging_mixin.py:109} INFO - [2022-02-04 15:51:18,469] {manager.py:496} INFO - Created Permission View: can edit on DAG:example_branch_datetime_operator_2
[2022-02-04 15:51:18,476] {logging_mixin.py:109} INFO - [2022-02-04 15:51:18,476] {manager.py:496} INFO - Created Permission View: can read on DAG:example_branch_datetime_operator_2
[2022-02-04 15:51:18,477] {logging_mixin.py:109} INFO - [2022-02-04 15:51:18,476] {dag.py:2396} INFO - Sync 1 DAGs
[2022-02-04 15:51:18,486] {logging_mixin.py:109} INFO - [2022-02-04 15:51:18,485] {dag.py:2415} INFO - Creating ORM DAG for example_branch_datetime_operator_2
[2022-02-04 15:51:18,493] {logging_mixin.py:109} INFO - [2022-02-04 15:51:18,493] {dag.py:2935} INFO - Setting next_dagrun for example_branch_datetime_operator_2 to 2022-02-03 00:00:00+00:00
[2022-02-04 15:51:18,503] {processor.py:171} INFO - Processing /home/airflow/.local/lib/python3.6/site-packages/airflow/example_dags/example_branch_datetime_operator.py took 1.854 seconds
[2022-02-04 15:51:48,934] {processor.py:163} INFO - Started process (PID=513) to work on /home/airflow/.local/lib/python3.6/site-packages/airflow/example_dags/example_branch_datetime_operator.py
[2022-02-04 15:51:48,938] {processor.py:642} INFO - Processing file /home/airflow/.local/lib/python3.6/site-packages/airflow/example_dags/example_branch_datetime_operator.py for tasks to queue
[2022-02-04 15:51:48,938] {logging_mixin.py:109} INFO - [2022-02-04 15:51:48,938] {dagbag.py:500} INFO - Filling up the DagBag from /home/airflow/.local/lib/python3.6/site-packages/airflow/example_dags/example_branch_datetime_operator.py
[2022-02-04 15:51:48,958] {processor.py:654} INFO - DAG(s) dict_keys(['example_branch_datetime_operator_2']) retrieved from /home/airflow/.local/lib/python3.6/site-packages/airflow/example_dags/example_branch_datetime_operator.py
[2022-02-04 15:51:48,966] {logging_mixin.py:109} INFO - [2022-02-04 15:51:48,966] {dag.py:2396} INFO - Sync 1 DAGs
[2022-02-04 15:51:48,980] {logging_mixin.py:109} INFO - [2022-02-04 15:51:48,980] {dag.py:2935} INFO - Setting next_dagrun for example_branch_datetime_operator_2 to 2022-02-03 00:00:00+00:00
[2022-02-04 15:51:48,987] {processor.py:171} INFO - Processing /home/airflow/.local/lib/python3.6/site-packages/airflow/example_dags/example_branch_datetime_operator.py took 0.055 seconds
[2022-02-04 15:52:19,282] {processor.py:163} INFO - Started process (PID=566) to work on /home/airflow/.local/lib/python3.6/site-packages/airflow/example_dags/example_branch_datetime_operator.py
[2022-02-04 15:52:19,283] {processor.py:642} INFO - Processing file /home/airflow/.local/lib/python3.6/site-packages/airflow/example_dags/example_branch_datetime_operator.py for tasks to queue
[2022-02-04 15:52:19,283] {logging_mixin.py:109} INFO - [2022-02-04 15:52:19,283] {dagbag.py:500} INFO - Filling up the DagBag from /home/airflow/.local/lib/python3.6/site-packages/airflow/example_dags/example_branch_datetime_operator.py
[2022-02-04 15:52:19,307] {processor.py:654} INFO - DAG(s) dict_keys(['example_branch_datetime_operator_2']) retrieved from /home/airflow/.local/lib/python3.6/site-packages/airflow/example_dags/example_branch_datetime_operator.py
[2022-02-04 15:52:19,319] {logging_mixin.py:109} INFO - [2022-02-04 15:52:19,319] {dag.py:2396} INFO - Sync 1 DAGs
[2022-02-04 15:52:19,341] {logging_mixin.py:109} INFO - [2022-02-04 15:52:19,341] {dag.py:2935} INFO - Setting next_dagrun for example_branch_datetime_operator_2 to 2022-02-03 00:00:00+00:00
[2022-02-04 15:52:19,350] {processor.py:171} INFO - Processing /home/airflow/.local/lib/python3.6/site-packages/airflow/example_dags/example_branch_datetime_operator.py took 0.071 seconds
