[2022-02-04 15:50:57,698] {processor.py:163} INFO - Started process (PID=169) to work on /home/airflow/.local/lib/python3.6/site-packages/airflow/example_dags/example_latest_only_with_trigger.py
[2022-02-04 15:50:57,699] {processor.py:642} INFO - Processing file /home/airflow/.local/lib/python3.6/site-packages/airflow/example_dags/example_latest_only_with_trigger.py for tasks to queue
[2022-02-04 15:50:57,700] {logging_mixin.py:109} INFO - [2022-02-04 15:50:57,699] {dagbag.py:500} INFO - Filling up the DagBag from /home/airflow/.local/lib/python3.6/site-packages/airflow/example_dags/example_latest_only_with_trigger.py
[2022-02-04 15:50:57,730] {processor.py:654} INFO - DAG(s) dict_keys(['latest_only_with_trigger']) retrieved from /home/airflow/.local/lib/python3.6/site-packages/airflow/example_dags/example_latest_only_with_trigger.py
[2022-02-04 15:51:00,122] {logging_mixin.py:109} INFO - [2022-02-04 15:51:00,122] {manager.py:496} INFO - Created Permission View: can edit on DAG:latest_only_with_trigger
[2022-02-04 15:51:00,130] {logging_mixin.py:109} INFO - [2022-02-04 15:51:00,129] {manager.py:496} INFO - Created Permission View: can read on DAG:latest_only_with_trigger
[2022-02-04 15:51:00,131] {logging_mixin.py:109} INFO - [2022-02-04 15:51:00,130] {dag.py:2396} INFO - Sync 1 DAGs
[2022-02-04 15:51:00,145] {logging_mixin.py:109} INFO - [2022-02-04 15:51:00,143] {dag.py:2415} INFO - Creating ORM DAG for latest_only_with_trigger
[2022-02-04 15:51:00,153] {logging_mixin.py:109} INFO - [2022-02-04 15:51:00,153] {dag.py:2935} INFO - Setting next_dagrun for latest_only_with_trigger to 2022-02-04T11:51:00.153230+00:00
[2022-02-04 15:51:00,163] {processor.py:171} INFO - Processing /home/airflow/.local/lib/python3.6/site-packages/airflow/example_dags/example_latest_only_with_trigger.py took 2.469 seconds
[2022-02-04 15:51:30,191] {processor.py:163} INFO - Started process (PID=474) to work on /home/airflow/.local/lib/python3.6/site-packages/airflow/example_dags/example_latest_only_with_trigger.py
[2022-02-04 15:51:30,192] {processor.py:642} INFO - Processing file /home/airflow/.local/lib/python3.6/site-packages/airflow/example_dags/example_latest_only_with_trigger.py for tasks to queue
[2022-02-04 15:51:30,193] {logging_mixin.py:109} INFO - [2022-02-04 15:51:30,192] {dagbag.py:500} INFO - Filling up the DagBag from /home/airflow/.local/lib/python3.6/site-packages/airflow/example_dags/example_latest_only_with_trigger.py
[2022-02-04 15:51:30,211] {processor.py:654} INFO - DAG(s) dict_keys(['latest_only_with_trigger']) retrieved from /home/airflow/.local/lib/python3.6/site-packages/airflow/example_dags/example_latest_only_with_trigger.py
[2022-02-04 15:51:30,218] {logging_mixin.py:109} INFO - [2022-02-04 15:51:30,218] {dag.py:2396} INFO - Sync 1 DAGs
[2022-02-04 15:51:30,231] {logging_mixin.py:109} INFO - [2022-02-04 15:51:30,231] {dag.py:2935} INFO - Setting next_dagrun for latest_only_with_trigger to 2022-02-04T11:51:30.231345+00:00
[2022-02-04 15:51:30,238] {processor.py:171} INFO - Processing /home/airflow/.local/lib/python3.6/site-packages/airflow/example_dags/example_latest_only_with_trigger.py took 0.048 seconds
[2022-02-04 15:52:00,426] {processor.py:163} INFO - Started process (PID=526) to work on /home/airflow/.local/lib/python3.6/site-packages/airflow/example_dags/example_latest_only_with_trigger.py
[2022-02-04 15:52:00,427] {processor.py:642} INFO - Processing file /home/airflow/.local/lib/python3.6/site-packages/airflow/example_dags/example_latest_only_with_trigger.py for tasks to queue
[2022-02-04 15:52:00,428] {logging_mixin.py:109} INFO - [2022-02-04 15:52:00,427] {dagbag.py:500} INFO - Filling up the DagBag from /home/airflow/.local/lib/python3.6/site-packages/airflow/example_dags/example_latest_only_with_trigger.py
[2022-02-04 15:52:00,468] {processor.py:654} INFO - DAG(s) dict_keys(['latest_only_with_trigger']) retrieved from /home/airflow/.local/lib/python3.6/site-packages/airflow/example_dags/example_latest_only_with_trigger.py
[2022-02-04 15:52:00,476] {logging_mixin.py:109} INFO - [2022-02-04 15:52:00,476] {dag.py:2396} INFO - Sync 1 DAGs
[2022-02-04 15:52:00,491] {logging_mixin.py:109} INFO - [2022-02-04 15:52:00,491] {dag.py:2935} INFO - Setting next_dagrun for latest_only_with_trigger to 2022-02-04T11:52:00.491646+00:00
[2022-02-04 15:52:00,498] {processor.py:171} INFO - Processing /home/airflow/.local/lib/python3.6/site-packages/airflow/example_dags/example_latest_only_with_trigger.py took 0.075 seconds
