[2022-02-04 15:51:03,438] {processor.py:163} INFO - Started process (PID=235) to work on /home/airflow/.local/lib/python3.6/site-packages/airflow/example_dags/example_python_operator.py
[2022-02-04 15:51:03,438] {processor.py:642} INFO - Processing file /home/airflow/.local/lib/python3.6/site-packages/airflow/example_dags/example_python_operator.py for tasks to queue
[2022-02-04 15:51:03,439] {logging_mixin.py:109} INFO - [2022-02-04 15:51:03,439] {dagbag.py:500} INFO - Filling up the DagBag from /home/airflow/.local/lib/python3.6/site-packages/airflow/example_dags/example_python_operator.py
[2022-02-04 15:51:03,510] {processor.py:654} INFO - DAG(s) dict_keys(['example_python_operator']) retrieved from /home/airflow/.local/lib/python3.6/site-packages/airflow/example_dags/example_python_operator.py
[2022-02-04 15:51:05,362] {logging_mixin.py:109} INFO - [2022-02-04 15:51:05,362] {manager.py:496} INFO - Created Permission View: can edit on DAG:example_python_operator
[2022-02-04 15:51:05,368] {logging_mixin.py:109} INFO - [2022-02-04 15:51:05,368] {manager.py:496} INFO - Created Permission View: can read on DAG:example_python_operator
[2022-02-04 15:51:05,370] {logging_mixin.py:109} INFO - [2022-02-04 15:51:05,369] {dag.py:2396} INFO - Sync 1 DAGs
[2022-02-04 15:51:05,384] {logging_mixin.py:109} INFO - [2022-02-04 15:51:05,382] {dag.py:2415} INFO - Creating ORM DAG for example_python_operator
[2022-02-04 15:51:05,392] {logging_mixin.py:109} INFO - [2022-02-04 15:51:05,392] {dag.py:2935} INFO - Setting next_dagrun for example_python_operator to None
[2022-02-04 15:51:05,403] {processor.py:171} INFO - Processing /home/airflow/.local/lib/python3.6/site-packages/airflow/example_dags/example_python_operator.py took 1.968 seconds
[2022-02-04 15:51:36,352] {processor.py:163} INFO - Started process (PID=489) to work on /home/airflow/.local/lib/python3.6/site-packages/airflow/example_dags/example_python_operator.py
[2022-02-04 15:51:36,356] {processor.py:642} INFO - Processing file /home/airflow/.local/lib/python3.6/site-packages/airflow/example_dags/example_python_operator.py for tasks to queue
[2022-02-04 15:51:36,356] {logging_mixin.py:109} INFO - [2022-02-04 15:51:36,356] {dagbag.py:500} INFO - Filling up the DagBag from /home/airflow/.local/lib/python3.6/site-packages/airflow/example_dags/example_python_operator.py
[2022-02-04 15:51:36,381] {processor.py:654} INFO - DAG(s) dict_keys(['example_python_operator']) retrieved from /home/airflow/.local/lib/python3.6/site-packages/airflow/example_dags/example_python_operator.py
[2022-02-04 15:51:36,393] {logging_mixin.py:109} INFO - [2022-02-04 15:51:36,392] {dag.py:2396} INFO - Sync 1 DAGs
[2022-02-04 15:51:36,412] {logging_mixin.py:109} INFO - [2022-02-04 15:51:36,411] {dag.py:2935} INFO - Setting next_dagrun for example_python_operator to None
[2022-02-04 15:51:36,420] {processor.py:171} INFO - Processing /home/airflow/.local/lib/python3.6/site-packages/airflow/example_dags/example_python_operator.py took 0.069 seconds
[2022-02-04 15:52:06,642] {processor.py:163} INFO - Started process (PID=541) to work on /home/airflow/.local/lib/python3.6/site-packages/airflow/example_dags/example_python_operator.py
[2022-02-04 15:52:06,642] {processor.py:642} INFO - Processing file /home/airflow/.local/lib/python3.6/site-packages/airflow/example_dags/example_python_operator.py for tasks to queue
[2022-02-04 15:52:06,643] {logging_mixin.py:109} INFO - [2022-02-04 15:52:06,643] {dagbag.py:500} INFO - Filling up the DagBag from /home/airflow/.local/lib/python3.6/site-packages/airflow/example_dags/example_python_operator.py
[2022-02-04 15:52:06,667] {processor.py:654} INFO - DAG(s) dict_keys(['example_python_operator']) retrieved from /home/airflow/.local/lib/python3.6/site-packages/airflow/example_dags/example_python_operator.py
[2022-02-04 15:52:06,677] {logging_mixin.py:109} INFO - [2022-02-04 15:52:06,677] {dag.py:2396} INFO - Sync 1 DAGs
[2022-02-04 15:52:06,692] {logging_mixin.py:109} INFO - [2022-02-04 15:52:06,692] {dag.py:2935} INFO - Setting next_dagrun for example_python_operator to None
[2022-02-04 15:52:06,699] {processor.py:171} INFO - Processing /home/airflow/.local/lib/python3.6/site-packages/airflow/example_dags/example_python_operator.py took 0.060 seconds
