[2022-02-04 15:50:49,734] {processor.py:163} INFO - Started process (PID=70) to work on /home/airflow/.local/lib/python3.6/site-packages/airflow/example_dags/example_task_group_decorator.py
[2022-02-04 15:50:49,735] {processor.py:642} INFO - Processing file /home/airflow/.local/lib/python3.6/site-packages/airflow/example_dags/example_task_group_decorator.py for tasks to queue
[2022-02-04 15:50:49,735] {logging_mixin.py:109} INFO - [2022-02-04 15:50:49,735] {dagbag.py:500} INFO - Filling up the DagBag from /home/airflow/.local/lib/python3.6/site-packages/airflow/example_dags/example_task_group_decorator.py
[2022-02-04 15:50:49,787] {processor.py:654} INFO - DAG(s) dict_keys(['example_task_group_decorator']) retrieved from /home/airflow/.local/lib/python3.6/site-packages/airflow/example_dags/example_task_group_decorator.py
[2022-02-04 15:50:52,054] {logging_mixin.py:109} INFO - [2022-02-04 15:50:52,054] {manager.py:496} INFO - Created Permission View: can edit on DAG:example_task_group_decorator
[2022-02-04 15:50:52,064] {logging_mixin.py:109} INFO - [2022-02-04 15:50:52,064] {manager.py:496} INFO - Created Permission View: can read on DAG:example_task_group_decorator
[2022-02-04 15:50:52,066] {logging_mixin.py:109} INFO - [2022-02-04 15:50:52,064] {dag.py:2396} INFO - Sync 1 DAGs
[2022-02-04 15:50:52,081] {logging_mixin.py:109} INFO - [2022-02-04 15:50:52,079] {dag.py:2415} INFO - Creating ORM DAG for example_task_group_decorator
[2022-02-04 15:50:52,091] {logging_mixin.py:109} INFO - [2022-02-04 15:50:52,091] {dag.py:2935} INFO - Setting next_dagrun for example_task_group_decorator to 2022-02-03T15:50:52.091239+00:00
[2022-02-04 15:50:52,106] {processor.py:171} INFO - Processing /home/airflow/.local/lib/python3.6/site-packages/airflow/example_dags/example_task_group_decorator.py took 2.374 seconds
[2022-02-04 15:51:22,913] {processor.py:163} INFO - Started process (PID=458) to work on /home/airflow/.local/lib/python3.6/site-packages/airflow/example_dags/example_task_group_decorator.py
[2022-02-04 15:51:22,916] {processor.py:642} INFO - Processing file /home/airflow/.local/lib/python3.6/site-packages/airflow/example_dags/example_task_group_decorator.py for tasks to queue
[2022-02-04 15:51:22,918] {logging_mixin.py:109} INFO - [2022-02-04 15:51:22,917] {dagbag.py:500} INFO - Filling up the DagBag from /home/airflow/.local/lib/python3.6/site-packages/airflow/example_dags/example_task_group_decorator.py
[2022-02-04 15:51:22,964] {processor.py:654} INFO - DAG(s) dict_keys(['example_task_group_decorator']) retrieved from /home/airflow/.local/lib/python3.6/site-packages/airflow/example_dags/example_task_group_decorator.py
[2022-02-04 15:51:23,134] {logging_mixin.py:109} INFO - [2022-02-04 15:51:23,134] {dag.py:2396} INFO - Sync 1 DAGs
[2022-02-04 15:51:23,145] {logging_mixin.py:109} INFO - [2022-02-04 15:51:23,145] {dag.py:2935} INFO - Setting next_dagrun for example_task_group_decorator to 2022-02-03T15:51:23.145535+00:00
[2022-02-04 15:51:23,154] {processor.py:171} INFO - Processing /home/airflow/.local/lib/python3.6/site-packages/airflow/example_dags/example_task_group_decorator.py took 0.250 seconds
[2022-02-04 15:51:53,214] {processor.py:163} INFO - Started process (PID=520) to work on /home/airflow/.local/lib/python3.6/site-packages/airflow/example_dags/example_task_group_decorator.py
[2022-02-04 15:51:53,215] {processor.py:642} INFO - Processing file /home/airflow/.local/lib/python3.6/site-packages/airflow/example_dags/example_task_group_decorator.py for tasks to queue
[2022-02-04 15:51:53,215] {logging_mixin.py:109} INFO - [2022-02-04 15:51:53,215] {dagbag.py:500} INFO - Filling up the DagBag from /home/airflow/.local/lib/python3.6/site-packages/airflow/example_dags/example_task_group_decorator.py
[2022-02-04 15:51:53,244] {processor.py:654} INFO - DAG(s) dict_keys(['example_task_group_decorator']) retrieved from /home/airflow/.local/lib/python3.6/site-packages/airflow/example_dags/example_task_group_decorator.py
[2022-02-04 15:51:53,403] {logging_mixin.py:109} INFO - [2022-02-04 15:51:53,403] {dag.py:2396} INFO - Sync 1 DAGs
[2022-02-04 15:51:53,415] {logging_mixin.py:109} INFO - [2022-02-04 15:51:53,415] {dag.py:2935} INFO - Setting next_dagrun for example_task_group_decorator to 2022-02-03T15:51:53.415199+00:00
[2022-02-04 15:51:53,423] {processor.py:171} INFO - Processing /home/airflow/.local/lib/python3.6/site-packages/airflow/example_dags/example_task_group_decorator.py took 0.211 seconds
[2022-02-04 15:52:23,493] {processor.py:163} INFO - Started process (PID=573) to work on /home/airflow/.local/lib/python3.6/site-packages/airflow/example_dags/example_task_group_decorator.py
[2022-02-04 15:52:23,494] {processor.py:642} INFO - Processing file /home/airflow/.local/lib/python3.6/site-packages/airflow/example_dags/example_task_group_decorator.py for tasks to queue
[2022-02-04 15:52:23,495] {logging_mixin.py:109} INFO - [2022-02-04 15:52:23,495] {dagbag.py:500} INFO - Filling up the DagBag from /home/airflow/.local/lib/python3.6/site-packages/airflow/example_dags/example_task_group_decorator.py
[2022-02-04 15:52:23,536] {processor.py:654} INFO - DAG(s) dict_keys(['example_task_group_decorator']) retrieved from /home/airflow/.local/lib/python3.6/site-packages/airflow/example_dags/example_task_group_decorator.py
[2022-02-04 15:52:23,732] {logging_mixin.py:109} INFO - [2022-02-04 15:52:23,732] {dag.py:2396} INFO - Sync 1 DAGs
[2022-02-04 15:52:23,750] {logging_mixin.py:109} INFO - [2022-02-04 15:52:23,750] {dag.py:2935} INFO - Setting next_dagrun for example_task_group_decorator to 2022-02-03T15:52:23.749824+00:00
[2022-02-04 15:52:23,761] {processor.py:171} INFO - Processing /home/airflow/.local/lib/python3.6/site-packages/airflow/example_dags/example_task_group_decorator.py took 0.270 seconds
