[2022-02-04 15:50:49,724] {processor.py:163} INFO - Started process (PID=69) to work on /home/airflow/.local/lib/python3.6/site-packages/airflow/example_dags/example_branch_labels.py
[2022-02-04 15:50:49,725] {processor.py:642} INFO - Processing file /home/airflow/.local/lib/python3.6/site-packages/airflow/example_dags/example_branch_labels.py for tasks to queue
[2022-02-04 15:50:49,726] {logging_mixin.py:109} INFO - [2022-02-04 15:50:49,726] {dagbag.py:500} INFO - Filling up the DagBag from /home/airflow/.local/lib/python3.6/site-packages/airflow/example_dags/example_branch_labels.py
[2022-02-04 15:50:49,755] {processor.py:654} INFO - DAG(s) dict_keys(['example_branch_labels']) retrieved from /home/airflow/.local/lib/python3.6/site-packages/airflow/example_dags/example_branch_labels.py
[2022-02-04 15:50:52,044] {logging_mixin.py:109} INFO - [2022-02-04 15:50:52,044] {manager.py:496} INFO - Created Permission View: can edit on DAG:example_branch_labels
[2022-02-04 15:50:52,062] {logging_mixin.py:109} INFO - [2022-02-04 15:50:52,062] {manager.py:496} INFO - Created Permission View: can read on DAG:example_branch_labels
[2022-02-04 15:50:52,065] {logging_mixin.py:109} INFO - [2022-02-04 15:50:52,063] {dag.py:2396} INFO - Sync 1 DAGs
[2022-02-04 15:50:52,079] {logging_mixin.py:109} INFO - [2022-02-04 15:50:52,078] {dag.py:2415} INFO - Creating ORM DAG for example_branch_labels
[2022-02-04 15:50:52,090] {logging_mixin.py:109} INFO - [2022-02-04 15:50:52,090] {dag.py:2935} INFO - Setting next_dagrun for example_branch_labels to 2022-02-03 00:00:00+00:00
[2022-02-04 15:50:52,100] {processor.py:171} INFO - Processing /home/airflow/.local/lib/python3.6/site-packages/airflow/example_dags/example_branch_labels.py took 2.379 seconds
[2022-02-04 15:51:22,905] {processor.py:163} INFO - Started process (PID=457) to work on /home/airflow/.local/lib/python3.6/site-packages/airflow/example_dags/example_branch_labels.py
[2022-02-04 15:51:22,908] {processor.py:642} INFO - Processing file /home/airflow/.local/lib/python3.6/site-packages/airflow/example_dags/example_branch_labels.py for tasks to queue
[2022-02-04 15:51:22,910] {logging_mixin.py:109} INFO - [2022-02-04 15:51:22,910] {dagbag.py:500} INFO - Filling up the DagBag from /home/airflow/.local/lib/python3.6/site-packages/airflow/example_dags/example_branch_labels.py
[2022-02-04 15:51:22,949] {processor.py:654} INFO - DAG(s) dict_keys(['example_branch_labels']) retrieved from /home/airflow/.local/lib/python3.6/site-packages/airflow/example_dags/example_branch_labels.py
[2022-02-04 15:51:22,958] {logging_mixin.py:109} INFO - [2022-02-04 15:51:22,958] {dag.py:2396} INFO - Sync 1 DAGs
[2022-02-04 15:51:22,971] {logging_mixin.py:109} INFO - [2022-02-04 15:51:22,971] {dag.py:2935} INFO - Setting next_dagrun for example_branch_labels to 2022-02-03 00:00:00+00:00
[2022-02-04 15:51:22,977] {processor.py:171} INFO - Processing /home/airflow/.local/lib/python3.6/site-packages/airflow/example_dags/example_branch_labels.py took 0.083 seconds
[2022-02-04 15:51:53,119] {processor.py:163} INFO - Started process (PID=519) to work on /home/airflow/.local/lib/python3.6/site-packages/airflow/example_dags/example_branch_labels.py
[2022-02-04 15:51:53,129] {processor.py:642} INFO - Processing file /home/airflow/.local/lib/python3.6/site-packages/airflow/example_dags/example_branch_labels.py for tasks to queue
[2022-02-04 15:51:53,131] {logging_mixin.py:109} INFO - [2022-02-04 15:51:53,131] {dagbag.py:500} INFO - Filling up the DagBag from /home/airflow/.local/lib/python3.6/site-packages/airflow/example_dags/example_branch_labels.py
[2022-02-04 15:51:53,174] {processor.py:654} INFO - DAG(s) dict_keys(['example_branch_labels']) retrieved from /home/airflow/.local/lib/python3.6/site-packages/airflow/example_dags/example_branch_labels.py
[2022-02-04 15:51:53,183] {logging_mixin.py:109} INFO - [2022-02-04 15:51:53,183] {dag.py:2396} INFO - Sync 1 DAGs
[2022-02-04 15:51:53,196] {logging_mixin.py:109} INFO - [2022-02-04 15:51:53,195] {dag.py:2935} INFO - Setting next_dagrun for example_branch_labels to 2022-02-03 00:00:00+00:00
[2022-02-04 15:51:53,205] {processor.py:171} INFO - Processing /home/airflow/.local/lib/python3.6/site-packages/airflow/example_dags/example_branch_labels.py took 0.094 seconds
[2022-02-04 15:52:23,490] {processor.py:163} INFO - Started process (PID=572) to work on /home/airflow/.local/lib/python3.6/site-packages/airflow/example_dags/example_branch_labels.py
[2022-02-04 15:52:23,491] {processor.py:642} INFO - Processing file /home/airflow/.local/lib/python3.6/site-packages/airflow/example_dags/example_branch_labels.py for tasks to queue
[2022-02-04 15:52:23,492] {logging_mixin.py:109} INFO - [2022-02-04 15:52:23,492] {dagbag.py:500} INFO - Filling up the DagBag from /home/airflow/.local/lib/python3.6/site-packages/airflow/example_dags/example_branch_labels.py
[2022-02-04 15:52:23,514] {processor.py:654} INFO - DAG(s) dict_keys(['example_branch_labels']) retrieved from /home/airflow/.local/lib/python3.6/site-packages/airflow/example_dags/example_branch_labels.py
[2022-02-04 15:52:23,522] {logging_mixin.py:109} INFO - [2022-02-04 15:52:23,522] {dag.py:2396} INFO - Sync 1 DAGs
[2022-02-04 15:52:23,540] {logging_mixin.py:109} INFO - [2022-02-04 15:52:23,540] {dag.py:2935} INFO - Setting next_dagrun for example_branch_labels to 2022-02-03 00:00:00+00:00
[2022-02-04 15:52:23,550] {processor.py:171} INFO - Processing /home/airflow/.local/lib/python3.6/site-packages/airflow/example_dags/example_branch_labels.py took 0.063 seconds
