[2022-02-04 15:51:03,973] {processor.py:163} INFO - Started process (PID=247) to work on /home/airflow/.local/lib/python3.6/site-packages/airflow/example_dags/example_xcomargs.py
[2022-02-04 15:51:03,973] {processor.py:642} INFO - Processing file /home/airflow/.local/lib/python3.6/site-packages/airflow/example_dags/example_xcomargs.py for tasks to queue
[2022-02-04 15:51:03,974] {logging_mixin.py:109} INFO - [2022-02-04 15:51:03,974] {dagbag.py:500} INFO - Filling up the DagBag from /home/airflow/.local/lib/python3.6/site-packages/airflow/example_dags/example_xcomargs.py
[2022-02-04 15:51:04,005] {processor.py:654} INFO - DAG(s) dict_keys(['example_xcom_args', 'example_xcom_args_with_operators']) retrieved from /home/airflow/.local/lib/python3.6/site-packages/airflow/example_dags/example_xcomargs.py
[2022-02-04 15:51:05,685] {logging_mixin.py:109} INFO - [2022-02-04 15:51:05,684] {manager.py:496} INFO - Created Permission View: can edit on DAG:example_xcom_args
[2022-02-04 15:51:05,690] {logging_mixin.py:109} INFO - [2022-02-04 15:51:05,690] {manager.py:496} INFO - Created Permission View: can read on DAG:example_xcom_args
[2022-02-04 15:51:05,711] {logging_mixin.py:109} INFO - [2022-02-04 15:51:05,711] {manager.py:496} INFO - Created Permission View: can edit on DAG:example_xcom_args_with_operators
[2022-02-04 15:51:05,719] {logging_mixin.py:109} INFO - [2022-02-04 15:51:05,719] {manager.py:496} INFO - Created Permission View: can read on DAG:example_xcom_args_with_operators
[2022-02-04 15:51:05,722] {logging_mixin.py:109} INFO - [2022-02-04 15:51:05,720] {dag.py:2396} INFO - Sync 2 DAGs
[2022-02-04 15:51:05,748] {logging_mixin.py:109} INFO - [2022-02-04 15:51:05,746] {dag.py:2415} INFO - Creating ORM DAG for example_xcom_args
[2022-02-04 15:51:05,749] {logging_mixin.py:109} INFO - [2022-02-04 15:51:05,749] {dag.py:2415} INFO - Creating ORM DAG for example_xcom_args_with_operators
[2022-02-04 15:51:05,774] {logging_mixin.py:109} INFO - [2022-02-04 15:51:05,773] {dag.py:2935} INFO - Setting next_dagrun for example_xcom_args to None
[2022-02-04 15:51:05,774] {logging_mixin.py:109} INFO - [2022-02-04 15:51:05,774] {dag.py:2935} INFO - Setting next_dagrun for example_xcom_args_with_operators to None
[2022-02-04 15:51:05,797] {processor.py:171} INFO - Processing /home/airflow/.local/lib/python3.6/site-packages/airflow/example_dags/example_xcomargs.py took 1.827 seconds
[2022-02-04 15:51:36,356] {processor.py:163} INFO - Started process (PID=490) to work on /home/airflow/.local/lib/python3.6/site-packages/airflow/example_dags/example_xcomargs.py
[2022-02-04 15:51:36,357] {processor.py:642} INFO - Processing file /home/airflow/.local/lib/python3.6/site-packages/airflow/example_dags/example_xcomargs.py for tasks to queue
[2022-02-04 15:51:36,357] {logging_mixin.py:109} INFO - [2022-02-04 15:51:36,357] {dagbag.py:500} INFO - Filling up the DagBag from /home/airflow/.local/lib/python3.6/site-packages/airflow/example_dags/example_xcomargs.py
[2022-02-04 15:51:36,383] {processor.py:654} INFO - DAG(s) dict_keys(['example_xcom_args', 'example_xcom_args_with_operators']) retrieved from /home/airflow/.local/lib/python3.6/site-packages/airflow/example_dags/example_xcomargs.py
[2022-02-04 15:51:36,558] {logging_mixin.py:109} INFO - [2022-02-04 15:51:36,558] {dag.py:2396} INFO - Sync 2 DAGs
[2022-02-04 15:51:36,571] {logging_mixin.py:109} INFO - [2022-02-04 15:51:36,571] {dag.py:2935} INFO - Setting next_dagrun for example_xcom_args to None
[2022-02-04 15:51:36,571] {logging_mixin.py:109} INFO - [2022-02-04 15:51:36,571] {dag.py:2935} INFO - Setting next_dagrun for example_xcom_args_with_operators to None
[2022-02-04 15:51:36,581] {processor.py:171} INFO - Processing /home/airflow/.local/lib/python3.6/site-packages/airflow/example_dags/example_xcomargs.py took 0.227 seconds
[2022-02-04 15:52:06,644] {processor.py:163} INFO - Started process (PID=542) to work on /home/airflow/.local/lib/python3.6/site-packages/airflow/example_dags/example_xcomargs.py
[2022-02-04 15:52:06,645] {processor.py:642} INFO - Processing file /home/airflow/.local/lib/python3.6/site-packages/airflow/example_dags/example_xcomargs.py for tasks to queue
[2022-02-04 15:52:06,645] {logging_mixin.py:109} INFO - [2022-02-04 15:52:06,645] {dagbag.py:500} INFO - Filling up the DagBag from /home/airflow/.local/lib/python3.6/site-packages/airflow/example_dags/example_xcomargs.py
[2022-02-04 15:52:06,671] {processor.py:654} INFO - DAG(s) dict_keys(['example_xcom_args', 'example_xcom_args_with_operators']) retrieved from /home/airflow/.local/lib/python3.6/site-packages/airflow/example_dags/example_xcomargs.py
[2022-02-04 15:52:06,838] {logging_mixin.py:109} INFO - [2022-02-04 15:52:06,838] {dag.py:2396} INFO - Sync 2 DAGs
[2022-02-04 15:52:06,850] {logging_mixin.py:109} INFO - [2022-02-04 15:52:06,850] {dag.py:2935} INFO - Setting next_dagrun for example_xcom_args to None
[2022-02-04 15:52:06,850] {logging_mixin.py:109} INFO - [2022-02-04 15:52:06,850] {dag.py:2935} INFO - Setting next_dagrun for example_xcom_args_with_operators to None
[2022-02-04 15:52:06,857] {processor.py:171} INFO - Processing /home/airflow/.local/lib/python3.6/site-packages/airflow/example_dags/example_xcomargs.py took 0.215 seconds
