[2022-02-04 15:51:05,429] {processor.py:163} INFO - Started process (PID=261) to work on /home/airflow/.local/lib/python3.6/site-packages/airflow/example_dags/example_kubernetes_executor.py
[2022-02-04 15:51:05,430] {processor.py:642} INFO - Processing file /home/airflow/.local/lib/python3.6/site-packages/airflow/example_dags/example_kubernetes_executor.py for tasks to queue
[2022-02-04 15:51:05,430] {logging_mixin.py:109} INFO - [2022-02-04 15:51:05,430] {dagbag.py:500} INFO - Filling up the DagBag from /home/airflow/.local/lib/python3.6/site-packages/airflow/example_dags/example_kubernetes_executor.py
[2022-02-04 15:51:05,457] {processor.py:654} INFO - DAG(s) dict_keys(['example_kubernetes_executor']) retrieved from /home/airflow/.local/lib/python3.6/site-packages/airflow/example_dags/example_kubernetes_executor.py
[2022-02-04 15:51:07,074] {logging_mixin.py:109} INFO - [2022-02-04 15:51:07,074] {manager.py:496} INFO - Created Permission View: can edit on DAG:example_kubernetes_executor
[2022-02-04 15:51:07,080] {logging_mixin.py:109} INFO - [2022-02-04 15:51:07,080] {manager.py:496} INFO - Created Permission View: can read on DAG:example_kubernetes_executor
[2022-02-04 15:51:07,081] {logging_mixin.py:109} INFO - [2022-02-04 15:51:07,080] {dag.py:2396} INFO - Sync 1 DAGs
[2022-02-04 15:51:07,091] {logging_mixin.py:109} INFO - [2022-02-04 15:51:07,090] {dag.py:2415} INFO - Creating ORM DAG for example_kubernetes_executor
[2022-02-04 15:51:07,096] {logging_mixin.py:109} INFO - [2022-02-04 15:51:07,096] {dag.py:2935} INFO - Setting next_dagrun for example_kubernetes_executor to None
[2022-02-04 15:51:07,105] {processor.py:171} INFO - Processing /home/airflow/.local/lib/python3.6/site-packages/airflow/example_dags/example_kubernetes_executor.py took 1.678 seconds
[2022-02-04 15:51:37,434] {processor.py:163} INFO - Started process (PID=491) to work on /home/airflow/.local/lib/python3.6/site-packages/airflow/example_dags/example_kubernetes_executor.py
[2022-02-04 15:51:37,437] {processor.py:642} INFO - Processing file /home/airflow/.local/lib/python3.6/site-packages/airflow/example_dags/example_kubernetes_executor.py for tasks to queue
[2022-02-04 15:51:37,438] {logging_mixin.py:109} INFO - [2022-02-04 15:51:37,438] {dagbag.py:500} INFO - Filling up the DagBag from /home/airflow/.local/lib/python3.6/site-packages/airflow/example_dags/example_kubernetes_executor.py
[2022-02-04 15:51:37,465] {processor.py:654} INFO - DAG(s) dict_keys(['example_kubernetes_executor']) retrieved from /home/airflow/.local/lib/python3.6/site-packages/airflow/example_dags/example_kubernetes_executor.py
[2022-02-04 15:51:37,479] {logging_mixin.py:109} INFO - [2022-02-04 15:51:37,479] {dag.py:2396} INFO - Sync 1 DAGs
[2022-02-04 15:51:37,497] {logging_mixin.py:109} INFO - [2022-02-04 15:51:37,497] {dag.py:2935} INFO - Setting next_dagrun for example_kubernetes_executor to None
[2022-02-04 15:51:37,507] {processor.py:171} INFO - Processing /home/airflow/.local/lib/python3.6/site-packages/airflow/example_dags/example_kubernetes_executor.py took 0.076 seconds
[2022-02-04 15:52:07,721] {processor.py:163} INFO - Started process (PID=543) to work on /home/airflow/.local/lib/python3.6/site-packages/airflow/example_dags/example_kubernetes_executor.py
[2022-02-04 15:52:07,721] {processor.py:642} INFO - Processing file /home/airflow/.local/lib/python3.6/site-packages/airflow/example_dags/example_kubernetes_executor.py for tasks to queue
[2022-02-04 15:52:07,722] {logging_mixin.py:109} INFO - [2022-02-04 15:52:07,722] {dagbag.py:500} INFO - Filling up the DagBag from /home/airflow/.local/lib/python3.6/site-packages/airflow/example_dags/example_kubernetes_executor.py
[2022-02-04 15:52:07,746] {processor.py:654} INFO - DAG(s) dict_keys(['example_kubernetes_executor']) retrieved from /home/airflow/.local/lib/python3.6/site-packages/airflow/example_dags/example_kubernetes_executor.py
[2022-02-04 15:52:07,755] {logging_mixin.py:109} INFO - [2022-02-04 15:52:07,755] {dag.py:2396} INFO - Sync 1 DAGs
[2022-02-04 15:52:07,769] {logging_mixin.py:109} INFO - [2022-02-04 15:52:07,769] {dag.py:2935} INFO - Setting next_dagrun for example_kubernetes_executor to None
[2022-02-04 15:52:07,776] {processor.py:171} INFO - Processing /home/airflow/.local/lib/python3.6/site-packages/airflow/example_dags/example_kubernetes_executor.py took 0.057 seconds
