[2022-02-04 15:51:01,584] {processor.py:163} INFO - Started process (PID=209) to work on /home/airflow/.local/lib/python3.6/site-packages/airflow/example_dags/example_branch_day_of_week_operator.py
[2022-02-04 15:51:01,584] {processor.py:642} INFO - Processing file /home/airflow/.local/lib/python3.6/site-packages/airflow/example_dags/example_branch_day_of_week_operator.py for tasks to queue
[2022-02-04 15:51:01,585] {logging_mixin.py:109} INFO - [2022-02-04 15:51:01,585] {dagbag.py:500} INFO - Filling up the DagBag from /home/airflow/.local/lib/python3.6/site-packages/airflow/example_dags/example_branch_day_of_week_operator.py
[2022-02-04 15:51:01,607] {processor.py:654} INFO - DAG(s) dict_keys(['example_weekday_branch_operator']) retrieved from /home/airflow/.local/lib/python3.6/site-packages/airflow/example_dags/example_branch_day_of_week_operator.py
[2022-02-04 15:51:03,377] {logging_mixin.py:109} INFO - [2022-02-04 15:51:03,377] {manager.py:496} INFO - Created Permission View: can edit on DAG:example_weekday_branch_operator
[2022-02-04 15:51:03,383] {logging_mixin.py:109} INFO - [2022-02-04 15:51:03,383] {manager.py:496} INFO - Created Permission View: can read on DAG:example_weekday_branch_operator
[2022-02-04 15:51:03,384] {logging_mixin.py:109} INFO - [2022-02-04 15:51:03,383] {dag.py:2396} INFO - Sync 1 DAGs
[2022-02-04 15:51:03,396] {logging_mixin.py:109} INFO - [2022-02-04 15:51:03,394] {dag.py:2415} INFO - Creating ORM DAG for example_weekday_branch_operator
[2022-02-04 15:51:03,404] {logging_mixin.py:109} INFO - [2022-02-04 15:51:03,404] {dag.py:2935} INFO - Setting next_dagrun for example_weekday_branch_operator to 2022-02-03 00:00:00+00:00
[2022-02-04 15:51:03,416] {processor.py:171} INFO - Processing /home/airflow/.local/lib/python3.6/site-packages/airflow/example_dags/example_branch_day_of_week_operator.py took 1.835 seconds
[2022-02-04 15:51:34,272] {processor.py:163} INFO - Started process (PID=477) to work on /home/airflow/.local/lib/python3.6/site-packages/airflow/example_dags/example_branch_day_of_week_operator.py
[2022-02-04 15:51:34,273] {processor.py:642} INFO - Processing file /home/airflow/.local/lib/python3.6/site-packages/airflow/example_dags/example_branch_day_of_week_operator.py for tasks to queue
[2022-02-04 15:51:34,273] {logging_mixin.py:109} INFO - [2022-02-04 15:51:34,273] {dagbag.py:500} INFO - Filling up the DagBag from /home/airflow/.local/lib/python3.6/site-packages/airflow/example_dags/example_branch_day_of_week_operator.py
[2022-02-04 15:51:34,292] {processor.py:654} INFO - DAG(s) dict_keys(['example_weekday_branch_operator']) retrieved from /home/airflow/.local/lib/python3.6/site-packages/airflow/example_dags/example_branch_day_of_week_operator.py
[2022-02-04 15:51:34,301] {logging_mixin.py:109} INFO - [2022-02-04 15:51:34,300] {dag.py:2396} INFO - Sync 1 DAGs
[2022-02-04 15:51:34,316] {logging_mixin.py:109} INFO - [2022-02-04 15:51:34,316] {dag.py:2935} INFO - Setting next_dagrun for example_weekday_branch_operator to 2022-02-03 00:00:00+00:00
[2022-02-04 15:51:34,325] {processor.py:171} INFO - Processing /home/airflow/.local/lib/python3.6/site-packages/airflow/example_dags/example_branch_day_of_week_operator.py took 0.055 seconds
[2022-02-04 15:52:04,573] {processor.py:163} INFO - Started process (PID=539) to work on /home/airflow/.local/lib/python3.6/site-packages/airflow/example_dags/example_branch_day_of_week_operator.py
[2022-02-04 15:52:04,576] {processor.py:642} INFO - Processing file /home/airflow/.local/lib/python3.6/site-packages/airflow/example_dags/example_branch_day_of_week_operator.py for tasks to queue
[2022-02-04 15:52:04,577] {logging_mixin.py:109} INFO - [2022-02-04 15:52:04,577] {dagbag.py:500} INFO - Filling up the DagBag from /home/airflow/.local/lib/python3.6/site-packages/airflow/example_dags/example_branch_day_of_week_operator.py
[2022-02-04 15:52:04,598] {processor.py:654} INFO - DAG(s) dict_keys(['example_weekday_branch_operator']) retrieved from /home/airflow/.local/lib/python3.6/site-packages/airflow/example_dags/example_branch_day_of_week_operator.py
[2022-02-04 15:52:04,605] {logging_mixin.py:109} INFO - [2022-02-04 15:52:04,605] {dag.py:2396} INFO - Sync 1 DAGs
[2022-02-04 15:52:04,620] {logging_mixin.py:109} INFO - [2022-02-04 15:52:04,620] {dag.py:2935} INFO - Setting next_dagrun for example_weekday_branch_operator to 2022-02-03 00:00:00+00:00
[2022-02-04 15:52:04,626] {processor.py:171} INFO - Processing /home/airflow/.local/lib/python3.6/site-packages/airflow/example_dags/example_branch_day_of_week_operator.py took 0.056 seconds
