[2022-02-04 15:51:07,124] {processor.py:163} INFO - Started process (PID=287) to work on /home/airflow/.local/lib/python3.6/site-packages/airflow/example_dags/example_task_group.py
[2022-02-04 15:51:07,124] {processor.py:642} INFO - Processing file /home/airflow/.local/lib/python3.6/site-packages/airflow/example_dags/example_task_group.py for tasks to queue
[2022-02-04 15:51:07,125] {logging_mixin.py:109} INFO - [2022-02-04 15:51:07,125] {dagbag.py:500} INFO - Filling up the DagBag from /home/airflow/.local/lib/python3.6/site-packages/airflow/example_dags/example_task_group.py
[2022-02-04 15:51:07,147] {processor.py:654} INFO - DAG(s) dict_keys(['example_task_group']) retrieved from /home/airflow/.local/lib/python3.6/site-packages/airflow/example_dags/example_task_group.py
[2022-02-04 15:51:08,999] {logging_mixin.py:109} INFO - [2022-02-04 15:51:08,999] {manager.py:496} INFO - Created Permission View: can edit on DAG:example_task_group
[2022-02-04 15:51:09,006] {logging_mixin.py:109} INFO - [2022-02-04 15:51:09,006] {manager.py:496} INFO - Created Permission View: can read on DAG:example_task_group
[2022-02-04 15:51:09,007] {logging_mixin.py:109} INFO - [2022-02-04 15:51:09,006] {dag.py:2396} INFO - Sync 1 DAGs
[2022-02-04 15:51:09,017] {logging_mixin.py:109} INFO - [2022-02-04 15:51:09,016] {dag.py:2415} INFO - Creating ORM DAG for example_task_group
[2022-02-04 15:51:09,023] {logging_mixin.py:109} INFO - [2022-02-04 15:51:09,023] {dag.py:2935} INFO - Setting next_dagrun for example_task_group to 2022-02-03T15:51:09.023644+00:00
[2022-02-04 15:51:09,032] {processor.py:171} INFO - Processing /home/airflow/.local/lib/python3.6/site-packages/airflow/example_dags/example_task_group.py took 1.911 seconds
[2022-02-04 15:51:39,465] {processor.py:163} INFO - Started process (PID=493) to work on /home/airflow/.local/lib/python3.6/site-packages/airflow/example_dags/example_task_group.py
[2022-02-04 15:51:39,471] {processor.py:642} INFO - Processing file /home/airflow/.local/lib/python3.6/site-packages/airflow/example_dags/example_task_group.py for tasks to queue
[2022-02-04 15:51:39,473] {logging_mixin.py:109} INFO - [2022-02-04 15:51:39,472] {dagbag.py:500} INFO - Filling up the DagBag from /home/airflow/.local/lib/python3.6/site-packages/airflow/example_dags/example_task_group.py
[2022-02-04 15:51:39,512] {processor.py:654} INFO - DAG(s) dict_keys(['example_task_group']) retrieved from /home/airflow/.local/lib/python3.6/site-packages/airflow/example_dags/example_task_group.py
[2022-02-04 15:51:39,523] {logging_mixin.py:109} INFO - [2022-02-04 15:51:39,523] {dag.py:2396} INFO - Sync 1 DAGs
[2022-02-04 15:51:39,539] {logging_mixin.py:109} INFO - [2022-02-04 15:51:39,539] {dag.py:2935} INFO - Setting next_dagrun for example_task_group to 2022-02-03T15:51:39.539504+00:00
[2022-02-04 15:51:39,546] {processor.py:171} INFO - Processing /home/airflow/.local/lib/python3.6/site-packages/airflow/example_dags/example_task_group.py took 0.090 seconds
[2022-02-04 15:52:09,792] {processor.py:163} INFO - Started process (PID=545) to work on /home/airflow/.local/lib/python3.6/site-packages/airflow/example_dags/example_task_group.py
[2022-02-04 15:52:09,793] {processor.py:642} INFO - Processing file /home/airflow/.local/lib/python3.6/site-packages/airflow/example_dags/example_task_group.py for tasks to queue
[2022-02-04 15:52:09,793] {logging_mixin.py:109} INFO - [2022-02-04 15:52:09,793] {dagbag.py:500} INFO - Filling up the DagBag from /home/airflow/.local/lib/python3.6/site-packages/airflow/example_dags/example_task_group.py
[2022-02-04 15:52:09,815] {processor.py:654} INFO - DAG(s) dict_keys(['example_task_group']) retrieved from /home/airflow/.local/lib/python3.6/site-packages/airflow/example_dags/example_task_group.py
[2022-02-04 15:52:09,827] {logging_mixin.py:109} INFO - [2022-02-04 15:52:09,827] {dag.py:2396} INFO - Sync 1 DAGs
[2022-02-04 15:52:09,845] {logging_mixin.py:109} INFO - [2022-02-04 15:52:09,845] {dag.py:2935} INFO - Setting next_dagrun for example_task_group to 2022-02-03T15:52:09.845227+00:00
[2022-02-04 15:52:09,853] {processor.py:171} INFO - Processing /home/airflow/.local/lib/python3.6/site-packages/airflow/example_dags/example_task_group.py took 0.063 seconds
