[2022-02-04 15:51:11,443] {processor.py:163} INFO - Started process (PID=361) to work on /home/airflow/.local/lib/python3.6/site-packages/airflow/example_dags/tutorial_taskflow_api_etl.py
[2022-02-04 15:51:11,444] {processor.py:642} INFO - Processing file /home/airflow/.local/lib/python3.6/site-packages/airflow/example_dags/tutorial_taskflow_api_etl.py for tasks to queue
[2022-02-04 15:51:11,444] {logging_mixin.py:109} INFO - [2022-02-04 15:51:11,444] {dagbag.py:500} INFO - Filling up the DagBag from /home/airflow/.local/lib/python3.6/site-packages/airflow/example_dags/tutorial_taskflow_api_etl.py
[2022-02-04 15:51:11,477] {processor.py:654} INFO - DAG(s) dict_keys(['tutorial_taskflow_api_etl']) retrieved from /home/airflow/.local/lib/python3.6/site-packages/airflow/example_dags/tutorial_taskflow_api_etl.py
[2022-02-04 15:51:13,305] {logging_mixin.py:109} INFO - [2022-02-04 15:51:13,305] {manager.py:496} INFO - Created Permission View: can edit on DAG:tutorial_taskflow_api_etl
[2022-02-04 15:51:13,313] {logging_mixin.py:109} INFO - [2022-02-04 15:51:13,313] {manager.py:496} INFO - Created Permission View: can read on DAG:tutorial_taskflow_api_etl
[2022-02-04 15:51:13,315] {logging_mixin.py:109} INFO - [2022-02-04 15:51:13,313] {dag.py:2396} INFO - Sync 1 DAGs
[2022-02-04 15:51:13,328] {logging_mixin.py:109} INFO - [2022-02-04 15:51:13,326] {dag.py:2415} INFO - Creating ORM DAG for tutorial_taskflow_api_etl
[2022-02-04 15:51:13,337] {logging_mixin.py:109} INFO - [2022-02-04 15:51:13,337] {dag.py:2935} INFO - Setting next_dagrun for tutorial_taskflow_api_etl to None
[2022-02-04 15:51:13,347] {processor.py:171} INFO - Processing /home/airflow/.local/lib/python3.6/site-packages/airflow/example_dags/tutorial_taskflow_api_etl.py took 1.908 seconds
[2022-02-04 15:51:43,613] {processor.py:163} INFO - Started process (PID=498) to work on /home/airflow/.local/lib/python3.6/site-packages/airflow/example_dags/tutorial_taskflow_api_etl.py
[2022-02-04 15:51:43,615] {processor.py:642} INFO - Processing file /home/airflow/.local/lib/python3.6/site-packages/airflow/example_dags/tutorial_taskflow_api_etl.py for tasks to queue
[2022-02-04 15:51:43,616] {logging_mixin.py:109} INFO - [2022-02-04 15:51:43,616] {dagbag.py:500} INFO - Filling up the DagBag from /home/airflow/.local/lib/python3.6/site-packages/airflow/example_dags/tutorial_taskflow_api_etl.py
[2022-02-04 15:51:43,648] {processor.py:654} INFO - DAG(s) dict_keys(['tutorial_taskflow_api_etl']) retrieved from /home/airflow/.local/lib/python3.6/site-packages/airflow/example_dags/tutorial_taskflow_api_etl.py
[2022-02-04 15:51:43,806] {logging_mixin.py:109} INFO - [2022-02-04 15:51:43,806] {dag.py:2396} INFO - Sync 1 DAGs
[2022-02-04 15:51:43,818] {logging_mixin.py:109} INFO - [2022-02-04 15:51:43,818] {dag.py:2935} INFO - Setting next_dagrun for tutorial_taskflow_api_etl to None
[2022-02-04 15:51:43,828] {processor.py:171} INFO - Processing /home/airflow/.local/lib/python3.6/site-packages/airflow/example_dags/tutorial_taskflow_api_etl.py took 0.224 seconds
[2022-02-04 15:52:13,884] {processor.py:163} INFO - Started process (PID=561) to work on /home/airflow/.local/lib/python3.6/site-packages/airflow/example_dags/tutorial_taskflow_api_etl.py
[2022-02-04 15:52:13,885] {processor.py:642} INFO - Processing file /home/airflow/.local/lib/python3.6/site-packages/airflow/example_dags/tutorial_taskflow_api_etl.py for tasks to queue
[2022-02-04 15:52:13,885] {logging_mixin.py:109} INFO - [2022-02-04 15:52:13,885] {dagbag.py:500} INFO - Filling up the DagBag from /home/airflow/.local/lib/python3.6/site-packages/airflow/example_dags/tutorial_taskflow_api_etl.py
[2022-02-04 15:52:13,916] {processor.py:654} INFO - DAG(s) dict_keys(['tutorial_taskflow_api_etl']) retrieved from /home/airflow/.local/lib/python3.6/site-packages/airflow/example_dags/tutorial_taskflow_api_etl.py
[2022-02-04 15:52:14,149] {logging_mixin.py:109} INFO - [2022-02-04 15:52:14,149] {dag.py:2396} INFO - Sync 1 DAGs
[2022-02-04 15:52:14,167] {logging_mixin.py:109} INFO - [2022-02-04 15:52:14,167] {dag.py:2935} INFO - Setting next_dagrun for tutorial_taskflow_api_etl to None
[2022-02-04 15:52:14,176] {processor.py:171} INFO - Processing /home/airflow/.local/lib/python3.6/site-packages/airflow/example_dags/tutorial_taskflow_api_etl.py took 0.296 seconds
