[2022-02-04 15:51:15,270] {processor.py:163} INFO - Started process (PID=413) to work on /home/airflow/.local/lib/python3.6/site-packages/airflow/example_dags/tutorial_etl_dag.py
[2022-02-04 15:51:15,271] {processor.py:642} INFO - Processing file /home/airflow/.local/lib/python3.6/site-packages/airflow/example_dags/tutorial_etl_dag.py for tasks to queue
[2022-02-04 15:51:15,271] {logging_mixin.py:109} INFO - [2022-02-04 15:51:15,271] {dagbag.py:500} INFO - Filling up the DagBag from /home/airflow/.local/lib/python3.6/site-packages/airflow/example_dags/tutorial_etl_dag.py
[2022-02-04 15:51:15,293] {processor.py:654} INFO - DAG(s) dict_keys(['tutorial_etl_dag']) retrieved from /home/airflow/.local/lib/python3.6/site-packages/airflow/example_dags/tutorial_etl_dag.py
[2022-02-04 15:51:17,088] {logging_mixin.py:109} INFO - [2022-02-04 15:51:17,088] {manager.py:496} INFO - Created Permission View: can edit on DAG:tutorial_etl_dag
[2022-02-04 15:51:17,099] {logging_mixin.py:109} INFO - [2022-02-04 15:51:17,099] {manager.py:496} INFO - Created Permission View: can read on DAG:tutorial_etl_dag
[2022-02-04 15:51:17,101] {logging_mixin.py:109} INFO - [2022-02-04 15:51:17,099] {dag.py:2396} INFO - Sync 1 DAGs
[2022-02-04 15:51:17,117] {logging_mixin.py:109} INFO - [2022-02-04 15:51:17,115] {dag.py:2415} INFO - Creating ORM DAG for tutorial_etl_dag
[2022-02-04 15:51:17,126] {logging_mixin.py:109} INFO - [2022-02-04 15:51:17,126] {dag.py:2935} INFO - Setting next_dagrun for tutorial_etl_dag to None
[2022-02-04 15:51:17,138] {processor.py:171} INFO - Processing /home/airflow/.local/lib/python3.6/site-packages/airflow/example_dags/tutorial_etl_dag.py took 1.870 seconds
[2022-02-04 15:51:47,879] {processor.py:163} INFO - Started process (PID=502) to work on /home/airflow/.local/lib/python3.6/site-packages/airflow/example_dags/tutorial_etl_dag.py
[2022-02-04 15:51:47,882] {processor.py:642} INFO - Processing file /home/airflow/.local/lib/python3.6/site-packages/airflow/example_dags/tutorial_etl_dag.py for tasks to queue
[2022-02-04 15:51:47,883] {logging_mixin.py:109} INFO - [2022-02-04 15:51:47,883] {dagbag.py:500} INFO - Filling up the DagBag from /home/airflow/.local/lib/python3.6/site-packages/airflow/example_dags/tutorial_etl_dag.py
[2022-02-04 15:51:47,901] {processor.py:654} INFO - DAG(s) dict_keys(['tutorial_etl_dag']) retrieved from /home/airflow/.local/lib/python3.6/site-packages/airflow/example_dags/tutorial_etl_dag.py
[2022-02-04 15:51:47,908] {logging_mixin.py:109} INFO - [2022-02-04 15:51:47,908] {dag.py:2396} INFO - Sync 1 DAGs
[2022-02-04 15:51:47,923] {logging_mixin.py:109} INFO - [2022-02-04 15:51:47,923] {dag.py:2935} INFO - Setting next_dagrun for tutorial_etl_dag to None
[2022-02-04 15:51:47,930] {processor.py:171} INFO - Processing /home/airflow/.local/lib/python3.6/site-packages/airflow/example_dags/tutorial_etl_dag.py took 0.053 seconds
[2022-02-04 15:52:18,215] {processor.py:163} INFO - Started process (PID=565) to work on /home/airflow/.local/lib/python3.6/site-packages/airflow/example_dags/tutorial_etl_dag.py
[2022-02-04 15:52:18,215] {processor.py:642} INFO - Processing file /home/airflow/.local/lib/python3.6/site-packages/airflow/example_dags/tutorial_etl_dag.py for tasks to queue
[2022-02-04 15:52:18,216] {logging_mixin.py:109} INFO - [2022-02-04 15:52:18,216] {dagbag.py:500} INFO - Filling up the DagBag from /home/airflow/.local/lib/python3.6/site-packages/airflow/example_dags/tutorial_etl_dag.py
[2022-02-04 15:52:18,235] {processor.py:654} INFO - DAG(s) dict_keys(['tutorial_etl_dag']) retrieved from /home/airflow/.local/lib/python3.6/site-packages/airflow/example_dags/tutorial_etl_dag.py
[2022-02-04 15:52:18,242] {logging_mixin.py:109} INFO - [2022-02-04 15:52:18,242] {dag.py:2396} INFO - Sync 1 DAGs
[2022-02-04 15:52:18,255] {logging_mixin.py:109} INFO - [2022-02-04 15:52:18,255] {dag.py:2935} INFO - Setting next_dagrun for tutorial_etl_dag to None
[2022-02-04 15:52:18,262] {processor.py:171} INFO - Processing /home/airflow/.local/lib/python3.6/site-packages/airflow/example_dags/tutorial_etl_dag.py took 0.050 seconds
