[2022-02-04 15:51:09,550] {processor.py:163} INFO - Started process (PID=325) to work on /home/airflow/.local/lib/python3.6/site-packages/airflow/example_dags/tutorial.py
[2022-02-04 15:51:09,550] {processor.py:642} INFO - Processing file /home/airflow/.local/lib/python3.6/site-packages/airflow/example_dags/tutorial.py for tasks to queue
[2022-02-04 15:51:09,551] {logging_mixin.py:109} INFO - [2022-02-04 15:51:09,551] {dagbag.py:500} INFO - Filling up the DagBag from /home/airflow/.local/lib/python3.6/site-packages/airflow/example_dags/tutorial.py
[2022-02-04 15:51:09,574] {processor.py:654} INFO - DAG(s) dict_keys(['tutorial']) retrieved from /home/airflow/.local/lib/python3.6/site-packages/airflow/example_dags/tutorial.py
[2022-02-04 15:51:11,366] {logging_mixin.py:109} INFO - [2022-02-04 15:51:11,366] {manager.py:496} INFO - Created Permission View: can edit on DAG:tutorial
[2022-02-04 15:51:11,374] {logging_mixin.py:109} INFO - [2022-02-04 15:51:11,373] {manager.py:496} INFO - Created Permission View: can read on DAG:tutorial
[2022-02-04 15:51:11,375] {logging_mixin.py:109} INFO - [2022-02-04 15:51:11,374] {dag.py:2396} INFO - Sync 1 DAGs
[2022-02-04 15:51:11,391] {logging_mixin.py:109} INFO - [2022-02-04 15:51:11,389] {dag.py:2415} INFO - Creating ORM DAG for tutorial
[2022-02-04 15:51:11,398] {logging_mixin.py:109} INFO - [2022-02-04 15:51:11,398] {dag.py:2935} INFO - Setting next_dagrun for tutorial to 2022-02-03T15:51:11.398443+00:00
[2022-02-04 15:51:11,409] {processor.py:171} INFO - Processing /home/airflow/.local/lib/python3.6/site-packages/airflow/example_dags/tutorial.py took 1.862 seconds
[2022-02-04 15:51:41,574] {processor.py:163} INFO - Started process (PID=496) to work on /home/airflow/.local/lib/python3.6/site-packages/airflow/example_dags/tutorial.py
[2022-02-04 15:51:41,575] {processor.py:642} INFO - Processing file /home/airflow/.local/lib/python3.6/site-packages/airflow/example_dags/tutorial.py for tasks to queue
[2022-02-04 15:51:41,575] {logging_mixin.py:109} INFO - [2022-02-04 15:51:41,575] {dagbag.py:500} INFO - Filling up the DagBag from /home/airflow/.local/lib/python3.6/site-packages/airflow/example_dags/tutorial.py
[2022-02-04 15:51:41,597] {processor.py:654} INFO - DAG(s) dict_keys(['tutorial']) retrieved from /home/airflow/.local/lib/python3.6/site-packages/airflow/example_dags/tutorial.py
[2022-02-04 15:51:41,606] {logging_mixin.py:109} INFO - [2022-02-04 15:51:41,606] {dag.py:2396} INFO - Sync 1 DAGs
[2022-02-04 15:51:41,622] {logging_mixin.py:109} INFO - [2022-02-04 15:51:41,622] {dag.py:2935} INFO - Setting next_dagrun for tutorial to 2022-02-03T15:51:41.622237+00:00
[2022-02-04 15:51:41,630] {processor.py:171} INFO - Processing /home/airflow/.local/lib/python3.6/site-packages/airflow/example_dags/tutorial.py took 0.058 seconds
[2022-02-04 15:52:11,872] {processor.py:163} INFO - Started process (PID=548) to work on /home/airflow/.local/lib/python3.6/site-packages/airflow/example_dags/tutorial.py
[2022-02-04 15:52:11,872] {processor.py:642} INFO - Processing file /home/airflow/.local/lib/python3.6/site-packages/airflow/example_dags/tutorial.py for tasks to queue
[2022-02-04 15:52:11,873] {logging_mixin.py:109} INFO - [2022-02-04 15:52:11,873] {dagbag.py:500} INFO - Filling up the DagBag from /home/airflow/.local/lib/python3.6/site-packages/airflow/example_dags/tutorial.py
[2022-02-04 15:52:11,894] {processor.py:654} INFO - DAG(s) dict_keys(['tutorial']) retrieved from /home/airflow/.local/lib/python3.6/site-packages/airflow/example_dags/tutorial.py
[2022-02-04 15:52:11,903] {logging_mixin.py:109} INFO - [2022-02-04 15:52:11,903] {dag.py:2396} INFO - Sync 1 DAGs
[2022-02-04 15:52:11,918] {logging_mixin.py:109} INFO - [2022-02-04 15:52:11,918] {dag.py:2935} INFO - Setting next_dagrun for tutorial to 2022-02-03T15:52:11.918530+00:00
[2022-02-04 15:52:11,926] {processor.py:171} INFO - Processing /home/airflow/.local/lib/python3.6/site-packages/airflow/example_dags/tutorial.py took 0.056 seconds
