[2022-02-04 15:50:44,455] {manager.py:514} INFO - Processing files using up to 2 processes at a time 
[2022-02-04 15:50:44,456] {manager.py:515} INFO - Process each file at most once every 30 seconds
[2022-02-04 15:50:44,456] {manager.py:517} INFO - Checking for new files in /opt/airflow/dags every 300 seconds
[2022-02-04 15:50:44,456] {manager.py:663} INFO - Searching for files in /opt/airflow/dags
[2022-02-04 15:50:44,532] {manager.py:666} INFO - There are 32 files in /opt/airflow/dags
[2022-02-04 15:50:44,577] {manager.py:1065} INFO - Finding 'running' jobs without a recent heartbeat
[2022-02-04 15:50:44,578] {manager.py:1069} INFO - Failing jobs without heartbeat after 2022-02-04 15:45:44.577996+00:00
[2022-02-04 15:50:44,612] {manager.py:784} INFO - 
================================================================================
DAG File Processing Stats

File Path                                                                                                           PID  Runtime      # DAGs    # Errors  Last Runtime    Last Run
----------------------------------------------------------------------------------------------------------------  -----  ---------  --------  ----------  --------------  ----------
/home/airflow/.local/lib/python3.6/site-packages/airflow/example_dags/example_passing_params_via_test_command.py     43  0.03s             0           0
/home/airflow/.local/lib/python3.6/site-packages/airflow/example_dags/example_bash_operator.py                       44  0.03s             0           0
/home/airflow/.local/lib/python3.6/site-packages/airflow/example_dags/example_branch_labels.py                                             0           0
/home/airflow/.local/lib/python3.6/site-packages/airflow/example_dags/example_task_group_decorator.py                                      0           0
/home/airflow/.local/lib/python3.6/site-packages/airflow/example_dags/example_branch_python_dop_operator_3.py                              0           0
/home/airflow/.local/lib/python3.6/site-packages/airflow/example_dags/example_sla_dag.py                                                   0           0
/home/airflow/.local/lib/python3.6/site-packages/airflow/example_dags/example_external_task_marker_dag.py                                  0           0
/home/airflow/.local/lib/python3.6/site-packages/airflow/example_dags/tutorial_taskflow_api_etl_virtualenv.py                              0           0
/home/airflow/.local/lib/python3.6/site-packages/airflow/example_dags/example_time_delta_sensor_async.py                                   0           0
/home/airflow/.local/lib/python3.6/site-packages/airflow/example_dags/example_latest_only_with_trigger.py                                  0           0
/home/airflow/.local/lib/python3.6/site-packages/airflow/example_dags/example_latest_only.py                                               0           0
/home/airflow/.local/lib/python3.6/site-packages/airflow/example_dags/example_skip_dag.py                                                  0           0
/home/airflow/.local/lib/python3.6/site-packages/airflow/example_dags/example_branch_day_of_week_operator.py                               0           0
/home/airflow/.local/lib/python3.6/site-packages/airflow/example_dags/example_complex.py                                                   0           0
/home/airflow/.local/lib/python3.6/site-packages/airflow/example_dags/example_python_operator.py                                           0           0
/home/airflow/.local/lib/python3.6/site-packages/airflow/example_dags/example_xcomargs.py                                                  0           0
/home/airflow/.local/lib/python3.6/site-packages/airflow/example_dags/example_kubernetes_executor.py                                       0           0
/home/airflow/.local/lib/python3.6/site-packages/airflow/example_dags/example_nested_branch_dag.py                                         0           0
/home/airflow/.local/lib/python3.6/site-packages/airflow/example_dags/example_task_group.py                                                0           0
/home/airflow/.local/lib/python3.6/site-packages/airflow/example_dags/example_xcom.py                                                      0           0
/home/airflow/.local/lib/python3.6/site-packages/airflow/example_dags/example_short_circuit_operator.py                                    0           0
/home/airflow/.local/lib/python3.6/site-packages/airflow/example_dags/tutorial.py                                                          0           0
/home/airflow/.local/lib/python3.6/site-packages/airflow/example_dags/example_branch_operator.py                                           0           0
/home/airflow/.local/lib/python3.6/site-packages/airflow/example_dags/tutorial_taskflow_api_etl.py                                         0           0
/home/airflow/.local/lib/python3.6/site-packages/airflow/example_dags/example_dag_decorator.py                                             0           0
/home/airflow/.local/lib/python3.6/site-packages/airflow/example_dags/example_subdag_operator.py                                           0           0
/home/airflow/.local/lib/python3.6/site-packages/airflow/example_dags/example_trigger_controller_dag.py                                    0           0
/home/airflow/.local/lib/python3.6/site-packages/airflow/example_dags/tutorial_etl_dag.py                                                  0           0
/home/airflow/.local/lib/python3.6/site-packages/airflow/example_dags/example_branch_datetime_operator.py                                  0           0
/home/airflow/.local/lib/python3.6/site-packages/airflow/example_dags/example_trigger_target_dag.py                                        0           0
/home/airflow/.local/lib/python3.6/site-packages/airflow/example_dags/plugins/workday.py                                                   0           0
/home/airflow/.local/lib/python3.6/site-packages/airflow/example_dags/subdags/subdag.py                                                    0           0
================================================================================
[2022-02-04 15:50:55,139] {manager.py:1065} INFO - Finding 'running' jobs without a recent heartbeat
[2022-02-04 15:50:55,140] {manager.py:1069} INFO - Failing jobs without heartbeat after 2022-02-04 15:45:55.140178+00:00
[2022-02-04 15:51:05,415] {manager.py:1065} INFO - Finding 'running' jobs without a recent heartbeat
[2022-02-04 15:51:05,415] {manager.py:1069} INFO - Failing jobs without heartbeat after 2022-02-04 15:46:05.415445+00:00
[2022-02-04 15:51:14,787] {manager.py:784} INFO - 
================================================================================
DAG File Processing Stats

File Path                                                                                                           PID  Runtime      # DAGs    # Errors  Last Runtime    Last Run
----------------------------------------------------------------------------------------------------------------  -----  ---------  --------  ----------  --------------  -------------------
/home/airflow/.local/lib/python3.6/site-packages/airflow/example_dags/example_subdag_operator.py                    387  1.42s             0           0
/home/airflow/.local/lib/python3.6/site-packages/airflow/example_dags/example_trigger_controller_dag.py             401  0.00s             0           0
/home/airflow/.local/lib/python3.6/site-packages/airflow/example_dags/tutorial_etl_dag.py                                                  0           0
/home/airflow/.local/lib/python3.6/site-packages/airflow/example_dags/example_branch_datetime_operator.py                                  0           0
/home/airflow/.local/lib/python3.6/site-packages/airflow/example_dags/example_trigger_target_dag.py                                        0           0
/home/airflow/.local/lib/python3.6/site-packages/airflow/example_dags/plugins/workday.py                                                   0           0
/home/airflow/.local/lib/python3.6/site-packages/airflow/example_dags/subdags/subdag.py                                                    0           0
/home/airflow/.local/lib/python3.6/site-packages/airflow/example_dags/example_passing_params_via_test_command.py                           1           0  5.16s           2022-02-04T15:50:49
/home/airflow/.local/lib/python3.6/site-packages/airflow/example_dags/example_bash_operator.py                                             1           0  5.14s           2022-02-04T15:50:49
/home/airflow/.local/lib/python3.6/site-packages/airflow/example_dags/example_branch_labels.py                                             1           0  2.42s           2022-02-04T15:50:52
/home/airflow/.local/lib/python3.6/site-packages/airflow/example_dags/example_task_group_decorator.py                                      1           0  2.40s           2022-02-04T15:50:52
/home/airflow/.local/lib/python3.6/site-packages/airflow/example_dags/example_branch_python_dop_operator_3.py                              1           0  2.39s           2022-02-04T15:50:54
/home/airflow/.local/lib/python3.6/site-packages/airflow/example_dags/example_sla_dag.py                                                   1           0  2.43s           2022-02-04T15:50:55
/home/airflow/.local/lib/python3.6/site-packages/airflow/example_dags/tutorial_taskflow_api_etl_virtualenv.py                              1           0  2.52s           2022-02-04T15:50:57
/home/airflow/.local/lib/python3.6/site-packages/airflow/example_dags/example_time_delta_sensor_async.py                                   1           0  2.57s           2022-02-04T15:50:59
/home/airflow/.local/lib/python3.6/site-packages/airflow/example_dags/example_latest_only_with_trigger.py                                  1           0  2.49s           2022-02-04T15:51:00
/home/airflow/.local/lib/python3.6/site-packages/airflow/example_dags/example_latest_only.py                                               1           0  1.96s           2022-02-04T15:51:01
/home/airflow/.local/lib/python3.6/site-packages/airflow/example_dags/example_skip_dag.py                                                  1           0  1.88s           2022-02-04T15:51:02
/home/airflow/.local/lib/python3.6/site-packages/airflow/example_dags/example_branch_day_of_week_operator.py                               1           0  1.85s           2022-02-04T15:51:03
/home/airflow/.local/lib/python3.6/site-packages/airflow/example_dags/example_complex.py                                                   1           0  1.91s           2022-02-04T15:51:03
/home/airflow/.local/lib/python3.6/site-packages/airflow/example_dags/example_python_operator.py                                           1           0  1.99s           2022-02-04T15:51:05
/home/airflow/.local/lib/python3.6/site-packages/airflow/example_dags/example_kubernetes_executor.py                                       1           0  1.69s           2022-02-04T15:51:07
/home/airflow/.local/lib/python3.6/site-packages/airflow/example_dags/example_nested_branch_dag.py                                         1           0  1.72s           2022-02-04T15:51:07
/home/airflow/.local/lib/python3.6/site-packages/airflow/example_dags/example_task_group.py                                                1           0  1.93s           2022-02-04T15:51:09
/home/airflow/.local/lib/python3.6/site-packages/airflow/example_dags/example_xcom.py                                                      1           0  2.01s           2022-02-04T15:51:09
/home/airflow/.local/lib/python3.6/site-packages/airflow/example_dags/example_short_circuit_operator.py                                    1           0  1.89s           2022-02-04T15:51:10
/home/airflow/.local/lib/python3.6/site-packages/airflow/example_dags/tutorial.py                                                          1           0  1.89s           2022-02-04T15:51:11
/home/airflow/.local/lib/python3.6/site-packages/airflow/example_dags/example_branch_operator.py                                           1           0  1.95s           2022-02-04T15:51:12
/home/airflow/.local/lib/python3.6/site-packages/airflow/example_dags/tutorial_taskflow_api_etl.py                                         1           0  1.93s           2022-02-04T15:51:13
/home/airflow/.local/lib/python3.6/site-packages/airflow/example_dags/example_dag_decorator.py                                             1           0  1.90s           2022-02-04T15:51:14
/home/airflow/.local/lib/python3.6/site-packages/airflow/example_dags/example_external_task_marker_dag.py                                  2           0  2.52s           2022-02-04T15:50:57
/home/airflow/.local/lib/python3.6/site-packages/airflow/example_dags/example_xcomargs.py                                                  2           0  1.84s           2022-02-04T15:51:05
================================================================================
[2022-02-04 15:51:15,788] {manager.py:1065} INFO - Finding 'running' jobs without a recent heartbeat
[2022-02-04 15:51:15,788] {manager.py:1069} INFO - Failing jobs without heartbeat after 2022-02-04 15:46:15.788959+00:00
[2022-02-04 15:51:25,991] {manager.py:1065} INFO - Finding 'running' jobs without a recent heartbeat
[2022-02-04 15:51:25,991] {manager.py:1069} INFO - Failing jobs without heartbeat after 2022-02-04 15:46:25.991766+00:00
[2022-02-04 15:51:36,337] {manager.py:1065} INFO - Finding 'running' jobs without a recent heartbeat
[2022-02-04 15:51:36,337] {manager.py:1069} INFO - Failing jobs without heartbeat after 2022-02-04 15:46:36.337772+00:00
[2022-02-04 15:51:44,853] {manager.py:784} INFO - 
================================================================================
DAG File Processing Stats

File Path                                                                                                           PID  Runtime      # DAGs    # Errors  Last Runtime    Last Run
----------------------------------------------------------------------------------------------------------------  -----  ---------  --------  ----------  --------------  -------------------
/home/airflow/.local/lib/python3.6/site-packages/airflow/example_dags/plugins/workday.py                                                   0           0  0.03s           2022-02-04T15:51:18
/home/airflow/.local/lib/python3.6/site-packages/airflow/example_dags/subdags/subdag.py                                                    0           0  0.03s           2022-02-04T15:51:18
/home/airflow/.local/lib/python3.6/site-packages/airflow/example_dags/example_passing_params_via_test_command.py                           1           0  0.07s           2022-02-04T15:51:19
/home/airflow/.local/lib/python3.6/site-packages/airflow/example_dags/example_bash_operator.py                                             1           0  0.07s           2022-02-04T15:51:19
/home/airflow/.local/lib/python3.6/site-packages/airflow/example_dags/example_branch_labels.py                                             1           0  0.10s           2022-02-04T15:51:22
/home/airflow/.local/lib/python3.6/site-packages/airflow/example_dags/example_task_group_decorator.py                                      1           0  0.27s           2022-02-04T15:51:23
/home/airflow/.local/lib/python3.6/site-packages/airflow/example_dags/example_branch_python_dop_operator_3.py                              1           0  0.06s           2022-02-04T15:51:25
/home/airflow/.local/lib/python3.6/site-packages/airflow/example_dags/example_sla_dag.py                                                   1           0  0.08s           2022-02-04T15:51:26
/home/airflow/.local/lib/python3.6/site-packages/airflow/example_dags/tutorial_taskflow_api_etl_virtualenv.py                              1           0  0.25s           2022-02-04T15:51:28
/home/airflow/.local/lib/python3.6/site-packages/airflow/example_dags/example_time_delta_sensor_async.py                                   1           0  0.06s           2022-02-04T15:51:30
/home/airflow/.local/lib/python3.6/site-packages/airflow/example_dags/example_latest_only_with_trigger.py                                  1           0  0.06s           2022-02-04T15:51:30
/home/airflow/.local/lib/python3.6/site-packages/airflow/example_dags/example_latest_only.py                                               1           0  0.06s           2022-02-04T15:51:32
/home/airflow/.local/lib/python3.6/site-packages/airflow/example_dags/example_skip_dag.py                                                  1           0  0.07s           2022-02-04T15:51:32
/home/airflow/.local/lib/python3.6/site-packages/airflow/example_dags/example_branch_day_of_week_operator.py                               1           0  0.06s           2022-02-04T15:51:34
/home/airflow/.local/lib/python3.6/site-packages/airflow/example_dags/example_complex.py                                                   1           0  0.08s           2022-02-04T15:51:34
/home/airflow/.local/lib/python3.6/site-packages/airflow/example_dags/example_python_operator.py                                           1           0  0.08s           2022-02-04T15:51:36
/home/airflow/.local/lib/python3.6/site-packages/airflow/example_dags/example_kubernetes_executor.py                                       1           0  0.09s           2022-02-04T15:51:37
/home/airflow/.local/lib/python3.6/site-packages/airflow/example_dags/example_nested_branch_dag.py                                         1           0  0.07s           2022-02-04T15:51:38
/home/airflow/.local/lib/python3.6/site-packages/airflow/example_dags/example_task_group.py                                                1           0  0.11s           2022-02-04T15:51:39
/home/airflow/.local/lib/python3.6/site-packages/airflow/example_dags/example_xcom.py                                                      1           0  0.21s           2022-02-04T15:51:39
/home/airflow/.local/lib/python3.6/site-packages/airflow/example_dags/example_short_circuit_operator.py                                    1           0  0.07s           2022-02-04T15:51:41
/home/airflow/.local/lib/python3.6/site-packages/airflow/example_dags/tutorial.py                                                          1           0  0.07s           2022-02-04T15:51:41
/home/airflow/.local/lib/python3.6/site-packages/airflow/example_dags/example_branch_operator.py                                           1           0  0.10s           2022-02-04T15:51:43
/home/airflow/.local/lib/python3.6/site-packages/airflow/example_dags/tutorial_taskflow_api_etl.py                                         1           0  0.24s           2022-02-04T15:51:43
/home/airflow/.local/lib/python3.6/site-packages/airflow/example_dags/example_dag_decorator.py                      499  0.00s             1           0  1.90s           2022-02-04T15:51:14
/home/airflow/.local/lib/python3.6/site-packages/airflow/example_dags/example_trigger_controller_dag.py                                    1           0  1.87s           2022-02-04T15:51:16
/home/airflow/.local/lib/python3.6/site-packages/airflow/example_dags/tutorial_etl_dag.py                                                  1           0  1.91s           2022-02-04T15:51:17
/home/airflow/.local/lib/python3.6/site-packages/airflow/example_dags/example_branch_datetime_operator.py                                  1           0  1.87s           2022-02-04T15:51:18
/home/airflow/.local/lib/python3.6/site-packages/airflow/example_dags/example_trigger_target_dag.py                                        1           0  1.68s           2022-02-04T15:51:18
/home/airflow/.local/lib/python3.6/site-packages/airflow/example_dags/example_external_task_marker_dag.py                                  2           0  0.06s           2022-02-04T15:51:27
/home/airflow/.local/lib/python3.6/site-packages/airflow/example_dags/example_xcomargs.py                                                  2           0  0.24s           2022-02-04T15:51:36
/home/airflow/.local/lib/python3.6/site-packages/airflow/example_dags/example_subdag_operator.py                                           3           0  1.90s           2022-02-04T15:51:15
================================================================================
[2022-02-04 15:51:46,860] {manager.py:1065} INFO - Finding 'running' jobs without a recent heartbeat
[2022-02-04 15:51:46,860] {manager.py:1069} INFO - Failing jobs without heartbeat after 2022-02-04 15:46:46.860836+00:00
[2022-02-04 15:51:57,290] {manager.py:1065} INFO - Finding 'running' jobs without a recent heartbeat
[2022-02-04 15:51:57,290] {manager.py:1069} INFO - Failing jobs without heartbeat after 2022-02-04 15:46:57.290548+00:00
[2022-02-04 15:52:07,706] {manager.py:1065} INFO - Finding 'running' jobs without a recent heartbeat
[2022-02-04 15:52:07,706] {manager.py:1069} INFO - Failing jobs without heartbeat after 2022-02-04 15:47:07.706685+00:00
[2022-02-04 15:52:14,965] {manager.py:784} INFO - 
================================================================================
DAG File Processing Stats

File Path                                                                                                         PID    Runtime      # DAGs    # Errors  Last Runtime    Last Run
----------------------------------------------------------------------------------------------------------------  -----  ---------  --------  ----------  --------------  -------------------
/home/airflow/.local/lib/python3.6/site-packages/airflow/example_dags/plugins/workday.py                                                   0           0  0.02s           2022-02-04T15:51:49
/home/airflow/.local/lib/python3.6/site-packages/airflow/example_dags/subdags/subdag.py                                                    0           0  0.02s           2022-02-04T15:51:49
/home/airflow/.local/lib/python3.6/site-packages/airflow/example_dags/example_passing_params_via_test_command.py                           1           0  0.07s           2022-02-04T15:51:50
/home/airflow/.local/lib/python3.6/site-packages/airflow/example_dags/example_bash_operator.py                                             1           0  0.06s           2022-02-04T15:51:50
/home/airflow/.local/lib/python3.6/site-packages/airflow/example_dags/example_branch_labels.py                                             1           0  0.11s           2022-02-04T15:51:53
/home/airflow/.local/lib/python3.6/site-packages/airflow/example_dags/example_task_group_decorator.py                                      1           0  0.22s           2022-02-04T15:51:53
/home/airflow/.local/lib/python3.6/site-packages/airflow/example_dags/example_branch_python_dop_operator_3.py                              1           0  0.07s           2022-02-04T15:51:55
/home/airflow/.local/lib/python3.6/site-packages/airflow/example_dags/example_sla_dag.py                                                   1           0  0.07s           2022-02-04T15:51:56
/home/airflow/.local/lib/python3.6/site-packages/airflow/example_dags/tutorial_taskflow_api_etl_virtualenv.py                              1           0  0.26s           2022-02-04T15:51:58
/home/airflow/.local/lib/python3.6/site-packages/airflow/example_dags/example_time_delta_sensor_async.py                                   1           0  0.07s           2022-02-04T15:52:00
/home/airflow/.local/lib/python3.6/site-packages/airflow/example_dags/example_latest_only_with_trigger.py                                  1           0  0.08s           2022-02-04T15:52:00
/home/airflow/.local/lib/python3.6/site-packages/airflow/example_dags/example_latest_only.py                                               1           0  0.06s           2022-02-04T15:52:02
/home/airflow/.local/lib/python3.6/site-packages/airflow/example_dags/example_skip_dag.py                                                  1           0  0.06s           2022-02-04T15:52:02
/home/airflow/.local/lib/python3.6/site-packages/airflow/example_dags/example_branch_day_of_week_operator.py                               1           0  0.06s           2022-02-04T15:52:04
/home/airflow/.local/lib/python3.6/site-packages/airflow/example_dags/example_complex.py                                                   1           0  0.07s           2022-02-04T15:52:04
/home/airflow/.local/lib/python3.6/site-packages/airflow/example_dags/example_python_operator.py                                           1           0  0.07s           2022-02-04T15:52:06
/home/airflow/.local/lib/python3.6/site-packages/airflow/example_dags/example_kubernetes_executor.py                                       1           0  0.06s           2022-02-04T15:52:07
/home/airflow/.local/lib/python3.6/site-packages/airflow/example_dags/example_nested_branch_dag.py                                         1           0  0.06s           2022-02-04T15:52:08
/home/airflow/.local/lib/python3.6/site-packages/airflow/example_dags/example_task_group.py                                                1           0  0.07s           2022-02-04T15:52:09
/home/airflow/.local/lib/python3.6/site-packages/airflow/example_dags/example_xcom.py                                                      1           0  0.24s           2022-02-04T15:52:10
/home/airflow/.local/lib/python3.6/site-packages/airflow/example_dags/example_short_circuit_operator.py                                    1           0  0.07s           2022-02-04T15:52:11
/home/airflow/.local/lib/python3.6/site-packages/airflow/example_dags/tutorial.py                                                          1           0  0.06s           2022-02-04T15:52:11
/home/airflow/.local/lib/python3.6/site-packages/airflow/example_dags/example_branch_operator.py                                           1           0  0.08s           2022-02-04T15:52:13
/home/airflow/.local/lib/python3.6/site-packages/airflow/example_dags/tutorial_taskflow_api_etl.py                                         1           0  0.31s           2022-02-04T15:52:14
/home/airflow/.local/lib/python3.6/site-packages/airflow/example_dags/example_dag_decorator.py                                             1           0  0.24s           2022-02-04T15:51:45
/home/airflow/.local/lib/python3.6/site-packages/airflow/example_dags/example_trigger_controller_dag.py                                    1           0  0.05s           2022-02-04T15:51:46
/home/airflow/.local/lib/python3.6/site-packages/airflow/example_dags/tutorial_etl_dag.py                                                  1           0  0.06s           2022-02-04T15:51:47
/home/airflow/.local/lib/python3.6/site-packages/airflow/example_dags/example_branch_datetime_operator.py                                  1           0  0.06s           2022-02-04T15:51:48
/home/airflow/.local/lib/python3.6/site-packages/airflow/example_dags/example_trigger_target_dag.py                                        1           0  0.06s           2022-02-04T15:51:48
/home/airflow/.local/lib/python3.6/site-packages/airflow/example_dags/example_external_task_marker_dag.py                                  2           0  0.09s           2022-02-04T15:51:57
/home/airflow/.local/lib/python3.6/site-packages/airflow/example_dags/example_xcomargs.py                                                  2           0  0.22s           2022-02-04T15:52:06
/home/airflow/.local/lib/python3.6/site-packages/airflow/example_dags/example_subdag_operator.py                                           3           0  0.08s           2022-02-04T15:51:45
================================================================================
[2022-02-04 15:52:18,200] {manager.py:1065} INFO - Finding 'running' jobs without a recent heartbeat
[2022-02-04 15:52:18,200] {manager.py:1069} INFO - Failing jobs without heartbeat after 2022-02-04 15:47:18.200952+00:00
[2022-02-04 15:52:28,642] {manager.py:1065} INFO - Finding 'running' jobs without a recent heartbeat
[2022-02-04 15:52:28,643] {manager.py:1069} INFO - Failing jobs without heartbeat after 2022-02-04 15:47:28.643003+00:00
[2022-02-04 15:52:30,006] {manager.py:495} INFO - Exiting gracefully upon receiving signal 15
[2022-02-04 15:52:47,041] {manager.py:514} INFO - Processing files using up to 2 processes at a time 
[2022-02-04 15:52:47,042] {manager.py:515} INFO - Process each file at most once every 30 seconds
[2022-02-04 15:52:47,042] {manager.py:517} INFO - Checking for new files in /opt/airflow/dags every 300 seconds
[2022-02-04 15:52:47,042] {manager.py:663} INFO - Searching for files in /opt/airflow/dags
[2022-02-04 15:52:47,098] {manager.py:666} INFO - There are 0 files in /opt/airflow/dags
[2022-02-04 15:52:47,133] {manager.py:1065} INFO - Finding 'running' jobs without a recent heartbeat
[2022-02-04 15:52:47,133] {manager.py:1069} INFO - Failing jobs without heartbeat after 2022-02-04 15:47:47.133821+00:00
[2022-02-04 15:52:57,153] {manager.py:1065} INFO - Finding 'running' jobs without a recent heartbeat
[2022-02-04 15:52:57,154] {manager.py:1069} INFO - Failing jobs without heartbeat after 2022-02-04 15:47:57.154117+00:00
[2022-02-04 15:53:07,179] {manager.py:1065} INFO - Finding 'running' jobs without a recent heartbeat
[2022-02-04 15:53:07,179] {manager.py:1069} INFO - Failing jobs without heartbeat after 2022-02-04 15:48:07.179976+00:00
[2022-02-04 15:53:17,200] {manager.py:1065} INFO - Finding 'running' jobs without a recent heartbeat
[2022-02-04 15:53:17,200] {manager.py:1069} INFO - Failing jobs without heartbeat after 2022-02-04 15:48:17.200911+00:00
[2022-02-04 15:53:27,226] {manager.py:1065} INFO - Finding 'running' jobs without a recent heartbeat
[2022-02-04 15:53:27,227] {manager.py:1069} INFO - Failing jobs without heartbeat after 2022-02-04 15:48:27.226967+00:00
[2022-02-04 15:53:37,274] {manager.py:1065} INFO - Finding 'running' jobs without a recent heartbeat
[2022-02-04 15:53:37,274] {manager.py:1069} INFO - Failing jobs without heartbeat after 2022-02-04 15:48:37.274546+00:00
[2022-02-04 15:53:47,294] {manager.py:1065} INFO - Finding 'running' jobs without a recent heartbeat
[2022-02-04 15:53:47,294] {manager.py:1069} INFO - Failing jobs without heartbeat after 2022-02-04 15:48:47.294339+00:00
[2022-02-04 15:53:57,319] {manager.py:1065} INFO - Finding 'running' jobs without a recent heartbeat
[2022-02-04 15:53:57,319] {manager.py:1069} INFO - Failing jobs without heartbeat after 2022-02-04 15:48:57.319472+00:00
[2022-02-04 15:54:07,363] {manager.py:1065} INFO - Finding 'running' jobs without a recent heartbeat
[2022-02-04 15:54:07,363] {manager.py:1069} INFO - Failing jobs without heartbeat after 2022-02-04 15:49:07.363856+00:00
[2022-02-04 15:54:17,406] {manager.py:1065} INFO - Finding 'running' jobs without a recent heartbeat
[2022-02-04 15:54:17,406] {manager.py:1069} INFO - Failing jobs without heartbeat after 2022-02-04 15:49:17.406426+00:00
[2022-02-04 15:54:27,428] {manager.py:1065} INFO - Finding 'running' jobs without a recent heartbeat
[2022-02-04 15:54:27,428] {manager.py:1069} INFO - Failing jobs without heartbeat after 2022-02-04 15:49:27.428588+00:00
[2022-02-04 15:54:37,451] {manager.py:1065} INFO - Finding 'running' jobs without a recent heartbeat
[2022-02-04 15:54:37,452] {manager.py:1069} INFO - Failing jobs without heartbeat after 2022-02-04 15:49:37.452045+00:00
[2022-02-04 15:54:47,482] {manager.py:1065} INFO - Finding 'running' jobs without a recent heartbeat
[2022-02-04 15:54:47,482] {manager.py:1069} INFO - Failing jobs without heartbeat after 2022-02-04 15:49:47.482707+00:00
[2022-02-04 15:54:57,522] {manager.py:1065} INFO - Finding 'running' jobs without a recent heartbeat
[2022-02-04 15:54:57,523] {manager.py:1069} INFO - Failing jobs without heartbeat after 2022-02-04 15:49:57.523275+00:00
[2022-02-04 15:55:07,565] {manager.py:1065} INFO - Finding 'running' jobs without a recent heartbeat
[2022-02-04 15:55:07,566] {manager.py:1069} INFO - Failing jobs without heartbeat after 2022-02-04 15:50:07.566033+00:00
[2022-02-04 15:55:17,596] {manager.py:1065} INFO - Finding 'running' jobs without a recent heartbeat
[2022-02-04 15:55:17,596] {manager.py:1069} INFO - Failing jobs without heartbeat after 2022-02-04 15:50:17.596303+00:00
[2022-02-04 15:55:27,620] {manager.py:1065} INFO - Finding 'running' jobs without a recent heartbeat
[2022-02-04 15:55:27,621] {manager.py:1069} INFO - Failing jobs without heartbeat after 2022-02-04 15:50:27.621399+00:00
[2022-02-04 15:55:37,667] {manager.py:1065} INFO - Finding 'running' jobs without a recent heartbeat
[2022-02-04 15:55:37,667] {manager.py:1069} INFO - Failing jobs without heartbeat after 2022-02-04 15:50:37.667370+00:00
[2022-02-04 15:55:47,695] {manager.py:1065} INFO - Finding 'running' jobs without a recent heartbeat
[2022-02-04 15:55:47,695] {manager.py:1069} INFO - Failing jobs without heartbeat after 2022-02-04 15:50:47.695728+00:00
[2022-02-04 15:55:57,721] {manager.py:1065} INFO - Finding 'running' jobs without a recent heartbeat
[2022-02-04 15:55:57,721] {manager.py:1069} INFO - Failing jobs without heartbeat after 2022-02-04 15:50:57.721855+00:00
[2022-02-04 15:56:07,746] {manager.py:1065} INFO - Finding 'running' jobs without a recent heartbeat
[2022-02-04 15:56:07,746] {manager.py:1069} INFO - Failing jobs without heartbeat after 2022-02-04 15:51:07.746807+00:00
[2022-02-04 15:56:17,770] {manager.py:1065} INFO - Finding 'running' jobs without a recent heartbeat
[2022-02-04 15:56:17,770] {manager.py:1069} INFO - Failing jobs without heartbeat after 2022-02-04 15:51:17.770578+00:00
[2022-02-04 15:56:27,806] {manager.py:1065} INFO - Finding 'running' jobs without a recent heartbeat
[2022-02-04 15:56:27,806] {manager.py:1069} INFO - Failing jobs without heartbeat after 2022-02-04 15:51:27.806434+00:00
[2022-02-04 15:56:37,832] {manager.py:1065} INFO - Finding 'running' jobs without a recent heartbeat
[2022-02-04 15:56:37,832] {manager.py:1069} INFO - Failing jobs without heartbeat after 2022-02-04 15:51:37.832533+00:00
[2022-02-04 15:56:47,855] {manager.py:1065} INFO - Finding 'running' jobs without a recent heartbeat
[2022-02-04 15:56:47,856] {manager.py:1069} INFO - Failing jobs without heartbeat after 2022-02-04 15:51:47.856028+00:00
[2022-02-04 15:56:57,883] {manager.py:1065} INFO - Finding 'running' jobs without a recent heartbeat
[2022-02-04 15:56:57,884] {manager.py:1069} INFO - Failing jobs without heartbeat after 2022-02-04 15:51:57.884228+00:00
[2022-02-04 15:57:07,932] {manager.py:1065} INFO - Finding 'running' jobs without a recent heartbeat
[2022-02-04 15:57:07,933] {manager.py:1069} INFO - Failing jobs without heartbeat after 2022-02-04 15:52:07.932968+00:00
[2022-02-04 15:57:17,964] {manager.py:1065} INFO - Finding 'running' jobs without a recent heartbeat
[2022-02-04 15:57:17,964] {manager.py:1069} INFO - Failing jobs without heartbeat after 2022-02-04 15:52:17.964884+00:00
[2022-02-04 15:57:27,994] {manager.py:1065} INFO - Finding 'running' jobs without a recent heartbeat
[2022-02-04 15:57:27,995] {manager.py:1069} INFO - Failing jobs without heartbeat after 2022-02-04 15:52:27.995013+00:00
[2022-02-04 15:57:38,018] {manager.py:1065} INFO - Finding 'running' jobs without a recent heartbeat
[2022-02-04 15:57:38,019] {manager.py:1069} INFO - Failing jobs without heartbeat after 2022-02-04 15:52:38.019263+00:00
[2022-02-04 15:57:47,063] {manager.py:663} INFO - Searching for files in /opt/airflow/dags
[2022-02-04 15:57:47,067] {manager.py:666} INFO - There are 0 files in /opt/airflow/dags
[2022-02-04 15:57:48,080] {manager.py:1065} INFO - Finding 'running' jobs without a recent heartbeat
[2022-02-04 15:57:48,081] {manager.py:1069} INFO - Failing jobs without heartbeat after 2022-02-04 15:52:48.081403+00:00
[2022-02-04 15:57:58,126] {manager.py:1065} INFO - Finding 'running' jobs without a recent heartbeat
[2022-02-04 15:57:58,127] {manager.py:1069} INFO - Failing jobs without heartbeat after 2022-02-04 15:52:58.126964+00:00
[2022-02-04 15:58:08,171] {manager.py:1065} INFO - Finding 'running' jobs without a recent heartbeat
[2022-02-04 15:58:08,171] {manager.py:1069} INFO - Failing jobs without heartbeat after 2022-02-04 15:53:08.171711+00:00
[2022-02-04 15:58:18,200] {manager.py:1065} INFO - Finding 'running' jobs without a recent heartbeat
[2022-02-04 15:58:18,200] {manager.py:1069} INFO - Failing jobs without heartbeat after 2022-02-04 15:53:18.200830+00:00
[2022-02-04 15:58:28,246] {manager.py:1065} INFO - Finding 'running' jobs without a recent heartbeat
[2022-02-04 15:58:28,247] {manager.py:1069} INFO - Failing jobs without heartbeat after 2022-02-04 15:53:28.247444+00:00
[2022-02-04 15:58:38,288] {manager.py:1065} INFO - Finding 'running' jobs without a recent heartbeat
[2022-02-04 15:58:38,288] {manager.py:1069} INFO - Failing jobs without heartbeat after 2022-02-04 15:53:38.288897+00:00
[2022-02-04 15:58:48,315] {manager.py:1065} INFO - Finding 'running' jobs without a recent heartbeat
[2022-02-04 15:58:48,316] {manager.py:1069} INFO - Failing jobs without heartbeat after 2022-02-04 15:53:48.316008+00:00
[2022-02-04 15:58:58,344] {manager.py:1065} INFO - Finding 'running' jobs without a recent heartbeat
[2022-02-04 15:58:58,344] {manager.py:1069} INFO - Failing jobs without heartbeat after 2022-02-04 15:53:58.344458+00:00
[2022-02-04 15:59:08,390] {manager.py:1065} INFO - Finding 'running' jobs without a recent heartbeat
[2022-02-04 15:59:08,390] {manager.py:1069} INFO - Failing jobs without heartbeat after 2022-02-04 15:54:08.390140+00:00
[2022-02-04 15:59:18,414] {manager.py:1065} INFO - Finding 'running' jobs without a recent heartbeat
[2022-02-04 15:59:18,414] {manager.py:1069} INFO - Failing jobs without heartbeat after 2022-02-04 15:54:18.414249+00:00
[2022-02-04 15:59:28,438] {manager.py:1065} INFO - Finding 'running' jobs without a recent heartbeat
[2022-02-04 15:59:28,438] {manager.py:1069} INFO - Failing jobs without heartbeat after 2022-02-04 15:54:28.438229+00:00
[2022-02-04 15:59:38,468] {manager.py:1065} INFO - Finding 'running' jobs without a recent heartbeat
[2022-02-04 15:59:38,468] {manager.py:1069} INFO - Failing jobs without heartbeat after 2022-02-04 15:54:38.468864+00:00
[2022-02-04 15:59:48,493] {manager.py:1065} INFO - Finding 'running' jobs without a recent heartbeat
[2022-02-04 15:59:48,493] {manager.py:1069} INFO - Failing jobs without heartbeat after 2022-02-04 15:54:48.493432+00:00
[2022-02-04 15:59:58,536] {manager.py:1065} INFO - Finding 'running' jobs without a recent heartbeat
[2022-02-04 15:59:58,536] {manager.py:1069} INFO - Failing jobs without heartbeat after 2022-02-04 15:54:58.536889+00:00
[2022-02-04 16:00:08,563] {manager.py:1065} INFO - Finding 'running' jobs without a recent heartbeat
[2022-02-04 16:00:08,563] {manager.py:1069} INFO - Failing jobs without heartbeat after 2022-02-04 15:55:08.563491+00:00
[2022-02-04 16:00:18,599] {manager.py:1065} INFO - Finding 'running' jobs without a recent heartbeat
[2022-02-04 16:00:18,600] {manager.py:1069} INFO - Failing jobs without heartbeat after 2022-02-04 15:55:18.599996+00:00
[2022-02-04 16:00:28,630] {manager.py:1065} INFO - Finding 'running' jobs without a recent heartbeat
[2022-02-04 16:00:28,630] {manager.py:1069} INFO - Failing jobs without heartbeat after 2022-02-04 15:55:28.630282+00:00
[2022-02-04 16:00:38,656] {manager.py:1065} INFO - Finding 'running' jobs without a recent heartbeat
[2022-02-04 16:00:38,657] {manager.py:1069} INFO - Failing jobs without heartbeat after 2022-02-04 15:55:38.657362+00:00
[2022-02-04 16:00:48,698] {manager.py:1065} INFO - Finding 'running' jobs without a recent heartbeat
[2022-02-04 16:00:48,698] {manager.py:1069} INFO - Failing jobs without heartbeat after 2022-02-04 15:55:48.698615+00:00
[2022-02-04 16:00:58,725] {manager.py:1065} INFO - Finding 'running' jobs without a recent heartbeat
[2022-02-04 16:00:58,726] {manager.py:1069} INFO - Failing jobs without heartbeat after 2022-02-04 15:55:58.726201+00:00
[2022-02-04 16:01:08,782] {manager.py:1065} INFO - Finding 'running' jobs without a recent heartbeat
[2022-02-04 16:01:08,782] {manager.py:1069} INFO - Failing jobs without heartbeat after 2022-02-04 15:56:08.782586+00:00
[2022-02-04 16:01:18,823] {manager.py:1065} INFO - Finding 'running' jobs without a recent heartbeat
[2022-02-04 16:01:18,824] {manager.py:1069} INFO - Failing jobs without heartbeat after 2022-02-04 15:56:18.824403+00:00
[2022-02-04 16:01:28,853] {manager.py:1065} INFO - Finding 'running' jobs without a recent heartbeat
[2022-02-04 16:01:28,854] {manager.py:1069} INFO - Failing jobs without heartbeat after 2022-02-04 15:56:28.854823+00:00
[2022-02-04 16:01:38,901] {manager.py:1065} INFO - Finding 'running' jobs without a recent heartbeat
[2022-02-04 16:01:38,901] {manager.py:1069} INFO - Failing jobs without heartbeat after 2022-02-04 15:56:38.901668+00:00
[2022-02-04 16:01:48,931] {manager.py:1065} INFO - Finding 'running' jobs without a recent heartbeat
[2022-02-04 16:01:48,931] {manager.py:1069} INFO - Failing jobs without heartbeat after 2022-02-04 15:56:48.931973+00:00
[2022-02-04 16:01:58,956] {manager.py:1065} INFO - Finding 'running' jobs without a recent heartbeat
[2022-02-04 16:01:58,957] {manager.py:1069} INFO - Failing jobs without heartbeat after 2022-02-04 15:56:58.957363+00:00
[2022-02-04 16:02:09,000] {manager.py:1065} INFO - Finding 'running' jobs without a recent heartbeat
[2022-02-04 16:02:09,001] {manager.py:1069} INFO - Failing jobs without heartbeat after 2022-02-04 15:57:09.000970+00:00
[2022-02-04 16:02:19,044] {manager.py:1065} INFO - Finding 'running' jobs without a recent heartbeat
[2022-02-04 16:02:19,044] {manager.py:1069} INFO - Failing jobs without heartbeat after 2022-02-04 15:57:19.044881+00:00
[2022-02-04 16:02:29,072] {manager.py:1065} INFO - Finding 'running' jobs without a recent heartbeat
[2022-02-04 16:02:29,072] {manager.py:1069} INFO - Failing jobs without heartbeat after 2022-02-04 15:57:29.072862+00:00
[2022-02-04 16:02:34,312] {manager.py:495} INFO - Exiting gracefully upon receiving signal 15
[2022-02-04 16:04:20,942] {manager.py:514} INFO - Processing files using up to 2 processes at a time 
[2022-02-04 16:04:20,943] {manager.py:515} INFO - Process each file at most once every 30 seconds
[2022-02-04 16:04:20,943] {manager.py:517} INFO - Checking for new files in /opt/airflow/dags every 300 seconds
[2022-02-04 16:04:20,943] {manager.py:663} INFO - Searching for files in /opt/airflow/dags
[2022-02-04 16:04:20,944] {manager.py:666} INFO - There are 1 files in /opt/airflow/dags
[2022-02-04 16:04:21,026] {manager.py:1065} INFO - Finding 'running' jobs without a recent heartbeat
[2022-02-04 16:04:21,026] {manager.py:1069} INFO - Failing jobs without heartbeat after 2022-02-04 15:59:21.026787+00:00
[2022-02-04 16:04:21,054] {manager.py:784} INFO - 
================================================================================
DAG File Processing Stats

File Path                       PID  Runtime      # DAGs    # Errors  Last Runtime    Last Run
----------------------------  -----  ---------  --------  ----------  --------------  ----------
/opt/airflow/dags/example.py     34  0.03s             0           0
================================================================================
[2022-02-04 16:04:21,603] {manager.py:908} ERROR - Processor for /opt/airflow/dags/example.py exited with return code 1.
[2022-02-04 16:04:31,068] {manager.py:1065} INFO - Finding 'running' jobs without a recent heartbeat
[2022-02-04 16:04:31,071] {manager.py:1069} INFO - Failing jobs without heartbeat after 2022-02-04 15:59:31.071248+00:00
[2022-02-04 16:04:41,092] {manager.py:1065} INFO - Finding 'running' jobs without a recent heartbeat
[2022-02-04 16:04:41,092] {manager.py:1069} INFO - Failing jobs without heartbeat after 2022-02-04 15:59:41.092870+00:00
[2022-02-04 16:04:51,120] {manager.py:1065} INFO - Finding 'running' jobs without a recent heartbeat
[2022-02-04 16:04:51,120] {manager.py:1069} INFO - Failing jobs without heartbeat after 2022-02-04 15:59:51.120604+00:00
[2022-02-04 16:04:51,128] {manager.py:784} INFO - 
================================================================================
DAG File Processing Stats

File Path                     PID    Runtime      # DAGs    # Errors  Last Runtime    Last Run
----------------------------  -----  ---------  --------  ----------  --------------  -------------------
/opt/airflow/dags/example.py                           0          -1  0.58s           2022-02-04T16:04:21
================================================================================
[2022-02-04 16:04:51,922] {manager.py:908} ERROR - Processor for /opt/airflow/dags/example.py exited with return code 1.
[2022-02-04 16:05:01,688] {manager.py:1065} INFO - Finding 'running' jobs without a recent heartbeat
[2022-02-04 16:05:01,688] {manager.py:1069} INFO - Failing jobs without heartbeat after 2022-02-04 16:00:01.688267+00:00
[2022-02-04 16:05:11,715] {manager.py:1065} INFO - Finding 'running' jobs without a recent heartbeat
[2022-02-04 16:05:11,715] {manager.py:1069} INFO - Failing jobs without heartbeat after 2022-02-04 16:00:11.715793+00:00
[2022-02-04 16:05:21,739] {manager.py:1065} INFO - Finding 'running' jobs without a recent heartbeat
[2022-02-04 16:05:21,739] {manager.py:1069} INFO - Failing jobs without heartbeat after 2022-02-04 16:00:21.739773+00:00
[2022-02-04 16:05:21,747] {manager.py:784} INFO - 
================================================================================
DAG File Processing Stats

File Path                     PID    Runtime      # DAGs    # Errors  Last Runtime    Last Run
----------------------------  -----  ---------  --------  ----------  --------------  -------------------
/opt/airflow/dags/example.py                           0          -1  0.26s           2022-02-04T16:04:51
================================================================================
[2022-02-04 16:05:22,208] {manager.py:908} ERROR - Processor for /opt/airflow/dags/example.py exited with return code 1.
[2022-02-04 16:05:31,994] {manager.py:1065} INFO - Finding 'running' jobs without a recent heartbeat
[2022-02-04 16:05:31,994] {manager.py:1069} INFO - Failing jobs without heartbeat after 2022-02-04 16:00:31.994696+00:00
[2022-02-04 16:05:42,023] {manager.py:1065} INFO - Finding 'running' jobs without a recent heartbeat
[2022-02-04 16:05:42,023] {manager.py:1069} INFO - Failing jobs without heartbeat after 2022-02-04 16:00:42.023602+00:00
[2022-02-04 16:05:52,067] {manager.py:1065} INFO - Finding 'running' jobs without a recent heartbeat
[2022-02-04 16:05:52,067] {manager.py:1069} INFO - Failing jobs without heartbeat after 2022-02-04 16:00:52.067692+00:00
[2022-02-04 16:05:52,073] {manager.py:784} INFO - 
================================================================================
DAG File Processing Stats

File Path                     PID    Runtime      # DAGs    # Errors  Last Runtime    Last Run
----------------------------  -----  ---------  --------  ----------  --------------  -------------------
/opt/airflow/dags/example.py                           0          -1  0.25s           2022-02-04T16:05:22
================================================================================
[2022-02-04 16:05:52,482] {manager.py:908} ERROR - Processor for /opt/airflow/dags/example.py exited with return code 1.
[2022-02-04 16:06:02,272] {manager.py:1065} INFO - Finding 'running' jobs without a recent heartbeat
[2022-02-04 16:06:02,272] {manager.py:1069} INFO - Failing jobs without heartbeat after 2022-02-04 16:01:02.272488+00:00
[2022-02-04 16:06:12,321] {manager.py:1065} INFO - Finding 'running' jobs without a recent heartbeat
[2022-02-04 16:06:12,322] {manager.py:1069} INFO - Failing jobs without heartbeat after 2022-02-04 16:01:12.322172+00:00
[2022-02-04 16:06:22,367] {manager.py:1065} INFO - Finding 'running' jobs without a recent heartbeat
[2022-02-04 16:06:22,367] {manager.py:1069} INFO - Failing jobs without heartbeat after 2022-02-04 16:01:22.367504+00:00
[2022-02-04 16:06:22,373] {manager.py:784} INFO - 
================================================================================
DAG File Processing Stats

File Path                     PID    Runtime      # DAGs    # Errors  Last Runtime    Last Run
----------------------------  -----  ---------  --------  ----------  --------------  -------------------
/opt/airflow/dags/example.py                           0          -1  0.23s           2022-02-04T16:05:52
================================================================================
[2022-02-04 16:06:22,739] {manager.py:908} ERROR - Processor for /opt/airflow/dags/example.py exited with return code 1.
[2022-02-04 16:06:32,558] {manager.py:1065} INFO - Finding 'running' jobs without a recent heartbeat
[2022-02-04 16:06:32,558] {manager.py:1069} INFO - Failing jobs without heartbeat after 2022-02-04 16:01:32.558255+00:00
[2022-02-04 16:06:42,592] {manager.py:1065} INFO - Finding 'running' jobs without a recent heartbeat
[2022-02-04 16:06:42,592] {manager.py:1069} INFO - Failing jobs without heartbeat after 2022-02-04 16:01:42.592940+00:00
[2022-02-04 16:06:52,620] {manager.py:1065} INFO - Finding 'running' jobs without a recent heartbeat
[2022-02-04 16:06:52,620] {manager.py:1069} INFO - Failing jobs without heartbeat after 2022-02-04 16:01:52.620468+00:00
[2022-02-04 16:06:52,646] {manager.py:784} INFO - 
================================================================================
DAG File Processing Stats

File Path                     PID    Runtime      # DAGs    # Errors  Last Runtime    Last Run
----------------------------  -----  ---------  --------  ----------  --------------  -------------------
/opt/airflow/dags/example.py                           0          -1  0.21s           2022-02-04T16:06:22
================================================================================
[2022-02-04 16:06:53,022] {manager.py:908} ERROR - Processor for /opt/airflow/dags/example.py exited with return code 1.
[2022-02-04 16:07:02,813] {manager.py:1065} INFO - Finding 'running' jobs without a recent heartbeat
[2022-02-04 16:07:02,813] {manager.py:1069} INFO - Failing jobs without heartbeat after 2022-02-04 16:02:02.813489+00:00
[2022-02-04 16:07:12,843] {manager.py:1065} INFO - Finding 'running' jobs without a recent heartbeat
[2022-02-04 16:07:12,844] {manager.py:1069} INFO - Failing jobs without heartbeat after 2022-02-04 16:02:12.844098+00:00
[2022-02-04 16:07:22,889] {manager.py:1065} INFO - Finding 'running' jobs without a recent heartbeat
[2022-02-04 16:07:22,890] {manager.py:1069} INFO - Failing jobs without heartbeat after 2022-02-04 16:02:22.890314+00:00
[2022-02-04 16:07:22,898] {manager.py:784} INFO - 
================================================================================
DAG File Processing Stats

File Path                     PID    Runtime      # DAGs    # Errors  Last Runtime    Last Run
----------------------------  -----  ---------  --------  ----------  --------------  -------------------
/opt/airflow/dags/example.py                           0          -1  0.24s           2022-02-04T16:06:53
================================================================================
[2022-02-04 16:07:23,287] {manager.py:908} ERROR - Processor for /opt/airflow/dags/example.py exited with return code 1.
[2022-02-04 16:07:33,090] {manager.py:1065} INFO - Finding 'running' jobs without a recent heartbeat
[2022-02-04 16:07:33,090] {manager.py:1069} INFO - Failing jobs without heartbeat after 2022-02-04 16:02:33.090684+00:00
[2022-02-04 16:07:43,120] {manager.py:1065} INFO - Finding 'running' jobs without a recent heartbeat
[2022-02-04 16:07:43,121] {manager.py:1069} INFO - Failing jobs without heartbeat after 2022-02-04 16:02:43.121022+00:00
[2022-02-04 16:07:53,164] {manager.py:1065} INFO - Finding 'running' jobs without a recent heartbeat
[2022-02-04 16:07:53,164] {manager.py:1069} INFO - Failing jobs without heartbeat after 2022-02-04 16:02:53.164839+00:00
[2022-02-04 16:07:53,170] {manager.py:784} INFO - 
================================================================================
DAG File Processing Stats

File Path                     PID    Runtime      # DAGs    # Errors  Last Runtime    Last Run
----------------------------  -----  ---------  --------  ----------  --------------  -------------------
/opt/airflow/dags/example.py                           0          -1  0.23s           2022-02-04T16:07:23
================================================================================
[2022-02-04 16:07:53,548] {manager.py:908} ERROR - Processor for /opt/airflow/dags/example.py exited with return code 1.
[2022-02-04 16:08:03,358] {manager.py:1065} INFO - Finding 'running' jobs without a recent heartbeat
[2022-02-04 16:08:03,358] {manager.py:1069} INFO - Failing jobs without heartbeat after 2022-02-04 16:03:03.358519+00:00
[2022-02-04 16:08:13,397] {manager.py:1065} INFO - Finding 'running' jobs without a recent heartbeat
[2022-02-04 16:08:13,398] {manager.py:1069} INFO - Failing jobs without heartbeat after 2022-02-04 16:03:13.398212+00:00
[2022-02-04 16:08:23,436] {manager.py:1065} INFO - Finding 'running' jobs without a recent heartbeat
[2022-02-04 16:08:23,436] {manager.py:1069} INFO - Failing jobs without heartbeat after 2022-02-04 16:03:23.436266+00:00
[2022-02-04 16:08:23,441] {manager.py:784} INFO - 
================================================================================
DAG File Processing Stats

File Path                     PID    Runtime      # DAGs    # Errors  Last Runtime    Last Run
----------------------------  -----  ---------  --------  ----------  --------------  -------------------
/opt/airflow/dags/example.py                           0          -1  0.22s           2022-02-04T16:07:53
================================================================================
[2022-02-04 16:08:23,799] {manager.py:908} ERROR - Processor for /opt/airflow/dags/example.py exited with return code 1.
[2022-02-04 16:08:33,622] {manager.py:1065} INFO - Finding 'running' jobs without a recent heartbeat
[2022-02-04 16:08:33,622] {manager.py:1069} INFO - Failing jobs without heartbeat after 2022-02-04 16:03:33.622706+00:00
[2022-02-04 16:08:43,652] {manager.py:1065} INFO - Finding 'running' jobs without a recent heartbeat
[2022-02-04 16:08:43,652] {manager.py:1069} INFO - Failing jobs without heartbeat after 2022-02-04 16:03:43.652289+00:00
[2022-02-04 16:08:53,676] {manager.py:1065} INFO - Finding 'running' jobs without a recent heartbeat
[2022-02-04 16:08:53,676] {manager.py:1069} INFO - Failing jobs without heartbeat after 2022-02-04 16:03:53.676290+00:00
[2022-02-04 16:08:53,682] {manager.py:784} INFO - 
================================================================================
DAG File Processing Stats

File Path                     PID    Runtime      # DAGs    # Errors  Last Runtime    Last Run
----------------------------  -----  ---------  --------  ----------  --------------  -------------------
/opt/airflow/dags/example.py                           0          -1  0.21s           2022-02-04T16:08:23
================================================================================
[2022-02-04 16:08:54,069] {manager.py:908} ERROR - Processor for /opt/airflow/dags/example.py exited with return code 1.
[2022-02-04 16:09:03,868] {manager.py:1065} INFO - Finding 'running' jobs without a recent heartbeat
[2022-02-04 16:09:03,868] {manager.py:1069} INFO - Failing jobs without heartbeat after 2022-02-04 16:04:03.868483+00:00
[2022-02-04 16:09:13,911] {manager.py:1065} INFO - Finding 'running' jobs without a recent heartbeat
[2022-02-04 16:09:13,911] {manager.py:1069} INFO - Failing jobs without heartbeat after 2022-02-04 16:04:13.911582+00:00
[2022-02-04 16:09:21,112] {manager.py:663} INFO - Searching for files in /opt/airflow/dags
[2022-02-04 16:09:21,114] {manager.py:666} INFO - There are 1 files in /opt/airflow/dags
[2022-02-04 16:09:23,940] {manager.py:1065} INFO - Finding 'running' jobs without a recent heartbeat
[2022-02-04 16:09:23,941] {manager.py:1069} INFO - Failing jobs without heartbeat after 2022-02-04 16:04:23.941563+00:00
[2022-02-04 16:09:23,961] {manager.py:784} INFO - 
================================================================================
DAG File Processing Stats

File Path                     PID    Runtime      # DAGs    # Errors  Last Runtime    Last Run
----------------------------  -----  ---------  --------  ----------  --------------  -------------------
/opt/airflow/dags/example.py                           0          -1  0.23s           2022-02-04T16:08:54
================================================================================
[2022-02-04 16:09:24,381] {manager.py:908} ERROR - Processor for /opt/airflow/dags/example.py exited with return code 1.
[2022-02-04 16:09:34,172] {manager.py:1065} INFO - Finding 'running' jobs without a recent heartbeat
[2022-02-04 16:09:34,172] {manager.py:1069} INFO - Failing jobs without heartbeat after 2022-02-04 16:04:34.172551+00:00
[2022-02-04 16:09:44,221] {manager.py:1065} INFO - Finding 'running' jobs without a recent heartbeat
[2022-02-04 16:09:44,221] {manager.py:1069} INFO - Failing jobs without heartbeat after 2022-02-04 16:04:44.221711+00:00
[2022-02-04 16:09:54,248] {manager.py:1065} INFO - Finding 'running' jobs without a recent heartbeat
[2022-02-04 16:09:54,248] {manager.py:1069} INFO - Failing jobs without heartbeat after 2022-02-04 16:04:54.248707+00:00
[2022-02-04 16:09:54,274] {manager.py:784} INFO - 
================================================================================
DAG File Processing Stats

File Path                     PID    Runtime      # DAGs    # Errors  Last Runtime    Last Run
----------------------------  -----  ---------  --------  ----------  --------------  -------------------
/opt/airflow/dags/example.py                           0          -1  0.24s           2022-02-04T16:09:24
================================================================================
[2022-02-04 16:09:54,694] {manager.py:908} ERROR - Processor for /opt/airflow/dags/example.py exited with return code 1.
[2022-02-04 16:10:04,462] {manager.py:1065} INFO - Finding 'running' jobs without a recent heartbeat
[2022-02-04 16:10:04,462] {manager.py:1069} INFO - Failing jobs without heartbeat after 2022-02-04 16:05:04.462652+00:00
[2022-02-04 16:10:14,492] {manager.py:1065} INFO - Finding 'running' jobs without a recent heartbeat
[2022-02-04 16:10:14,493] {manager.py:1069} INFO - Failing jobs without heartbeat after 2022-02-04 16:05:14.493423+00:00
[2022-02-04 16:10:24,540] {manager.py:1065} INFO - Finding 'running' jobs without a recent heartbeat
[2022-02-04 16:10:24,540] {manager.py:1069} INFO - Failing jobs without heartbeat after 2022-02-04 16:05:24.540272+00:00
[2022-02-04 16:10:24,545] {manager.py:784} INFO - 
================================================================================
DAG File Processing Stats

File Path                     PID    Runtime      # DAGs    # Errors  Last Runtime    Last Run
----------------------------  -----  ---------  --------  ----------  --------------  -------------------
/opt/airflow/dags/example.py                           0          -1  0.26s           2022-02-04T16:09:54
================================================================================
[2022-02-04 16:10:24,994] {manager.py:908} ERROR - Processor for /opt/airflow/dags/example.py exited with return code 1.
[2022-02-04 16:10:34,765] {manager.py:1065} INFO - Finding 'running' jobs without a recent heartbeat
[2022-02-04 16:10:34,765] {manager.py:1069} INFO - Failing jobs without heartbeat after 2022-02-04 16:05:34.765870+00:00
[2022-02-04 16:10:44,795] {manager.py:1065} INFO - Finding 'running' jobs without a recent heartbeat
[2022-02-04 16:10:44,795] {manager.py:1069} INFO - Failing jobs without heartbeat after 2022-02-04 16:05:44.795970+00:00
[2022-02-04 16:10:54,826] {manager.py:1065} INFO - Finding 'running' jobs without a recent heartbeat
[2022-02-04 16:10:54,826] {manager.py:1069} INFO - Failing jobs without heartbeat after 2022-02-04 16:05:54.826842+00:00
[2022-02-04 16:10:54,832] {manager.py:784} INFO - 
================================================================================
DAG File Processing Stats

File Path                     PID    Runtime      # DAGs    # Errors  Last Runtime    Last Run
----------------------------  -----  ---------  --------  ----------  --------------  -------------------
/opt/airflow/dags/example.py                           0          -1  0.26s           2022-02-04T16:10:24
================================================================================
[2022-02-04 16:10:55,251] {manager.py:908} ERROR - Processor for /opt/airflow/dags/example.py exited with return code 1.
[2022-02-04 16:11:05,062] {manager.py:1065} INFO - Finding 'running' jobs without a recent heartbeat
[2022-02-04 16:11:05,063] {manager.py:1069} INFO - Failing jobs without heartbeat after 2022-02-04 16:06:05.063394+00:00
[2022-02-04 16:11:15,098] {manager.py:1065} INFO - Finding 'running' jobs without a recent heartbeat
[2022-02-04 16:11:15,098] {manager.py:1069} INFO - Failing jobs without heartbeat after 2022-02-04 16:06:15.098181+00:00
[2022-02-04 16:11:25,122] {manager.py:1065} INFO - Finding 'running' jobs without a recent heartbeat
[2022-02-04 16:11:25,123] {manager.py:1069} INFO - Failing jobs without heartbeat after 2022-02-04 16:06:25.123093+00:00
[2022-02-04 16:11:25,152] {manager.py:784} INFO - 
================================================================================
DAG File Processing Stats

File Path                     PID    Runtime      # DAGs    # Errors  Last Runtime    Last Run
----------------------------  -----  ---------  --------  ----------  --------------  -------------------
/opt/airflow/dags/example.py                           0          -1  0.21s           2022-02-04T16:10:55
================================================================================
[2022-02-04 16:11:25,550] {manager.py:908} ERROR - Processor for /opt/airflow/dags/example.py exited with return code 1.
[2022-02-04 16:11:35,319] {manager.py:1065} INFO - Finding 'running' jobs without a recent heartbeat
[2022-02-04 16:11:35,319] {manager.py:1069} INFO - Failing jobs without heartbeat after 2022-02-04 16:06:35.319517+00:00
[2022-02-04 16:11:45,348] {manager.py:1065} INFO - Finding 'running' jobs without a recent heartbeat
[2022-02-04 16:11:45,348] {manager.py:1069} INFO - Failing jobs without heartbeat after 2022-02-04 16:06:45.348733+00:00
[2022-02-04 16:11:55,372] {manager.py:1065} INFO - Finding 'running' jobs without a recent heartbeat
[2022-02-04 16:11:55,372] {manager.py:1069} INFO - Failing jobs without heartbeat after 2022-02-04 16:06:55.372893+00:00
[2022-02-04 16:11:55,379] {manager.py:784} INFO - 
================================================================================
DAG File Processing Stats

File Path                     PID    Runtime      # DAGs    # Errors  Last Runtime    Last Run
----------------------------  -----  ---------  --------  ----------  --------------  -------------------
/opt/airflow/dags/example.py                           0          -1  0.26s           2022-02-04T16:11:25
================================================================================
[2022-02-04 16:11:55,843] {manager.py:908} ERROR - Processor for /opt/airflow/dags/example.py exited with return code 1.
[2022-02-04 16:12:01,255] {manager.py:495} INFO - Exiting gracefully upon receiving signal 15
[2022-02-04 16:13:34,088] {manager.py:514} INFO - Processing files using up to 2 processes at a time 
[2022-02-04 16:13:34,089] {manager.py:515} INFO - Process each file at most once every 30 seconds
[2022-02-04 16:13:34,089] {manager.py:517} INFO - Checking for new files in /opt/airflow/dags every 300 seconds
[2022-02-04 16:13:34,089] {manager.py:663} INFO - Searching for files in /opt/airflow/dags
[2022-02-04 16:13:34,091] {manager.py:666} INFO - There are 1 files in /opt/airflow/dags
[2022-02-04 16:13:34,179] {manager.py:1065} INFO - Finding 'running' jobs without a recent heartbeat
[2022-02-04 16:13:34,179] {manager.py:1069} INFO - Failing jobs without heartbeat after 2022-02-04 16:08:34.179755+00:00
[2022-02-04 16:13:34,205] {manager.py:784} INFO - 
================================================================================
DAG File Processing Stats

File Path                    PID  Runtime      # DAGs    # Errors  Last Runtime    Last Run
-------------------------  -----  ---------  --------  ----------  --------------  ----------
/opt/airflow/dags/test.py     32  0.03s             0           0
================================================================================
[2022-02-04 16:13:44,224] {manager.py:1065} INFO - Finding 'running' jobs without a recent heartbeat
[2022-02-04 16:13:44,224] {manager.py:1069} INFO - Failing jobs without heartbeat after 2022-02-04 16:08:44.224791+00:00
[2022-02-04 16:13:54,250] {manager.py:1065} INFO - Finding 'running' jobs without a recent heartbeat
[2022-02-04 16:13:54,250] {manager.py:1069} INFO - Failing jobs without heartbeat after 2022-02-04 16:08:54.250167+00:00
[2022-02-04 16:14:04,275] {manager.py:1065} INFO - Finding 'running' jobs without a recent heartbeat
[2022-02-04 16:14:04,275] {manager.py:1069} INFO - Failing jobs without heartbeat after 2022-02-04 16:09:04.275439+00:00
[2022-02-04 16:14:04,282] {manager.py:784} INFO - 
================================================================================
DAG File Processing Stats

File Path                  PID    Runtime      # DAGs    # Errors  Last Runtime    Last Run
-------------------------  -----  ---------  --------  ----------  --------------  -------------------
/opt/airflow/dags/test.py                           1           0  0.34s           2022-02-04T16:13:34
================================================================================
[2022-02-04 16:14:14,581] {manager.py:1065} INFO - Finding 'running' jobs without a recent heartbeat
[2022-02-04 16:14:14,582] {manager.py:1069} INFO - Failing jobs without heartbeat after 2022-02-04 16:09:14.582161+00:00
[2022-02-04 16:14:24,611] {manager.py:1065} INFO - Finding 'running' jobs without a recent heartbeat
[2022-02-04 16:14:24,612] {manager.py:1069} INFO - Failing jobs without heartbeat after 2022-02-04 16:09:24.612026+00:00
[2022-02-04 16:14:34,652] {manager.py:1065} INFO - Finding 'running' jobs without a recent heartbeat
[2022-02-04 16:14:34,653] {manager.py:1069} INFO - Failing jobs without heartbeat after 2022-02-04 16:09:34.653362+00:00
[2022-02-04 16:14:34,690] {manager.py:784} INFO - 
================================================================================
DAG File Processing Stats

File Path                    PID  Runtime      # DAGs    # Errors  Last Runtime    Last Run
-------------------------  -----  ---------  --------  ----------  --------------  -------------------
/opt/airflow/dags/test.py     84  0.01s             1           0  0.06s           2022-02-04T16:14:04
================================================================================
[2022-02-04 16:14:44,714] {manager.py:1065} INFO - Finding 'running' jobs without a recent heartbeat
[2022-02-04 16:14:44,714] {manager.py:1069} INFO - Failing jobs without heartbeat after 2022-02-04 16:09:44.714907+00:00
[2022-02-04 16:14:54,770] {manager.py:1065} INFO - Finding 'running' jobs without a recent heartbeat
[2022-02-04 16:14:54,770] {manager.py:1069} INFO - Failing jobs without heartbeat after 2022-02-04 16:09:54.770234+00:00
[2022-02-04 16:15:04,794] {manager.py:1065} INFO - Finding 'running' jobs without a recent heartbeat
[2022-02-04 16:15:04,794] {manager.py:1069} INFO - Failing jobs without heartbeat after 2022-02-04 16:10:04.794637+00:00
[2022-02-04 16:15:04,806] {manager.py:784} INFO - 
================================================================================
DAG File Processing Stats

File Path                    PID  Runtime      # DAGs    # Errors  Last Runtime    Last Run
-------------------------  -----  ---------  --------  ----------  --------------  -------------------
/opt/airflow/dags/test.py    116  0.00s             1           0  0.08s           2022-02-04T16:14:34
================================================================================
[2022-02-04 16:15:14,831] {manager.py:1065} INFO - Finding 'running' jobs without a recent heartbeat
[2022-02-04 16:15:14,831] {manager.py:1069} INFO - Failing jobs without heartbeat after 2022-02-04 16:10:14.831559+00:00
[2022-02-04 16:15:24,871] {manager.py:1065} INFO - Finding 'running' jobs without a recent heartbeat
[2022-02-04 16:15:24,872] {manager.py:1069} INFO - Failing jobs without heartbeat after 2022-02-04 16:10:24.872340+00:00
[2022-02-04 16:15:34,919] {manager.py:1065} INFO - Finding 'running' jobs without a recent heartbeat
[2022-02-04 16:15:34,919] {manager.py:1069} INFO - Failing jobs without heartbeat after 2022-02-04 16:10:34.919890+00:00
[2022-02-04 16:15:34,928] {manager.py:784} INFO - 
================================================================================
DAG File Processing Stats

File Path                    PID  Runtime      # DAGs    # Errors  Last Runtime    Last Run
-------------------------  -----  ---------  --------  ----------  --------------  -------------------
/opt/airflow/dags/test.py    137  0.00s             1           0  0.06s           2022-02-04T16:15:04
================================================================================
[2022-02-04 16:15:44,951] {manager.py:1065} INFO - Finding 'running' jobs without a recent heartbeat
[2022-02-04 16:15:44,951] {manager.py:1069} INFO - Failing jobs without heartbeat after 2022-02-04 16:10:44.951685+00:00
[2022-02-04 16:15:55,006] {manager.py:1065} INFO - Finding 'running' jobs without a recent heartbeat
[2022-02-04 16:15:55,006] {manager.py:1069} INFO - Failing jobs without heartbeat after 2022-02-04 16:10:55.006858+00:00
[2022-02-04 16:16:05,029] {manager.py:1065} INFO - Finding 'running' jobs without a recent heartbeat
[2022-02-04 16:16:05,030] {manager.py:1069} INFO - Failing jobs without heartbeat after 2022-02-04 16:11:05.030330+00:00
[2022-02-04 16:16:05,060] {manager.py:784} INFO - 
================================================================================
DAG File Processing Stats

File Path                    PID  Runtime      # DAGs    # Errors  Last Runtime    Last Run
-------------------------  -----  ---------  --------  ----------  --------------  -------------------
/opt/airflow/dags/test.py    159  0.01s             1           0  0.06s           2022-02-04T16:15:34
================================================================================
[2022-02-04 16:16:15,084] {manager.py:1065} INFO - Finding 'running' jobs without a recent heartbeat
[2022-02-04 16:16:15,084] {manager.py:1069} INFO - Failing jobs without heartbeat after 2022-02-04 16:11:15.084539+00:00
[2022-02-04 16:16:25,114] {manager.py:1065} INFO - Finding 'running' jobs without a recent heartbeat
[2022-02-04 16:16:25,115] {manager.py:1069} INFO - Failing jobs without heartbeat after 2022-02-04 16:11:25.115186+00:00
[2022-02-04 16:16:35,147] {manager.py:1065} INFO - Finding 'running' jobs without a recent heartbeat
[2022-02-04 16:16:35,148] {manager.py:1069} INFO - Failing jobs without heartbeat after 2022-02-04 16:11:35.148327+00:00
[2022-02-04 16:16:35,168] {manager.py:784} INFO - 
================================================================================
DAG File Processing Stats

File Path                    PID  Runtime      # DAGs    # Errors  Last Runtime    Last Run
-------------------------  -----  ---------  --------  ----------  --------------  -------------------
/opt/airflow/dags/test.py    190  0.00s             1           0  0.08s           2022-02-04T16:16:05
================================================================================
[2022-02-04 16:16:45,198] {manager.py:1065} INFO - Finding 'running' jobs without a recent heartbeat
[2022-02-04 16:16:45,198] {manager.py:1069} INFO - Failing jobs without heartbeat after 2022-02-04 16:11:45.198370+00:00
[2022-02-04 16:16:55,232] {manager.py:1065} INFO - Finding 'running' jobs without a recent heartbeat
[2022-02-04 16:16:55,233] {manager.py:1069} INFO - Failing jobs without heartbeat after 2022-02-04 16:11:55.233398+00:00
[2022-02-04 16:17:05,262] {manager.py:1065} INFO - Finding 'running' jobs without a recent heartbeat
[2022-02-04 16:17:05,262] {manager.py:1069} INFO - Failing jobs without heartbeat after 2022-02-04 16:12:05.262180+00:00
[2022-02-04 16:17:05,271] {manager.py:784} INFO - 
================================================================================
DAG File Processing Stats

File Path                    PID  Runtime      # DAGs    # Errors  Last Runtime    Last Run
-------------------------  -----  ---------  --------  ----------  --------------  -------------------
/opt/airflow/dags/test.py    211  0.00s             1           0  0.06s           2022-02-04T16:16:35
================================================================================
[2022-02-04 16:17:15,296] {manager.py:1065} INFO - Finding 'running' jobs without a recent heartbeat
[2022-02-04 16:17:15,297] {manager.py:1069} INFO - Failing jobs without heartbeat after 2022-02-04 16:12:15.297074+00:00
[2022-02-04 16:17:25,331] {manager.py:1065} INFO - Finding 'running' jobs without a recent heartbeat
[2022-02-04 16:17:25,331] {manager.py:1069} INFO - Failing jobs without heartbeat after 2022-02-04 16:12:25.331718+00:00
[2022-02-04 16:17:35,378] {manager.py:1065} INFO - Finding 'running' jobs without a recent heartbeat
[2022-02-04 16:17:35,378] {manager.py:1069} INFO - Failing jobs without heartbeat after 2022-02-04 16:12:35.378355+00:00
[2022-02-04 16:17:35,387] {manager.py:784} INFO - 
================================================================================
DAG File Processing Stats

File Path                    PID  Runtime      # DAGs    # Errors  Last Runtime    Last Run
-------------------------  -----  ---------  --------  ----------  --------------  -------------------
/opt/airflow/dags/test.py    243  0.00s             1           0  0.06s           2022-02-04T16:17:05
================================================================================
[2022-02-04 16:17:45,408] {manager.py:1065} INFO - Finding 'running' jobs without a recent heartbeat
[2022-02-04 16:17:45,408] {manager.py:1069} INFO - Failing jobs without heartbeat after 2022-02-04 16:12:45.408874+00:00
[2022-02-04 16:17:55,436] {manager.py:1065} INFO - Finding 'running' jobs without a recent heartbeat
[2022-02-04 16:17:55,436] {manager.py:1069} INFO - Failing jobs without heartbeat after 2022-02-04 16:12:55.436918+00:00
[2022-02-04 16:18:05,464] {manager.py:1065} INFO - Finding 'running' jobs without a recent heartbeat
[2022-02-04 16:18:05,464] {manager.py:1069} INFO - Failing jobs without heartbeat after 2022-02-04 16:13:05.464312+00:00
[2022-02-04 16:18:05,473] {manager.py:784} INFO - 
================================================================================
DAG File Processing Stats

File Path                    PID  Runtime      # DAGs    # Errors  Last Runtime    Last Run
-------------------------  -----  ---------  --------  ----------  --------------  -------------------
/opt/airflow/dags/test.py    264  0.00s             1           0  0.06s           2022-02-04T16:17:35
================================================================================
[2022-02-04 16:18:15,502] {manager.py:1065} INFO - Finding 'running' jobs without a recent heartbeat
[2022-02-04 16:18:15,502] {manager.py:1069} INFO - Failing jobs without heartbeat after 2022-02-04 16:13:15.502325+00:00
[2022-02-04 16:18:25,530] {manager.py:1065} INFO - Finding 'running' jobs without a recent heartbeat
[2022-02-04 16:18:25,530] {manager.py:1069} INFO - Failing jobs without heartbeat after 2022-02-04 16:13:25.530837+00:00
[2022-02-04 16:18:34,558] {manager.py:663} INFO - Searching for files in /opt/airflow/dags
[2022-02-04 16:18:34,563] {manager.py:666} INFO - There are 1 files in /opt/airflow/dags
[2022-02-04 16:18:35,608] {manager.py:1065} INFO - Finding 'running' jobs without a recent heartbeat
[2022-02-04 16:18:35,608] {manager.py:1069} INFO - Failing jobs without heartbeat after 2022-02-04 16:13:35.608887+00:00
[2022-02-04 16:18:35,618] {manager.py:784} INFO - 
================================================================================
DAG File Processing Stats

File Path                    PID  Runtime      # DAGs    # Errors  Last Runtime    Last Run
-------------------------  -----  ---------  --------  ----------  --------------  -------------------
/opt/airflow/dags/test.py    285  0.00s             1           0  0.07s           2022-02-04T16:18:05
================================================================================
[2022-02-04 16:18:45,638] {manager.py:1065} INFO - Finding 'running' jobs without a recent heartbeat
[2022-02-04 16:18:45,639] {manager.py:1069} INFO - Failing jobs without heartbeat after 2022-02-04 16:13:45.639386+00:00
[2022-02-04 16:18:55,691] {manager.py:1065} INFO - Finding 'running' jobs without a recent heartbeat
[2022-02-04 16:18:55,691] {manager.py:1069} INFO - Failing jobs without heartbeat after 2022-02-04 16:13:55.691701+00:00
[2022-02-04 16:19:05,734] {manager.py:1065} INFO - Finding 'running' jobs without a recent heartbeat
[2022-02-04 16:19:05,734] {manager.py:1069} INFO - Failing jobs without heartbeat after 2022-02-04 16:14:05.734643+00:00
[2022-02-04 16:19:05,750] {manager.py:784} INFO - 
================================================================================
DAG File Processing Stats

File Path                    PID  Runtime      # DAGs    # Errors  Last Runtime    Last Run
-------------------------  -----  ---------  --------  ----------  --------------  -------------------
/opt/airflow/dags/test.py    316  0.00s             1           0  0.06s           2022-02-04T16:18:35
================================================================================
[2022-02-04 16:19:15,774] {manager.py:1065} INFO - Finding 'running' jobs without a recent heartbeat
[2022-02-04 16:19:15,775] {manager.py:1069} INFO - Failing jobs without heartbeat after 2022-02-04 16:14:15.775039+00:00
[2022-02-04 16:19:25,806] {manager.py:1065} INFO - Finding 'running' jobs without a recent heartbeat
[2022-02-04 16:19:25,807] {manager.py:1069} INFO - Failing jobs without heartbeat after 2022-02-04 16:14:25.807287+00:00
[2022-02-04 16:19:35,854] {manager.py:1065} INFO - Finding 'running' jobs without a recent heartbeat
[2022-02-04 16:19:35,854] {manager.py:1069} INFO - Failing jobs without heartbeat after 2022-02-04 16:14:35.854564+00:00
[2022-02-04 16:19:35,891] {manager.py:784} INFO - 
================================================================================
DAG File Processing Stats

File Path                    PID  Runtime      # DAGs    # Errors  Last Runtime    Last Run
-------------------------  -----  ---------  --------  ----------  --------------  -------------------
/opt/airflow/dags/test.py    338  0.01s             1           0  0.07s           2022-02-04T16:19:05
================================================================================
[2022-02-04 16:19:45,916] {manager.py:1065} INFO - Finding 'running' jobs without a recent heartbeat
[2022-02-04 16:19:45,916] {manager.py:1069} INFO - Failing jobs without heartbeat after 2022-02-04 16:14:45.916904+00:00
[2022-02-04 16:19:55,947] {manager.py:1065} INFO - Finding 'running' jobs without a recent heartbeat
[2022-02-04 16:19:55,947] {manager.py:1069} INFO - Failing jobs without heartbeat after 2022-02-04 16:14:55.947480+00:00
[2022-02-04 16:20:05,979] {manager.py:1065} INFO - Finding 'running' jobs without a recent heartbeat
[2022-02-04 16:20:05,979] {manager.py:1069} INFO - Failing jobs without heartbeat after 2022-02-04 16:15:05.979909+00:00
[2022-02-04 16:20:05,989] {manager.py:784} INFO - 
================================================================================
DAG File Processing Stats

File Path                    PID  Runtime      # DAGs    # Errors  Last Runtime    Last Run
-------------------------  -----  ---------  --------  ----------  --------------  -------------------
/opt/airflow/dags/test.py    369  0.00s             1           0  0.10s           2022-02-04T16:19:35
================================================================================
[2022-02-04 16:20:16,046] {manager.py:1065} INFO - Finding 'running' jobs without a recent heartbeat
[2022-02-04 16:20:16,046] {manager.py:1069} INFO - Failing jobs without heartbeat after 2022-02-04 16:15:16.046762+00:00
[2022-02-04 16:20:26,075] {manager.py:1065} INFO - Finding 'running' jobs without a recent heartbeat
[2022-02-04 16:20:26,075] {manager.py:1069} INFO - Failing jobs without heartbeat after 2022-02-04 16:15:26.075713+00:00
[2022-02-04 16:20:36,098] {manager.py:1065} INFO - Finding 'running' jobs without a recent heartbeat
[2022-02-04 16:20:36,099] {manager.py:1069} INFO - Failing jobs without heartbeat after 2022-02-04 16:15:36.099312+00:00
[2022-02-04 16:20:36,135] {manager.py:784} INFO - 
================================================================================
DAG File Processing Stats

File Path                    PID  Runtime      # DAGs    # Errors  Last Runtime    Last Run
-------------------------  -----  ---------  --------  ----------  --------------  -------------------
/opt/airflow/dags/test.py    392  0.01s             1           0  0.06s           2022-02-04T16:20:06
================================================================================
[2022-02-04 16:20:46,158] {manager.py:1065} INFO - Finding 'running' jobs without a recent heartbeat
[2022-02-04 16:20:46,158] {manager.py:1069} INFO - Failing jobs without heartbeat after 2022-02-04 16:15:46.158829+00:00
[2022-02-04 16:20:56,190] {manager.py:1065} INFO - Finding 'running' jobs without a recent heartbeat
[2022-02-04 16:20:56,190] {manager.py:1069} INFO - Failing jobs without heartbeat after 2022-02-04 16:15:56.190272+00:00
[2022-02-04 16:21:06,220] {manager.py:1065} INFO - Finding 'running' jobs without a recent heartbeat
[2022-02-04 16:21:06,220] {manager.py:1069} INFO - Failing jobs without heartbeat after 2022-02-04 16:16:06.220518+00:00
[2022-02-04 16:21:06,258] {manager.py:784} INFO - 
================================================================================
DAG File Processing Stats

File Path                    PID  Runtime      # DAGs    # Errors  Last Runtime    Last Run
-------------------------  -----  ---------  --------  ----------  --------------  -------------------
/opt/airflow/dags/test.py    413  0.01s             1           0  0.08s           2022-02-04T16:20:36
================================================================================
[2022-02-04 16:21:16,284] {manager.py:1065} INFO - Finding 'running' jobs without a recent heartbeat
[2022-02-04 16:21:16,285] {manager.py:1069} INFO - Failing jobs without heartbeat after 2022-02-04 16:16:16.285095+00:00
[2022-02-04 16:21:26,311] {manager.py:1065} INFO - Finding 'running' jobs without a recent heartbeat
[2022-02-04 16:21:26,311] {manager.py:1069} INFO - Failing jobs without heartbeat after 2022-02-04 16:16:26.311723+00:00
[2022-02-04 16:21:36,340] {manager.py:1065} INFO - Finding 'running' jobs without a recent heartbeat
[2022-02-04 16:21:36,341] {manager.py:1069} INFO - Failing jobs without heartbeat after 2022-02-04 16:16:36.341049+00:00
[2022-02-04 16:21:36,376] {manager.py:784} INFO - 
================================================================================
DAG File Processing Stats

File Path                    PID  Runtime      # DAGs    # Errors  Last Runtime    Last Run
-------------------------  -----  ---------  --------  ----------  --------------  -------------------
/opt/airflow/dags/test.py    444  0.01s             1           0  0.11s           2022-02-04T16:21:06
================================================================================
[2022-02-04 16:21:46,412] {manager.py:1065} INFO - Finding 'running' jobs without a recent heartbeat
[2022-02-04 16:21:46,413] {manager.py:1069} INFO - Failing jobs without heartbeat after 2022-02-04 16:16:46.413004+00:00
[2022-02-04 16:21:56,443] {manager.py:1065} INFO - Finding 'running' jobs without a recent heartbeat
[2022-02-04 16:21:56,443] {manager.py:1069} INFO - Failing jobs without heartbeat after 2022-02-04 16:16:56.443528+00:00
